This is pdfTeX, Version 3.141592653-2.6-1.40.25 (MiKTeX 24.1) (preloaded format=pdflatex 2025.4.3)  16 APR 2025 08:19
entering extended mode
 restricted \write18 enabled.
 file:line:error style messages enabled.
 %&-line parsing enabled.
**./00_Tijdsdilatatie_in_3D_Superfluïde_Æther_Model.tex
(00_Tijdsdilatatie_in_3D_Superfluïde_Æther_Model.tex
LaTeX2e <2024-11-01> patch level 2
L3 programming layer <2025-01-18>
(C:\Users\mr\AppData\Local\MiKTeX\tex/latex/revtex4\revtex4.cls
Document Class: revtex4 2020/09/30 v4.0a (http://publish.aps.org/revtex4/ for d
ocumentation)
 Copyright (c) 2001 The American Physical Society.
 mailto:revtex@aps.org
 Licensed under the LPPL:
http://www.ctan.org/tex-archive/macros/latex/base/lppl.txt
 Arthur Ogawa <ogawa@teleport.com>
 Based on work by David Carlisle <david@dcarlisle.demon.co.uk>.
ltxutil: portions licensed from W. E. Baxter (web@superscript.com)
Class revtex4 Info: Repairing broken LateX \@sect on input line 640.
\intertabularlinepenalty=\count196
\@tbpen=\count197
\@arstrutbox@hline=\box52
Class revtex4 Info: Repairing broken LaTeX \@xbitor on input line 1654.
ltxgrid: portions licensed from W. E. Baxter (web@superscript.com)
\c@linecount=\count198
\output=\toks17
\@protection@box=\box53
\@topmark@saved=\toks18
\footins@saved=\box54
\pagesofar=\box55
\footbox=\box56
\pagegrid@col=\count199
Class revtex4 Info: Incorporating package {textcase}  [1998/11/12 v0.06 Text on
ly upper/lower case changing (DPC)]. on input line 3736.
(C:\Users\mr\AppData\Local\MiKTeX\tex/latex/url\url.sty
\Urlmuskip=\muskip17
Package: url 2013/09/16  ver 3.4  Verb mode for urls, etc.
)
\c@affil=\count266
\absbox=\box57
\c@part=\count267
\c@section=\count268
\c@subsection=\count269
\c@subsubsection=\count270
\c@paragraph=\count271
\c@subparagraph=\count272
\abovecaptionskip=\skip49
\belowcaptionskip=\skip50
\c@figure=\count273
\c@table=\count274

(C:\Users\mr\AppData\Local\MiKTeX\tex/latex/natbib\natbib.sty
Package: natbib 2010/09/13 8.31b (PWD, AO)
\bibhang=\skip51
\bibsep=\skip52
LaTeX Info: Redefining \cite on input line 694.
\c@NAT@ctr=\count275
)
\widetext@top=\box58
\widetext@bot=\box59

(C:\Users\mr\AppData\Local\MiKTeX\tex/latex/revtex4\revsymb.sty
Package: revsymb 2020/09/30 v4.0a (http://publish.aps.org/revtex4/ for document
ation)
LaTeX Info: Redefining \REV@mathfrak on input line 118.
))

Class revtex4 Warning: No Society specified, using generic APS style.

(C:\Users\mr\AppData\Local\MiKTeX\tex/latex/revtex4\aps.rtx
File: aps.rtx 2020/09/30 v4.0a (http://publish.aps.org/revtex4/ for documentati
on)
)
(C:\Users\mr\AppData\Local\MiKTeX\tex/latex/revtex4\12pt.rtx
File: 12pt.rtx 2020/09/30 v4.0a (http://publish.aps.org/revtex4/ for documentat
ion)
)
(C:\Users\mr\AppData\Local\MiKTeX\tex/latex/geometry\geometry.sty
Package: geometry 2020/01/02 v5.9 Page Geometry

(C:\Users\mr\AppData\Local\MiKTeX\tex/latex/graphics\keyval.sty
Package: keyval 2022/05/29 v1.15 key=value parser (DPC)
\KV@toks@=\toks19
)
(C:\Users\mr\AppData\Local\MiKTeX\tex/generic/iftex\ifvtex.sty
Package: ifvtex 2019/10/25 v1.7 ifvtex legacy package. Use iftex instead.

(C:\Users\mr\AppData\Local\MiKTeX\tex/generic/iftex\iftex.sty
Package: iftex 2024/12/12 v1.0g TeX engine tests
))
\Gm@cnth=\count276
\Gm@cntv=\count277
\c@Gm@tempcnt=\count278
\Gm@bindingoffset=\dimen141
\Gm@wd@mp=\dimen142
\Gm@odd@mp=\dimen143
\Gm@even@mp=\dimen144
\Gm@layoutwidth=\dimen145
\Gm@layoutheight=\dimen146
\Gm@layouthoffset=\dimen147
\Gm@layoutvoffset=\dimen148
\Gm@dimlist=\toks20

(C:\Users\mr\AppData\Local\MiKTeX\tex/latex/geometry\geometry.cfg))
(C:\Users\mr\AppData\Local\Programs\MiKTeX\tex/latex/hyphenat\hyphenat.sty
Package: hyphenat 2009/09/02 v2.3c hyphenation utilities
\langwohyphens=\language79
LaTeX Info: Redefining \_ on input line 43.
)
(C:\Users\mr\AppData\Local\MiKTeX\tex/latex/amsmath\amsmath.sty
Package: amsmath 2024/11/05 v2.17t AMS math features
\@mathmargin=\skip53

For additional information on amsmath, use the `?' option.
(C:\Users\mr\AppData\Local\MiKTeX\tex/latex/amsmath\amstext.sty
Package: amstext 2021/08/26 v2.01 AMS text

(C:\Users\mr\AppData\Local\MiKTeX\tex/latex/amsmath\amsgen.sty
File: amsgen.sty 1999/11/30 v2.0 generic functions
\@emptytoks=\toks21
\ex@=\dimen149
))
(C:\Users\mr\AppData\Local\MiKTeX\tex/latex/amsmath\amsbsy.sty
Package: amsbsy 1999/11/29 v1.2d Bold Symbols
\pmbraise@=\dimen150
)
(C:\Users\mr\AppData\Local\MiKTeX\tex/latex/amsmath\amsopn.sty
Package: amsopn 2022/04/08 v2.04 operator names
)
\inf@bad=\count279
LaTeX Info: Redefining \frac on input line 233.
\uproot@=\count280
\leftroot@=\count281
LaTeX Info: Redefining \overline on input line 398.
LaTeX Info: Redefining \colon on input line 409.
\classnum@=\count282
\DOTSCASE@=\count283
LaTeX Info: Redefining \ldots on input line 495.
LaTeX Info: Redefining \dots on input line 498.
LaTeX Info: Redefining \cdots on input line 619.
\Mathstrutbox@=\box60
\strutbox@=\box61
LaTeX Info: Redefining \big on input line 721.
LaTeX Info: Redefining \Big on input line 722.
LaTeX Info: Redefining \bigg on input line 723.
LaTeX Info: Redefining \Bigg on input line 724.
\big@size=\dimen151
LaTeX Font Info:    Redeclaring font encoding OML on input line 742.
LaTeX Font Info:    Redeclaring font encoding OMS on input line 743.
\macc@depth=\count284
LaTeX Info: Redefining \bmod on input line 904.
LaTeX Info: Redefining \pmod on input line 909.
LaTeX Info: Redefining \smash on input line 939.
LaTeX Info: Redefining \relbar on input line 969.
LaTeX Info: Redefining \Relbar on input line 970.
\c@MaxMatrixCols=\count285
\dotsspace@=\muskip18
\c@parentequation=\count286
\dspbrk@lvl=\count287
\tag@help=\toks22
\row@=\count288
\column@=\count289
\maxfields@=\count290
\andhelp@=\toks23
\eqnshift@=\dimen152
\alignsep@=\dimen153
\tagshift@=\dimen154
\tagwidth@=\dimen155
\totwidth@=\dimen156
\lineht@=\dimen157
\@envbody=\toks24
\multlinegap=\skip54
\multlinetaggap=\skip55
\mathdisplay@stack=\toks25
LaTeX Info: Redefining \[ on input line 2953.
LaTeX Info: Redefining \] on input line 2954.
)
(C:\Users\mr\AppData\Local\MiKTeX\tex/latex/graphics\graphicx.sty
Package: graphicx 2021/09/16 v1.2d Enhanced LaTeX Graphics (DPC,SPQR)

(C:\Users\mr\AppData\Local\MiKTeX\tex/latex/graphics\graphics.sty
Package: graphics 2024/08/06 v1.4g Standard LaTeX Graphics (DPC,SPQR)

(C:\Users\mr\AppData\Local\MiKTeX\tex/latex/graphics\trig.sty
Package: trig 2023/12/02 v1.11 sin cos tan (DPC)
)
(C:\Users\mr\AppData\Local\MiKTeX\tex/latex/graphics-cfg\graphics.cfg
File: graphics.cfg 2016/06/04 v1.11 sample graphics configuration
)
Package graphics Info: Driver file: pdftex.def on input line 106.

(C:\Users\mr\AppData\Local\MiKTeX\tex/latex/graphics-def\pdftex.def
File: pdftex.def 2024/04/13 v1.2c Graphics/color driver for pdftex
))
\Gin@req@height=\dimen158
\Gin@req@width=\dimen159
)
(C:\Users\mr\AppData\Local\MiKTeX\tex/latex/hyperref\hyperref.sty
Package: hyperref 2024-11-05 v7.01l Hypertext links for LaTeX

(C:\Users\mr\AppData\Local\MiKTeX\tex/latex/kvsetkeys\kvsetkeys.sty
Package: kvsetkeys 2022-10-05 v1.19 Key value parser (HO)
)
(C:\Users\mr\AppData\Local\MiKTeX\tex/generic/kvdefinekeys\kvdefinekeys.sty
Package: kvdefinekeys 2019-12-19 v1.6 Define keys (HO)
)
(C:\Users\mr\AppData\Local\MiKTeX\tex/generic/pdfescape\pdfescape.sty
Package: pdfescape 2019/12/09 v1.15 Implements pdfTeX's escape features (HO)

(C:\Users\mr\AppData\Local\MiKTeX\tex/generic/ltxcmds\ltxcmds.sty
Package: ltxcmds 2023-12-04 v1.26 LaTeX kernel commands for general use (HO)
)
(C:\Users\mr\AppData\Local\MiKTeX\tex/generic/pdftexcmds\pdftexcmds.sty
Package: pdftexcmds 2020-06-27 v0.33 Utility functions of pdfTeX for LuaTeX (HO
)

(C:\Users\mr\AppData\Local\MiKTeX\tex/generic/infwarerr\infwarerr.sty
Package: infwarerr 2019/12/03 v1.5 Providing info/warning/error messages (HO)
)
Package pdftexcmds Info: \pdf@primitive is available.
Package pdftexcmds Info: \pdf@ifprimitive is available.
Package pdftexcmds Info: \pdfdraftmode found.
))
(C:\Users\mr\AppData\Local\MiKTeX\tex/latex/hycolor\hycolor.sty
Package: hycolor 2020-01-27 v1.10 Color options for hyperref/bookmark (HO)
)
(C:\Users\mr\AppData\Local\MiKTeX\tex/latex/hyperref\nameref.sty
Package: nameref 2023-11-26 v2.56 Cross-referencing by name of section

(C:\Users\mr\AppData\Local\MiKTeX\tex/latex/refcount\refcount.sty
Package: refcount 2019/12/15 v3.6 Data extraction from label references (HO)
)
(C:\Users\mr\AppData\Local\MiKTeX\tex/generic/gettitlestring\gettitlestring.sty
Package: gettitlestring 2019/12/15 v1.6 Cleanup title references (HO)
(C:\Users\mr\AppData\Local\MiKTeX\tex/latex/kvoptions\kvoptions.sty
Package: kvoptions 2022-06-15 v3.15 Key value format for package options (HO)
))

Package nameref Warning: The definition of \label has changed! 
(nameref)                Check your packages! 
(nameref)                Replacing it with the kernel definition on input line 
149.

\c@section@level=\count291
) (C:\Users\mr\AppData\Local\MiKTeX\tex/latex/etoolbox\etoolbox.sty
Package: etoolbox 2025/02/11 v2.5l e-TeX tools for LaTeX (JAW)
\etb@tempcnta=\count292
)
(C:\Users\mr\AppData\Local\MiKTeX\tex/generic/stringenc\stringenc.sty
Package: stringenc 2019/11/29 v1.12 Convert strings between diff. encodings (HO
)
)
\@linkdim=\dimen160
\Hy@linkcounter=\count293
\Hy@pagecounter=\count294

(C:\Users\mr\AppData\Local\MiKTeX\tex/latex/hyperref\pd1enc.def
File: pd1enc.def 2024-11-05 v7.01l Hyperref: PDFDocEncoding definition (HO)
Now handling font encoding PD1 ...
... no UTF-8 mapping file for font encoding PD1
)
(C:\Users\mr\AppData\Local\MiKTeX\tex/generic/intcalc\intcalc.sty
Package: intcalc 2019/12/15 v1.3 Expandable calculations with integers (HO)
)
\Hy@SavedSpaceFactor=\count295

(C:\Users\mr\AppData\Local\MiKTeX\tex/latex/hyperref\puenc.def
File: puenc.def 2024-11-05 v7.01l Hyperref: PDF Unicode definition (HO)
Now handling font encoding PU ...
... no UTF-8 mapping file for font encoding PU
)
Package hyperref Info: Hyper figures OFF on input line 4157.
Package hyperref Info: Link nesting OFF on input line 4162.
Package hyperref Info: Hyper index ON on input line 4165.
Package hyperref Info: Plain pages OFF on input line 4172.
Package hyperref Info: Backreferencing OFF on input line 4177.
Package hyperref Info: Implicit mode ON; LaTeX internals redefined.
Package hyperref Info: Bookmarks ON on input line 4424.
\c@Hy@tempcnt=\count296
LaTeX Info: Redefining \url on input line 4763.
\XeTeXLinkMargin=\dimen161

(C:\Users\mr\AppData\Local\MiKTeX\tex/generic/bitset\bitset.sty
Package: bitset 2019/12/09 v1.3 Handle bit-vector datatype (HO)

(C:\Users\mr\AppData\Local\MiKTeX\tex/generic/bigintcalc\bigintcalc.sty
Package: bigintcalc 2019/12/15 v1.5 Expandable calculations on big integers (HO
)
))
\Fld@menulength=\count297
\Field@Width=\dimen162
\Fld@charsize=\dimen163
Package hyperref Info: Hyper figures OFF on input line 6042.
Package hyperref Info: Link nesting OFF on input line 6047.
Package hyperref Info: Hyper index ON on input line 6050.
Package hyperref Info: backreferencing OFF on input line 6057.
Package hyperref Info: Link coloring OFF on input line 6062.
Package hyperref Info: Link coloring with OCG OFF on input line 6067.
Package hyperref Info: PDF/A mode OFF on input line 6072.

(C:\Users\mr\AppData\Local\MiKTeX\tex/latex/base\atbegshi-ltx.sty
Package: atbegshi-ltx 2021/01/10 v1.0c Emulation of the original atbegshi
package with kernel methods
)
\Hy@abspage=\count298
\c@Item=\count299
\c@Hfootnote=\count300
)
Package hyperref Info: Driver (autodetected): hpdftex.

(C:\Users\mr\AppData\Local\MiKTeX\tex/latex/hyperref\hpdftex.def
File: hpdftex.def 2024-11-05 v7.01l Hyperref driver for pdfTeX

(C:\Users\mr\AppData\Local\MiKTeX\tex/latex/base\atveryend-ltx.sty
Package: atveryend-ltx 2020/08/19 v1.0a Emulation of the original atveryend pac
kage
with kernel methods
)
\Fld@listcount=\count301
\c@bookmark@seq@number=\count302

(C:\Users\mr\AppData\Local\MiKTeX\tex/latex/rerunfilecheck\rerunfilecheck.sty
Package: rerunfilecheck 2022-07-10 v1.10 Rerun checks for auxiliary files (HO)

(C:\Users\mr\AppData\Local\MiKTeX\tex/generic/uniquecounter\uniquecounter.sty
Package: uniquecounter 2019/12/15 v1.4 Provide unlimited unique counter (HO)
)
Package uniquecounter Info: New unique counter `rerunfilecheck' on input line 2
85.
)
\Hy@SectionHShift=\skip56
) (C:\Users\mr\AppData\Local\MiKTeX\tex/latex/tools\array.sty
Package: array 2024/10/17 v2.6g Tabular extension package (FMi)
\col@sep=\dimen164
\ar@mcellbox=\box62
\extrarowheight=\dimen165
\NC@list=\toks26
\extratabsurround=\skip57
\backup@length=\skip58
\ar@cellbox=\box63
)
(C:\Users\mr\AppData\Local\MiKTeX\tex/latex/booktabs\booktabs.sty
Package: booktabs 2020/01/12 v1.61803398 Publication quality tables
\heavyrulewidth=\dimen166
\lightrulewidth=\dimen167
\cmidrulewidth=\dimen168
\belowrulesep=\dimen169
\belowbottomsep=\dimen170
\aboverulesep=\dimen171
\abovetopsep=\dimen172
\cmidrulesep=\dimen173
\cmidrulekern=\dimen174
\defaultaddspace=\dimen175
\@cmidla=\count303
\@cmidlb=\count304
\@aboverulesep=\dimen176
\@belowrulesep=\dimen177
\@thisruleclass=\count305
\@lastruleclass=\count306
\@thisrulewidth=\dimen178
)
(C:\Users\mr\AppData\Local\MiKTeX\tex/latex/amsfonts\amssymb.sty
Package: amssymb 2013/01/14 v3.01 AMS font symbols

(C:\Users\mr\AppData\Local\MiKTeX\tex/latex/amsfonts\amsfonts.sty
Package: amsfonts 2013/01/14 v3.01 Basic AMSFonts support
\symAMSa=\mathgroup4
\symAMSb=\mathgroup5
LaTeX Font Info:    Redeclaring math symbol \hbar on input line 98.
LaTeX Font Info:    Overwriting math alphabet `\mathfrak' in version `bold'
(Font)                  U/euf/m/n --> U/euf/b/n on input line 106.
LaTeX Info: Redefining \frak on input line 111.
LaTeX Info: Redefining \Bbb on input line 113.
))
(C:\Users\mr\AppData\Local\MiKTeX\tex/latex/local/physics\physics.sty
Package: physics 

(C:\Users\mr\AppData\Local\MiKTeX\tex/latex/l3packages/xparse\xparse.sty
(C:\Users\mr\AppData\Local\MiKTeX\tex/latex/l3kernel\expl3.sty
Package: expl3 2025-01-18 L3 programming layer (loader) 

(C:\Users\mr\AppData\Local\MiKTeX\tex/latex/l3backend\l3backend-pdftex.def
File: l3backend-pdftex.def 2024-05-08 L3 backend support: PDF output (pdfTeX)
\l__color_backend_stack_int=\count307
\l__pdf_internal_box=\box64
))
Package: xparse 2024-08-16 L3 Experimental document command parser
))
(C:\Users\mr\AppData\Local\MiKTeX\tex/latex/pgf/frontendlayer\tikz.sty
(C:\Users\mr\AppData\Local\MiKTeX\tex/latex/pgf/basiclayer\pgf.sty
(C:\Users\mr\AppData\Local\MiKTeX\tex/latex/pgf/utilities\pgfrcs.sty
(C:\Users\mr\AppData\Local\MiKTeX\tex/generic/pgf/utilities\pgfutil-common.tex
\pgfutil@everybye=\toks27
\pgfutil@tempdima=\dimen179
\pgfutil@tempdimb=\dimen180
) (C:\Users\mr\AppData\Local\MiKTeX\tex/generic/pgf/utilities\pgfutil-latex.def
\pgfutil@abb=\box65
) (C:\Users\mr\AppData\Local\MiKTeX\tex/generic/pgf/utilities\pgfrcs.code.tex
(C:\Users\mr\AppData\Local\MiKTeX\tex/generic/pgf\pgf.revision.tex)
Package: pgfrcs 2023-01-15 v3.1.10 (3.1.10)
))
Package: pgf 2023-01-15 v3.1.10 (3.1.10)

(C:\Users\mr\AppData\Local\MiKTeX\tex/latex/pgf/basiclayer\pgfcore.sty
(C:\Users\mr\AppData\Local\MiKTeX\tex/latex/pgf/systemlayer\pgfsys.sty
(C:\Users\mr\AppData\Local\MiKTeX\tex/generic/pgf/systemlayer\pgfsys.code.tex
Package: pgfsys 2023-01-15 v3.1.10 (3.1.10)

(C:\Users\mr\AppData\Local\MiKTeX\tex/generic/pgf/utilities\pgfkeys.code.tex
\pgfkeys@pathtoks=\toks28
\pgfkeys@temptoks=\toks29

(C:\Users\mr\AppData\Local\MiKTeX\tex/generic/pgf/utilities\pgfkeyslibraryfilte
red.code.tex
\pgfkeys@tmptoks=\toks30
))
\pgf@x=\dimen181
\pgf@y=\dimen182
\pgf@xa=\dimen183
\pgf@ya=\dimen184
\pgf@xb=\dimen185
\pgf@yb=\dimen186
\pgf@xc=\dimen187
\pgf@yc=\dimen188
\pgf@xd=\dimen189
\pgf@yd=\dimen190
\w@pgf@writea=\write3
\r@pgf@reada=\read2
\c@pgf@counta=\count308
\c@pgf@countb=\count309
\c@pgf@countc=\count310
\c@pgf@countd=\count311
\t@pgf@toka=\toks31
\t@pgf@tokb=\toks32
\t@pgf@tokc=\toks33
\pgf@sys@id@count=\count312

(C:\Users\mr\AppData\Local\MiKTeX\tex/generic/pgf/systemlayer\pgf.cfg
File: pgf.cfg 2023-01-15 v3.1.10 (3.1.10)
)
Driver file for pgf: pgfsys-pdftex.def

(C:\Users\mr\AppData\Local\MiKTeX\tex/generic/pgf/systemlayer\pgfsys-pdftex.def
File: pgfsys-pdftex.def 2023-01-15 v3.1.10 (3.1.10)

(C:\Users\mr\AppData\Local\MiKTeX\tex/generic/pgf/systemlayer\pgfsys-common-pdf
.def
File: pgfsys-common-pdf.def 2023-01-15 v3.1.10 (3.1.10)
)))
(C:\Users\mr\AppData\Local\MiKTeX\tex/generic/pgf/systemlayer\pgfsyssoftpath.co
de.tex
File: pgfsyssoftpath.code.tex 2023-01-15 v3.1.10 (3.1.10)
\pgfsyssoftpath@smallbuffer@items=\count313
\pgfsyssoftpath@bigbuffer@items=\count314
)
(C:\Users\mr\AppData\Local\MiKTeX\tex/generic/pgf/systemlayer\pgfsysprotocol.co
de.tex
File: pgfsysprotocol.code.tex 2023-01-15 v3.1.10 (3.1.10)
)) (C:\Users\mr\AppData\Local\MiKTeX\tex/latex/xcolor\xcolor.sty
Package: xcolor 2023/11/15 v3.01 LaTeX color extensions (UK)

(C:\Users\mr\AppData\Local\MiKTeX\tex/latex/graphics-cfg\color.cfg
File: color.cfg 2016/01/02 v1.6 sample color configuration
)
Package xcolor Info: Driver file: pdftex.def on input line 274.

(C:\Users\mr\AppData\Local\MiKTeX\tex/latex/graphics\mathcolor.ltx)
Package xcolor Info: Model `cmy' substituted by `cmy0' on input line 1350.
Package xcolor Info: Model `hsb' substituted by `rgb' on input line 1354.
Package xcolor Info: Model `RGB' extended on input line 1366.
Package xcolor Info: Model `HTML' substituted by `rgb' on input line 1368.
Package xcolor Info: Model `Hsb' substituted by `hsb' on input line 1369.
Package xcolor Info: Model `tHsb' substituted by `hsb' on input line 1370.
Package xcolor Info: Model `HSB' substituted by `hsb' on input line 1371.
Package xcolor Info: Model `Gray' substituted by `gray' on input line 1372.
Package xcolor Info: Model `wave' substituted by `hsb' on input line 1373.
)
(C:\Users\mr\AppData\Local\MiKTeX\tex/generic/pgf/basiclayer\pgfcore.code.tex
Package: pgfcore 2023-01-15 v3.1.10 (3.1.10)

(C:\Users\mr\AppData\Local\MiKTeX\tex/generic/pgf/math\pgfmath.code.tex
(C:\Users\mr\AppData\Local\MiKTeX\tex/generic/pgf/math\pgfmathutil.code.tex)
(C:\Users\mr\AppData\Local\MiKTeX\tex/generic/pgf/math\pgfmathparser.code.tex
\pgfmath@dimen=\dimen191
\pgfmath@count=\count315
\pgfmath@box=\box66
\pgfmath@toks=\toks34
\pgfmath@stack@operand=\toks35
\pgfmath@stack@operation=\toks36
)
(C:\Users\mr\AppData\Local\MiKTeX\tex/generic/pgf/math\pgfmathfunctions.code.te
x)
(C:\Users\mr\AppData\Local\MiKTeX\tex/generic/pgf/math\pgfmathfunctions.basic.c
ode.tex)
(C:\Users\mr\AppData\Local\MiKTeX\tex/generic/pgf/math\pgfmathfunctions.trigono
metric.code.tex)
(C:\Users\mr\AppData\Local\MiKTeX\tex/generic/pgf/math\pgfmathfunctions.random.
code.tex)
(C:\Users\mr\AppData\Local\MiKTeX\tex/generic/pgf/math\pgfmathfunctions.compari
son.code.tex)
(C:\Users\mr\AppData\Local\MiKTeX\tex/generic/pgf/math\pgfmathfunctions.base.co
de.tex)
(C:\Users\mr\AppData\Local\MiKTeX\tex/generic/pgf/math\pgfmathfunctions.round.c
ode.tex)
(C:\Users\mr\AppData\Local\MiKTeX\tex/generic/pgf/math\pgfmathfunctions.misc.co
de.tex)
(C:\Users\mr\AppData\Local\MiKTeX\tex/generic/pgf/math\pgfmathfunctions.integer
arithmetics.code.tex)
(C:\Users\mr\AppData\Local\MiKTeX\tex/generic/pgf/math\pgfmathcalc.code.tex)
(C:\Users\mr\AppData\Local\MiKTeX\tex/generic/pgf/math\pgfmathfloat.code.tex
\c@pgfmathroundto@lastzeros=\count316
))
(C:\Users\mr\AppData\Local\MiKTeX\tex/generic/pgf/math\pgfint.code.tex)
(C:\Users\mr\AppData\Local\MiKTeX\tex/generic/pgf/basiclayer\pgfcorepoints.code
.tex
File: pgfcorepoints.code.tex 2023-01-15 v3.1.10 (3.1.10)
\pgf@picminx=\dimen192
\pgf@picmaxx=\dimen193
\pgf@picminy=\dimen194
\pgf@picmaxy=\dimen195
\pgf@pathminx=\dimen196
\pgf@pathmaxx=\dimen197
\pgf@pathminy=\dimen198
\pgf@pathmaxy=\dimen199
\pgf@xx=\dimen256
\pgf@xy=\dimen257
\pgf@yx=\dimen258
\pgf@yy=\dimen259
\pgf@zx=\dimen260
\pgf@zy=\dimen261
)
(C:\Users\mr\AppData\Local\MiKTeX\tex/generic/pgf/basiclayer\pgfcorepathconstru
ct.code.tex
File: pgfcorepathconstruct.code.tex 2023-01-15 v3.1.10 (3.1.10)
\pgf@path@lastx=\dimen262
\pgf@path@lasty=\dimen263
)
(C:\Users\mr\AppData\Local\MiKTeX\tex/generic/pgf/basiclayer\pgfcorepathusage.c
ode.tex
File: pgfcorepathusage.code.tex 2023-01-15 v3.1.10 (3.1.10)
\pgf@shorten@end@additional=\dimen264
\pgf@shorten@start@additional=\dimen265
)
(C:\Users\mr\AppData\Local\MiKTeX\tex/generic/pgf/basiclayer\pgfcorescopes.code
.tex
File: pgfcorescopes.code.tex 2023-01-15 v3.1.10 (3.1.10)
\pgfpic=\box67
\pgf@hbox=\box68
\pgf@layerbox@main=\box69
\pgf@picture@serial@count=\count317
)
(C:\Users\mr\AppData\Local\MiKTeX\tex/generic/pgf/basiclayer\pgfcoregraphicstat
e.code.tex
File: pgfcoregraphicstate.code.tex 2023-01-15 v3.1.10 (3.1.10)
\pgflinewidth=\dimen266
)
(C:\Users\mr\AppData\Local\MiKTeX\tex/generic/pgf/basiclayer\pgfcoretransformat
ions.code.tex
File: pgfcoretransformations.code.tex 2023-01-15 v3.1.10 (3.1.10)
\pgf@pt@x=\dimen267
\pgf@pt@y=\dimen268
\pgf@pt@temp=\dimen269
)
(C:\Users\mr\AppData\Local\MiKTeX\tex/generic/pgf/basiclayer\pgfcorequick.code.
tex
File: pgfcorequick.code.tex 2023-01-15 v3.1.10 (3.1.10)
)
(C:\Users\mr\AppData\Local\MiKTeX\tex/generic/pgf/basiclayer\pgfcoreobjects.cod
e.tex
File: pgfcoreobjects.code.tex 2023-01-15 v3.1.10 (3.1.10)
)
(C:\Users\mr\AppData\Local\MiKTeX\tex/generic/pgf/basiclayer\pgfcorepathprocess
ing.code.tex
File: pgfcorepathprocessing.code.tex 2023-01-15 v3.1.10 (3.1.10)
)
(C:\Users\mr\AppData\Local\MiKTeX\tex/generic/pgf/basiclayer\pgfcorearrows.code
.tex
File: pgfcorearrows.code.tex 2023-01-15 v3.1.10 (3.1.10)
\pgfarrowsep=\dimen270
)
(C:\Users\mr\AppData\Local\MiKTeX\tex/generic/pgf/basiclayer\pgfcoreshade.code.
tex
File: pgfcoreshade.code.tex 2023-01-15 v3.1.10 (3.1.10)
\pgf@max=\dimen271
\pgf@sys@shading@range@num=\count318
\pgf@shadingcount=\count319
)
(C:\Users\mr\AppData\Local\MiKTeX\tex/generic/pgf/basiclayer\pgfcoreimage.code.
tex
File: pgfcoreimage.code.tex 2023-01-15 v3.1.10 (3.1.10)
)
(C:\Users\mr\AppData\Local\MiKTeX\tex/generic/pgf/basiclayer\pgfcoreexternal.co
de.tex
File: pgfcoreexternal.code.tex 2023-01-15 v3.1.10 (3.1.10)
\pgfexternal@startupbox=\box70
)
(C:\Users\mr\AppData\Local\MiKTeX\tex/generic/pgf/basiclayer\pgfcorelayers.code
.tex
File: pgfcorelayers.code.tex 2023-01-15 v3.1.10 (3.1.10)
)
(C:\Users\mr\AppData\Local\MiKTeX\tex/generic/pgf/basiclayer\pgfcoretransparenc
y.code.tex
File: pgfcoretransparency.code.tex 2023-01-15 v3.1.10 (3.1.10)
)
(C:\Users\mr\AppData\Local\MiKTeX\tex/generic/pgf/basiclayer\pgfcorepatterns.co
de.tex
File: pgfcorepatterns.code.tex 2023-01-15 v3.1.10 (3.1.10)
)
(C:\Users\mr\AppData\Local\MiKTeX\tex/generic/pgf/basiclayer\pgfcorerdf.code.te
x
File: pgfcorerdf.code.tex 2023-01-15 v3.1.10 (3.1.10)
)))
(C:\Users\mr\AppData\Local\MiKTeX\tex/generic/pgf/modules\pgfmoduleshapes.code.
tex
File: pgfmoduleshapes.code.tex 2023-01-15 v3.1.10 (3.1.10)
\pgfnodeparttextbox=\box71
)
(C:\Users\mr\AppData\Local\MiKTeX\tex/generic/pgf/modules\pgfmoduleplot.code.te
x
File: pgfmoduleplot.code.tex 2023-01-15 v3.1.10 (3.1.10)
)
(C:\Users\mr\AppData\Local\MiKTeX\tex/latex/pgf/compatibility\pgfcomp-version-0
-65.sty
Package: pgfcomp-version-0-65 2023-01-15 v3.1.10 (3.1.10)
\pgf@nodesepstart=\dimen272
\pgf@nodesepend=\dimen273
)
(C:\Users\mr\AppData\Local\MiKTeX\tex/latex/pgf/compatibility\pgfcomp-version-1
-18.sty
Package: pgfcomp-version-1-18 2023-01-15 v3.1.10 (3.1.10)
)) (C:\Users\mr\AppData\Local\MiKTeX\tex/latex/pgf/utilities\pgffor.sty
(C:\Users\mr\AppData\Local\MiKTeX\tex/latex/pgf/utilities\pgfkeys.sty
(C:\Users\mr\AppData\Local\MiKTeX\tex/generic/pgf/utilities\pgfkeys.code.tex))
(C:\Users\mr\AppData\Local\MiKTeX\tex/latex/pgf/math\pgfmath.sty
(C:\Users\mr\AppData\Local\MiKTeX\tex/generic/pgf/math\pgfmath.code.tex))
(C:\Users\mr\AppData\Local\MiKTeX\tex/generic/pgf/utilities\pgffor.code.tex
Package: pgffor 2023-01-15 v3.1.10 (3.1.10)
\pgffor@iter=\dimen274
\pgffor@skip=\dimen275
\pgffor@stack=\toks37
\pgffor@toks=\toks38
))
(C:\Users\mr\AppData\Local\MiKTeX\tex/generic/pgf/frontendlayer/tikz\tikz.code.
tex
Package: tikz 2023-01-15 v3.1.10 (3.1.10)

(C:\Users\mr\AppData\Local\MiKTeX\tex/generic/pgf/libraries\pgflibraryplothandl
ers.code.tex
File: pgflibraryplothandlers.code.tex 2023-01-15 v3.1.10 (3.1.10)
\pgf@plot@mark@count=\count320
\pgfplotmarksize=\dimen276
)
\tikz@lastx=\dimen277
\tikz@lasty=\dimen278
\tikz@lastxsaved=\dimen279
\tikz@lastysaved=\dimen280
\tikz@lastmovetox=\dimen281
\tikz@lastmovetoy=\dimen282
\tikzleveldistance=\dimen283
\tikzsiblingdistance=\dimen284
\tikz@figbox=\box72
\tikz@figbox@bg=\box73
\tikz@tempbox=\box74
\tikz@tempbox@bg=\box75
\tikztreelevel=\count321
\tikznumberofchildren=\count322
\tikznumberofcurrentchild=\count323
\tikz@fig@count=\count324

(C:\Users\mr\AppData\Local\MiKTeX\tex/generic/pgf/modules\pgfmodulematrix.code.
tex
File: pgfmodulematrix.code.tex 2023-01-15 v3.1.10 (3.1.10)
\pgfmatrixcurrentrow=\count325
\pgfmatrixcurrentcolumn=\count326
\pgf@matrix@numberofcolumns=\count327
)
\tikz@expandcount=\count328

(C:\Users\mr\AppData\Local\MiKTeX\tex/generic/pgf/frontendlayer/tikz/libraries\
tikzlibrarytopaths.code.tex
File: tikzlibrarytopaths.code.tex 2023-01-15 v3.1.10 (3.1.10)
)))
(C:\Users\mr\AppData\Local\MiKTeX\tex/generic/pgf/libraries\pgflibraryarrows.me
ta.code.tex
File: pgflibraryarrows.meta.code.tex 2023-01-15 v3.1.10 (3.1.10)
\pgfarrowinset=\dimen285
\pgfarrowlength=\dimen286
\pgfarrowwidth=\dimen287
\pgfarrowlinewidth=\dimen288
) (C:\Users\mr\AppData\Local\MiKTeX\tex/latex/pgfplots\pgfplots.sty
(C:\Users\mr\AppData\Local\MiKTeX\tex/generic/pgfplots\pgfplots.revision.tex)
Package: pgfplots 2021/05/15 v1.18.1 Data Visualization (1.18.1)

(C:\Users\mr\AppData\Local\MiKTeX\tex/generic/pgfplots\pgfplots.code.tex
(C:\Users\mr\AppData\Local\MiKTeX\tex/generic/pgfplots\pgfplotscore.code.tex
\t@pgfplots@toka=\toks39
\t@pgfplots@tokb=\toks40
\t@pgfplots@tokc=\toks41
\pgfplots@tmpa=\dimen289
\c@pgfplots@coordindex=\count329
\c@pgfplots@scanlineindex=\count330

(C:\Users\mr\AppData\Local\MiKTeX\tex/generic/pgfplots/sys\pgfplotssysgeneric.c
ode.tex))
(C:\Users\mr\AppData\Local\MiKTeX\tex/generic/pgfplots/libs\pgfplotslibrary.cod
e.tex)
(C:\Users\mr\AppData\Local\MiKTeX\tex/generic/pgfplots/oldpgfcompatib\pgfplotso
ldpgfsupp_loader.code.tex
(C:\Users\mr\AppData\Local\MiKTeX\tex/generic/pgf/libraries\pgflibraryfpu.code.
tex)
Package pgfplots: loading complementary utilities for your pgf version...
\t@pgf@toka=\toks42
\t@pgf@tokb=\toks43
\t@pgf@tokc=\toks44

(C:\Users\mr\AppData\Local\MiKTeX\tex/generic/pgfplots/oldpgfcompatib\pgfplotso
ldpgfsupp_pgfutil-common-lists.tex))
(C:\Users\mr\AppData\Local\MiKTeX\tex/generic/pgfplots/util\pgfplotsutil.code.t
ex
(C:\Users\mr\AppData\Local\MiKTeX\tex/generic/pgfplots/liststructure\pgfplotsli
ststructure.code.tex)
(C:\Users\mr\AppData\Local\MiKTeX\tex/generic/pgfplots/liststructure\pgfplotsli
ststructureext.code.tex)
(C:\Users\mr\AppData\Local\MiKTeX\tex/generic/pgfplots/liststructure\pgfplotsar
ray.code.tex
\c@pgfplotsarray@tmp=\count331
)
(C:\Users\mr\AppData\Local\MiKTeX\tex/generic/pgfplots/liststructure\pgfplotsma
trix.code.tex)
(C:\Users\mr\AppData\Local\MiKTeX\tex/generic/pgfplots/numtable\pgfplotstablesh
ared.code.tex
\c@pgfplotstable@counta=\count332
\t@pgfplotstable@a=\toks45
)
(C:\Users\mr\AppData\Local\MiKTeX\tex/generic/pgfplots/liststructure\pgfplotsde
que.code.tex)
(C:\Users\mr\AppData\Local\MiKTeX\tex/generic/pgfplots/util\pgfplotsbinary.code
.tex
(C:\Users\mr\AppData\Local\MiKTeX\tex/generic/pgfplots/util\pgfplotsbinary.data
.code.tex))
(C:\Users\mr\AppData\Local\MiKTeX\tex/generic/pgfplots/util\pgfplotsutil.verb.c
ode.tex)
(C:\Users\mr\AppData\Local\MiKTeX\tex/generic/pgfplots/libs\pgflibrarypgfplots.
surfshading.code.tex
\c@pgfplotslibrarysurf@no=\count333

(C:\Users\mr\AppData\Local\MiKTeX\tex/generic/pgfplots/sys\pgflibrarypgfplots.s
urfshading.pgfsys-pdftex.def)))
(C:\Users\mr\AppData\Local\MiKTeX\tex/generic/pgfplots/util\pgfplotscolormap.co
de.tex
(C:\Users\mr\AppData\Local\MiKTeX\tex/generic/pgfplots/util\pgfplotscolor.code.
tex))
(C:\Users\mr\AppData\Local\MiKTeX\tex/generic/pgfplots\pgfplotsstackedplots.cod
e.tex)
(C:\Users\mr\AppData\Local\MiKTeX\tex/generic/pgfplots\pgfplotsplothandlers.cod
e.tex
(C:\Users\mr\AppData\Local\MiKTeX\tex/generic/pgfplots\pgfplotsmeshplothandler.
code.tex
(C:\Users\mr\AppData\Local\MiKTeX\tex/generic/pgfplots\pgfplotsmeshplotimage.co
de.tex)))
(C:\Users\mr\AppData\Local\MiKTeX\tex/generic/pgfplots\pgfplots.scaling.code.te
x)
(C:\Users\mr\AppData\Local\MiKTeX\tex/generic/pgfplots\pgfplotscoordprocessing.
code.tex)
(C:\Users\mr\AppData\Local\MiKTeX\tex/generic/pgfplots\pgfplots.errorbars.code.
tex)
(C:\Users\mr\AppData\Local\MiKTeX\tex/generic/pgfplots\pgfplots.markers.code.te
x)
(C:\Users\mr\AppData\Local\MiKTeX\tex/generic/pgfplots\pgfplotsticks.code.tex)
(C:\Users\mr\AppData\Local\MiKTeX\tex/generic/pgfplots\pgfplots.paths.code.tex)

(C:\Users\mr\AppData\Local\MiKTeX\tex/generic/pgf/frontendlayer/tikz/libraries\
tikzlibrarydecorations.code.tex
(C:\Users\mr\AppData\Local\MiKTeX\tex/generic/pgf/modules\pgfmoduledecorations.
code.tex
\pgfdecoratedcompleteddistance=\dimen290
\pgfdecoratedremainingdistance=\dimen291
\pgfdecoratedinputsegmentcompleteddistance=\dimen292
\pgfdecoratedinputsegmentremainingdistance=\dimen293
\pgf@decorate@distancetomove=\dimen294
\pgf@decorate@repeatstate=\count334
\pgfdecorationsegmentamplitude=\dimen295
\pgfdecorationsegmentlength=\dimen296
)
\tikz@lib@dec@box=\box76
)
(C:\Users\mr\AppData\Local\MiKTeX\tex/generic/pgf/frontendlayer/tikz/libraries\
tikzlibrarydecorations.pathmorphing.code.tex
(C:\Users\mr\AppData\Local\MiKTeX\tex/generic/pgf/libraries/decorations\pgflibr
arydecorations.pathmorphing.code.tex))
(C:\Users\mr\AppData\Local\MiKTeX\tex/generic/pgf/frontendlayer/tikz/libraries\
tikzlibrarydecorations.pathreplacing.code.tex
(C:\Users\mr\AppData\Local\MiKTeX\tex/generic/pgf/libraries/decorations\pgflibr
arydecorations.pathreplacing.code.tex))
(C:\Users\mr\AppData\Local\MiKTeX\tex/generic/pgfplots/libs\tikzlibrarypgfplots
.contourlua.code.tex)
\pgfplots@numplots=\count335
\pgfplots@xmin@reg=\dimen297
\pgfplots@xmax@reg=\dimen298
\pgfplots@ymin@reg=\dimen299
\pgfplots@ymax@reg=\dimen300
\pgfplots@zmin@reg=\dimen301
\pgfplots@zmax@reg=\dimen302
)
(C:\Users\mr\AppData\Local\MiKTeX\tex/generic/pgf/frontendlayer/tikz/libraries\
tikzlibraryplotmarks.code.tex
File: tikzlibraryplotmarks.code.tex 2023-01-15 v3.1.10 (3.1.10)

(C:\Users\mr\AppData\Local\MiKTeX\tex/generic/pgf/libraries\pgflibraryplotmarks
.code.tex
File: pgflibraryplotmarks.code.tex 2023-01-15 v3.1.10 (3.1.10)
)))
(C:/Users\mr\IdeaProjects\VAM\out\00_Tijdsdilatatie_in_3D_Superfluïde_Æther_M
odel.aux)
\openout1 = `00_Tijdsdilatatie_in_3D_Superfluïde_Æther_Model.aux'.

LaTeX Font Info:    Checking defaults for OML/cmm/m/it on input line 18.
LaTeX Font Info:    ... okay on input line 18.
LaTeX Font Info:    Checking defaults for OMS/cmsy/m/n on input line 18.
LaTeX Font Info:    ... okay on input line 18.
LaTeX Font Info:    Checking defaults for OT1/cmr/m/n on input line 18.
LaTeX Font Info:    ... okay on input line 18.
LaTeX Font Info:    Checking defaults for T1/cmr/m/n on input line 18.
LaTeX Font Info:    ... okay on input line 18.
LaTeX Font Info:    Checking defaults for TS1/cmr/m/n on input line 18.
LaTeX Font Info:    ... okay on input line 18.
LaTeX Font Info:    Checking defaults for OMX/cmex/m/n on input line 18.
LaTeX Font Info:    ... okay on input line 18.
LaTeX Font Info:    Checking defaults for U/cmr/m/n on input line 18.
LaTeX Font Info:    ... okay on input line 18.
LaTeX Font Info:    Checking defaults for PD1/pdf/m/n on input line 18.
LaTeX Font Info:    ... okay on input line 18.
LaTeX Font Info:    Checking defaults for PU/pdf/m/n on input line 18.
LaTeX Font Info:    ... okay on input line 18.
Class revtex4 Info: Unrecognized array package. Please update this document cla
ss! (Proceeding with fingers crossed.) on input line 18.
Class revtex4 Info: cite was not loaded (OK!) on input line 18.
Class revtex4 Info: multicol was not loaded (OK!) on input line 18.

*geometry* driver: auto-detecting
*geometry* detected driver: pdftex
*geometry* verbose mode - [ preamble ] result:
* driver: pdftex
* paper: custom
* layout: <same size as paper>
* layoutoffset:(h,v)=(0.0pt,0.0pt)
* modes: 
* h-part:(L,W,R)=(71.13188pt, 455.24411pt, 71.13188pt)
* v-part:(T,H,B)=(71.13188pt, 702.78308pt, 71.13188pt)
* \paperwidth=597.50787pt
* \paperheight=845.04684pt
* \textwidth=455.24411pt
* \textheight=702.78308pt
* \oddsidemargin=-1.1381pt
* \evensidemargin=-1.1381pt
* \topmargin=-38.1381pt
* \headheight=12.0pt
* \headsep=25.0pt
* \topskip=10.0pt
* \footskip=30.0pt
* \marginparwidth=44.0pt
* \marginparsep=10.0pt
* \columnsep=10.0pt
* \skip\footins=25.25pt plus 4.0pt minus 2.0pt
* \hoffset=0.0pt
* \voffset=0.0pt
* \mag=1000
* \@twocolumnfalse
* \@twosidefalse
* \@mparswitchfalse
* \@reversemarginfalse
* (1in=72.27pt=25.4mm, 1cm=28.453pt)

(C:\Users\mr\AppData\Local\MiKTeX\tex/context/base/mkii\supp-pdf.mkii
[Loading MPS to PDF converter (version 2006.09.02).]
\scratchcounter=\count336
\scratchdimen=\dimen303
\scratchbox=\box77
\nofMPsegments=\count337
\nofMParguments=\count338
\everyMPshowfont=\toks46
\MPscratchCnt=\count339
\MPscratchDim=\dimen304
\MPnumerator=\count340
\makeMPintoPDFobject=\count341
\everyMPtoPDFconversion=\toks47
) (C:\Users\mr\AppData\Local\MiKTeX\tex/latex/epstopdf-pkg\epstopdf-base.sty
Package: epstopdf-base 2020-01-24 v2.11 Base part for package epstopdf
Package epstopdf-base Info: Redefining graphics rule for `.eps' on input line 4
85.

(C:\Users\mr\AppData\Local\MiKTeX\tex/latex/00miktex\epstopdf-sys.cfg
File: epstopdf-sys.cfg 2021/03/18 v2.0 Configuration of epstopdf for MiKTeX
))
Package hyperref Info: Link coloring OFF on input line 18.

(C:/Users\mr\IdeaProjects\VAM\out\00_Tijdsdilatatie_in_3D_Superfluïde_Æther_M
odel.out)
(C:/Users\mr\IdeaProjects\VAM\out\00_Tijdsdilatatie_in_3D_Superfluïde_Æther_M
odel.out)
\@outlinefile=\write4
\openout4 = `00_Tijdsdilatatie_in_3D_Superfluïde_Æther_Model.out'.


Package pgfplots notification 'compat/show suggested version=true': document ha
s been generated with the most recent feature set (\pgfplotsset{compat=1.18}).

LaTeX Font Info:    Trying to load font information for U+msa on input line 26.

(C:\Users\mr\AppData\Local\MiKTeX\tex/latex/amsfonts\umsa.fd
File: umsa.fd 2013/01/14 v3.01 AMS symbols A
)
LaTeX Font Info:    Trying to load font information for U+msb on input line 26.


(C:\Users\mr\AppData\Local\MiKTeX\tex/latex/amsfonts\umsb.fd
File: umsb.fd 2013/01/14 v3.01 AMS symbols B
)
<cylinder_flow.png, id=85, 505.89pt x 361.35pt>
File: cylinder_flow.png Graphic file (type png)
<use cylinder_flow.png>
Package pdftex.def Info: cylinder_flow.png  used on input line 36.
(pdftex.def)             Requested size: 386.96027pt x 276.40428pt.

Overfull \hbox (27.6904pt too wide) in paragraph at lines 73--74
[][] 
 []

(01_introductie.tex [1{C:/Users/mr/AppData/Local/MiKTeX/fonts/map/pdftex/pdftex
.map}]) (02_supervloeistof_æther_geraamte.tex [2 <./cylinder_flow.png>]
<combined_flow.png, id=111, 1084.05pt x 361.35pt>
File: combined_flow.png Graphic file (type png)
<use combined_flow.png>
Package pdftex.def Info: combined_flow.png  used on input line 7.
(pdftex.def)             Requested size: 386.96027pt x 128.98866pt.


LaTeX Warning: Command \ae invalid in math mode on input line 17.

[3 <./combined_flow.png>]
Underfull \hbox (badness 1668) in paragraph at lines 19--21
\OT1/cmr/m/n/12 Materiedeeltjes wor-den gemod-elleerd als sta-biele, topol-o-gi
sch gecon-serveerde
 []


Underfull \hbox (badness 2359) in paragraph at lines 19--21
\OT1/cmr/m/n/12 wervel-knopen. Vol-gens Kelvin [[]] is een atoom of fun-da-ment
eel deeltje
 []


Underfull \hbox (badness 1117) in paragraph at lines 19--21
\OT1/cmr/m/n/12 een gek-wan-tiseerde wervel-lus of -knoop in de ^^Zther. Het he
eft een goed
 []


Underfull \hbox (badness 6141) in paragraph at lines 25--27
\OT1/cmr/m/n/12 Temperatuur, en-tropie en ther-mis-che fluc-tu-aties ontstaan s
tatis-tisch uit
 []

[4]
<2-ÆtherSuperfluïde.png, id=130, 505.89pt x 505.89pt>
File: 2-ÆtherSuperfluïde.png Graphic file (type png)
<use 2-ÆtherSuperfluïde.png>
Package pdftex.def Info: 2-ÆtherSuperfluïde.png  used on input line 40.
(pdftex.def)             Requested size: 386.96027pt x 386.96597pt.

Underfull \hbox (badness 1087) in paragraph at lines 58--59
\OT1/cmr/m/n/12 de zwaartekracht tussen twee zwarte gaten kan $\OML/cmm/m/it/12
 F[]$ \OT1/cmr/m/n/12 niet over-schri-j-den. In de
 []

[5]) (03_vortex_klokken.tex
(C:\Users\mr\AppData\Local\MiKTeX\tex/generic/pgf/frontendlayer/tikz/libraries\
tikzlibrarydecorations.markings.code.tex
(C:\Users\mr\AppData\Local\MiKTeX\tex/generic/pgf/libraries/decorations\pgflibr
arydecorations.markings.code.tex))

LaTeX Warning: Command \ae invalid in math mode on input line 35.

[6 <./2-ÆtherSuperfluïde.png>] [7]) (04_speciale_relativiteit.tex [8]
<3-TijdsdilatatieBeweging.png, id=161, 867.24pt x 433.62pt>
File: 3-TijdsdilatatieBeweging.png Graphic file (type png)
<use 3-TijdsdilatatieBeweging.png>
Package pdftex.def Info: 3-TijdsdilatatieBeweging.png  used on input line 11.
(pdftex.def)             Requested size: 386.96027pt x 193.47969pt.

Underfull \hbox (badness 1603) in paragraph at lines 28--29
\OT1/cmr/m/n/12 samen-druk-baar medium met sig-naal-snel-heid $\OML/cmm/m/it/12
 c$ \OT1/cmr/m/n/12 ver-vormin-gen evenredig aan $\OML/cmm/m/it/12 ^^M \OT1/cmr
/m/n/12 =
 []

[9 <./3-TijdsdilatatieBeweging.png>]) (05_gravitationele_tijd_dilatatie.tex
Underfull \hbox (badness 1838) in paragraph at lines 3--4
[]\OT1/cmr/m/n/12 In de al-gemene rel-a-tiviteit-s-the-o-rie lopen klokken diep
er in een grav-i-ta-tionele
 []


Underfull \hbox (badness 2818) in paragraph at lines 3--4
\OT1/cmr/m/n/12 po-ten-ti-aalput langza-mer vergeleken met klokken met hogere p
o-ten-tialen. We
 []


Underfull \hbox (badness 5161) in paragraph at lines 3--4
\OT1/cmr/m/n/12 re-pro-duc-eren dit re-sul-taat met be-hulp van ^^Zther-stroomv
elden in plaats van
 []

<4-GravitationeleÆtherinstroom.png, id=171, 505.89pt x 505.89pt>
File: 4-GravitationeleÆtherinstroom.png Graphic file (type png)
<use 4-GravitationeleÆtherinstroom.png>
Package pdftex.def Info: 4-GravitationeleÆtherinstroom.png  used on input line
 15.
(pdftex.def)             Requested size: 386.96027pt x 386.96597pt.

Underfull \hbox (badness 1205) in paragraph at lines 20--21
[]\OT1/cmr/m/n/12 Dit weer-spiegelt de Painlev^^Se-Gullstrand-metriek en het ri
v-ier-model van zwarte
 []

[10] [11 <./4-GravitationeleÆtherinstroom.png>])
(06_gecombineerde_effecten.tex
<5-BaanRondMassa.png, id=189, 578.16pt x 578.16pt>
File: 5-BaanRondMassa.png Graphic file (type png)
<use 5-BaanRondMassa.png>
Package pdftex.def Info: 5-BaanRondMassa.png  used on input line 30.
(pdftex.def)             Requested size: 386.96027pt x 386.95937pt.
 [12]
<6-HorizonTijdsbevriezing.png, id=195, 578.16pt x 578.16pt>
File: 6-HorizonTijdsbevriezing.png Graphic file (type png)
<use 6-HorizonTijdsbevriezing.png>
Package pdftex.def Info: 6-HorizonTijdsbevriezing.png  used on input line 49.
(pdftex.def)             Requested size: 386.96027pt x 386.95937pt.
 [13 <./5-BaanRondMassa.png>]
<7-TijdsvertragingRelatieveBeweging.png, id=204, 578.16pt x 361.35pt>
File: 7-TijdsvertragingRelatieveBeweging.png Graphic file (type png)
<use 7-TijdsvertragingRelatieveBeweging.png>
Package pdftex.def Info: 7-TijdsvertragingRelatieveBeweging.png  used on input 
line 69.
(pdftex.def)             Requested size: 386.96027pt x 241.84961pt.
)
(07_conclusie.tex
Underfull \hbox (badness 1152) in paragraph at lines 3--4
[]\OT1/cmr/m/n/12 We hebben ti-jds-di-latatiewet-ten afgeleid bin-nen een 3D Eu
-clidisch ^^Zther-model,
 []

[14 <./6-HorizonTijdsbevriezing.png>] [15 <./7-TijdsvertragingRelatieveBeweging
.png>])
Underfull \hbox (badness 1831) in paragraph at lines 31--87
\OT1/cmr/m/n/12 om-vat-ten. De her-in-ter-pre-tatie van hor-i-zon-ten van zwart
e gaten, grav-i-ta-tionele
 []


(C:/Users\mr\IdeaProjects\VAM\out\00_Tijdsdilatatie_in_3D_Superfluïde_Æther_M
odel.bbl [16]) [17]
(C:/Users\mr\IdeaProjects\VAM\out\00_Tijdsdilatatie_in_3D_Superfluïde_Æther_M
odel.aux)
 ***********
LaTeX2e <2024-11-01> patch level 2
L3 programming layer <2025-01-18>
 ***********
Package rerunfilecheck Info: File `00_Tijdsdilatatie_in_3D_Superfluïde_Æther_
Model.out' has not changed.
(rerunfilecheck)             Checksum: 44072B5523C29E1365905B15201586E2;3545.
 ) 
Here is how much of TeX's memory you used:
 33608 strings out of 473562
 771351 string characters out of 5721500
 1312248 words of memory out of 5000000
 56212 multiletter control sequences out of 15000+600000
 568211 words of font info for 75 fonts, out of 8000000 for 9000
 1141 hyphenation exceptions out of 8191
 84i,7n,93p,1202b,1119s stack positions out of 10000i,1000n,20000p,200000b,200000s
 <C:\Users\mr\AppData\Local\MiKTeX\fonts/pk/ljfour/jknappen/ec/dpi600\tcrm120
0.pk><C:/Users/mr/AppData/Local/MiKTeX/fonts/type1/public/amsfonts/cm/cmbx10.pf
b><C:/Users/mr/AppData/Local/MiKTeX/fonts/type1/public/amsfonts/cm/cmbx12.pfb><
C:/Users/mr/AppData/Local/MiKTeX/fonts/type1/public/amsfonts/cm/cmex10.pfb><C:/
Users/mr/AppData/Local/MiKTeX/fonts/type1/public/amsfonts/cm/cmmi10.pfb><C:/Use
rs/mr/AppData/Local/MiKTeX/fonts/type1/public/amsfonts/cm/cmmi12.pfb><C:/Users/
mr/AppData/Local/MiKTeX/fonts/type1/public/amsfonts/cm/cmmi8.pfb><C:/Users/mr/A
ppData/Local/MiKTeX/fonts/type1/public/amsfonts/cm/cmr10.pfb><C:/Users/mr/AppDa
ta/Local/MiKTeX/fonts/type1/public/amsfonts/cm/cmr12.pfb><C:/Users/mr/AppData/L
ocal/MiKTeX/fonts/type1/public/amsfonts/cm/cmr8.pfb><C:/Users/mr/AppData/Local/
MiKTeX/fonts/type1/public/amsfonts/cm/cmsy10.pfb><C:/Users/mr/AppData/Local/MiK
TeX/fonts/type1/public/amsfonts/cm/cmsy7.pfb><C:/Users/mr/AppData/Local/MiKTeX/
fonts/type1/public/amsfonts/cm/cmsy8.pfb><C:/Users/mr/AppData/Local/MiKTeX/font
s/type1/public/amsfonts/cm/cmti10.pfb><C:/Users/mr/AppData/Local/MiKTeX/fonts/t
ype1/public/amsfonts/cm/cmti12.pfb><C:/Users/mr/AppData/Local/MiKTeX/fonts/type
1/public/amsfonts/symbols/msbm10.pfb>
Output written on C:/Users\mr\IdeaProjects\VAM\out\00_Tijdsdilatatie_in_3D_Supe
rfluïde_Æther_Model.pdf (17 pages, 1611572 bytes).
PDF statistics:
 311 PDF objects out of 1000 (max. 8388607)
 61 named destinations out of 1000 (max. 500000)
 205 words of extra memory for PDF output out of 10000 (max. 10000000)

