\BOOKMARK [2][-]{section*.1}{\376\377\000T\000h\000e\000\040\000\306\000t\000h\000e\000r\000\040\000R\000e\000v\000i\000s\000i\000t\000e\000d\000:\000\040\000F\000r\000o\000m\000\040\000H\000i\000s\000t\000o\000r\000i\000c\000a\000l\000\040\000S\000u\000b\000s\000t\000r\000a\000t\000e\000\040\000t\000o\000\040\000V\000o\000r\000t\000i\000c\000i\000t\000y\000\040\000F\000i\000e\000l\000d}{}% 1
\BOOKMARK [1][-]{section*.2}{\376\377\000P\000o\000s\000t\000u\000l\000a\000t\000e\000s\000\040\000o\000f\000\040\000t\000h\000e\000\040\000V\000o\000r\000t\000e\000x\000\040\000\306\000t\000h\000e\000r\000\040\000F\000r\000a\000m\000e\000w\000o\000r\000k}{}% 2
\BOOKMARK [2][-]{section*.3}{\376\377\000V\000A\000M\000\040\000C\000o\000n\000s\000t\000a\000n\000t\000s\000\040\000a\000n\000d\000\040\000S\000c\000a\000l\000i\000n\000g}{section*.2}% 3
\BOOKMARK [2][-]{section*.4}{\376\377\000P\000l\000a\000n\000c\000k\000-\000S\000c\000a\000l\000e\000\040\000D\000e\000r\000i\000v\000a\000t\000i\000o\000n\000\040\000o\000f\000\040\000M\000a\000x\000i\000m\000u\000m\000\040\000V\000o\000r\000t\000e\000x\000\040\000F\000o\000r\000c\000e}{section*.2}% 4
\BOOKMARK [2][-]{section*.5}{\376\377\000D\000e\000r\000i\000v\000e\000d\000\040\000R\000e\000l\000a\000t\000i\000o\000n\000s\000h\000i\000p\000s}{section*.2}% 5
\BOOKMARK [2][-]{section*.6}{\376\377\000T\000o\000p\000o\000l\000o\000g\000i\000c\000a\000l\000\040\000M\000a\000s\000s\000\040\000S\000c\000a\000l\000i\000n\000g\000\040\000v\000i\000a\000\040\000K\000n\000o\000t\000\040\000E\000n\000e\000r\000g\000y}{section*.2}% 6
\BOOKMARK [2][-]{section*.7}{\376\377\000I\000n\000t\000r\000o\000d\000u\000c\000t\000i\000o\000n\000\040\000t\000o\000\040\000F\000l\000u\000i\000d\000\040\000D\000y\000n\000a\000m\000i\000c\000s\000\040\000a\000n\000d\000\040\000V\000o\000r\000t\000i\000c\000i\000t\000y\000\040\000C\000o\000n\000s\000e\000r\000v\000a\000t\000i\000o\000n}{section*.2}% 7
\BOOKMARK [2][-]{section*.8}{\376\377\000V\000o\000r\000t\000i\000c\000i\000t\000y\000-\000I\000n\000d\000u\000c\000e\000d\000\040\000G\000r\000a\000v\000i\000t\000y}{section*.2}% 8
\BOOKMARK [2][-]{section*.9}{\376\377\000E\000m\000e\000r\000g\000e\000n\000t\000\040\000O\000r\000i\000g\000i\000n\000\040\000o\000f\000\040\000P\000l\000a\000n\000c\000k\000'\000s\000\040\000C\000o\000n\000s\000t\000a\000n\000t}{section*.2}% 9
\BOOKMARK [2][-]{section*.10}{\376\377\000\040\000V\000A\000M\000\040\000S\000c\000h\000r\000\366\000d\000i\000n\000g\000e\000r\000\040\000E\000q\000u\000a\000t\000i\000o\000n\000\040\000f\000o\000r\000\040\000H\000y\000d\000r\000o\000g\000e\000n\000-\000l\000i\000k\000e\000\040\000B\000o\000u\000n\000d\000\040\000S\000t\000a\000t\000e\000s}{section*.2}% 10
\BOOKMARK [1][-]{section*.11}{\376\377\000R\000e\000s\000o\000n\000a\000n\000t\000\040\000\306\000t\000h\000e\000r\000i\000c\000\040\000T\000u\000n\000n\000e\000l\000i\000n\000g\000\040\000a\000n\000d\000\040\000L\000E\000N\000R\000\040\000i\000n\000\040\000V\000A\000M}{}% 11
\BOOKMARK [2][-]{section*.12}{\376\377\000V\000A\000M\000\040\000Q\000u\000a\000n\000t\000u\000m\000\040\000E\000l\000e\000c\000t\000r\000o\000d\000y\000n\000a\000m\000i\000c\000s\000\040\000\050\000Q\000E\000D\000\051\000\040\000L\000a\000g\000r\000a\000n\000g\000i\000a\000n}{section*.11}% 12
\BOOKMARK [2][-]{section*.13}{\376\377\000H\000y\000b\000r\000i\000d\000\040\000V\000A\000M\000\040\000F\000r\000a\000m\000e\000-\000D\000r\000a\000g\000g\000i\000n\000g\000\040\000A\000n\000g\000u\000l\000a\000r\000\040\000V\000e\000l\000o\000c\000i\000t\000y}{section*.11}% 13
\BOOKMARK [2][-]{section*.14}{\376\377\000V\000A\000M\000\040\000G\000r\000a\000v\000i\000t\000a\000t\000i\000o\000n\000a\000l\000\040\000R\000e\000d\000s\000h\000i\000f\000t\000\040\000f\000r\000o\000m\000\040\000C\000o\000r\000e\000\040\000R\000o\000t\000a\000t\000i\000o\000n}{section*.11}% 14
\BOOKMARK [2][-]{section*.15}{\376\377\000V\000A\000M\000\040\000L\000o\000c\000a\000l\000\040\000T\000i\000m\000e\000\040\000D\000i\000l\000a\000t\000i\000o\000n\000\040\000M\000o\000d\000e\000l\000s}{section*.11}% 15
\BOOKMARK [2][-]{section*.19}{\376\377\000V\000A\000M\000\040\000O\000r\000b\000i\000t\000a\000l\000\040\000P\000r\000e\000c\000e\000s\000s\000i\000o\000n\000\040\000\050\000G\000R\000\040\000E\000q\000u\000i\000v\000a\000l\000e\000n\000t\000\051}{section*.11}% 16
\BOOKMARK [2][-]{section*.20}{\376\377\000V\000A\000M\000\040\000L\000i\000g\000h\000t\000\040\000D\000e\000f\000l\000e\000c\000t\000i\000o\000n\000\040\000b\000y\000\040\000\306\000t\000h\000e\000r\000i\000c\000\040\000C\000i\000r\000c\000u\000l\000a\000t\000i\000o\000n}{section*.11}% 17
\BOOKMARK [2][-]{section*.21}{\376\377\000V\000A\000M\000\040\000v\000s\000\040\000G\000R\000\040\000O\000b\000s\000e\000r\000v\000a\000b\000l\000e\000\040\000C\000o\000r\000r\000e\000s\000p\000o\000n\000d\000e\000n\000c\000e\000\040\000S\000u\000m\000m\000a\000r\000y}{section*.11}% 18
\BOOKMARK [1][-]{section*.22}{\376\377\000T\000i\000m\000e\000\040\000D\000i\000l\000a\000t\000i\000o\000n\000\040\000f\000r\000o\000m\000\040\000V\000o\000r\000t\000e\000x\000\040\000D\000y\000n\000a\000m\000i\000c\000s}{}% 19
\BOOKMARK [2][-]{section*.23}{\376\377\000B\000e\000r\000n\000o\000u\000l\000l\000i\000\040\000F\000l\000o\000w\000\040\000a\000n\000d\000\040\000L\000o\000c\000a\000l\000\040\000T\000i\000m\000e\000\040\000D\000e\000p\000l\000e\000t\000i\000o\000n}{section*.22}% 20
\BOOKMARK [2][-]{section*.24}{\376\377\000H\000e\000u\000r\000i\000s\000t\000i\000c\000\040\000K\000n\000o\000t\000-\000B\000a\000s\000e\000d\000\040\000T\000i\000m\000e\000\040\000M\000o\000d\000u\000l\000a\000t\000i\000o\000n}{section*.22}% 21
\BOOKMARK [2][-]{section*.25}{\376\377\000T\000i\000m\000e\000\040\000D\000i\000l\000a\000t\000i\000o\000n\000\040\000f\000r\000o\000m\000\040\000R\000o\000t\000a\000t\000i\000o\000n\000a\000l\000\040\000I\000n\000e\000r\000t\000i\000a}{section*.22}% 22
\BOOKMARK [2][-]{section*.26}{\376\377\000S\000u\000m\000m\000a\000r\000y\000\040\000o\000f\000\040\000M\000o\000d\000e\000l\000\040\000H\000i\000e\000r\000a\000r\000c\000h\000y}{section*.22}% 23
\BOOKMARK [1][-]{section*.27}{\376\377\000T\000i\000m\000e\000\040\000M\000o\000d\000u\000l\000a\000t\000i\000o\000n\000\040\000b\000y\000\040\000V\000o\000r\000t\000e\000x\000\040\000K\000n\000o\000t\000\040\000R\000o\000t\000a\000t\000i\000o\000n}{}% 24
\BOOKMARK [2][-]{section*.28}{\376\377\000H\000e\000u\000r\000i\000s\000t\000i\000c\000\040\000a\000n\000d\000\040\000E\000n\000e\000r\000g\000e\000t\000i\000c\000\040\000D\000e\000r\000i\000v\000a\000t\000i\000o\000n}{section*.27}% 25
\BOOKMARK [2][-]{section*.29}{\376\377\000T\000o\000p\000o\000l\000o\000g\000i\000c\000a\000l\000\040\000a\000n\000d\000\040\000P\000h\000y\000s\000i\000c\000a\000l\000\040\000J\000u\000s\000t\000i\000f\000i\000c\000a\000t\000i\000o\000n}{section*.27}% 26
\BOOKMARK [1][-]{section*.30}{\376\377\000P\000r\000o\000p\000e\000r\000\040\000T\000i\000m\000e\000\040\000f\000o\000r\000\040\000a\000\040\000R\000o\000t\000a\000t\000i\000n\000g\000\040\000O\000b\000s\000e\000r\000v\000e\000r\000\040\000i\000n\000\040\000\306\000t\000h\000e\000r\000\040\000F\000l\000o\000w}{}% 27
\BOOKMARK [2][-]{section*.31}{\376\377\000G\000R\000\040\000P\000r\000o\000p\000e\000r\000\040\000T\000i\000m\000e\000\040\000i\000n\000\040\000R\000o\000t\000a\000t\000i\000n\000g\000\040\000F\000r\000a\000m\000e\000s}{section*.30}% 28
\BOOKMARK [2][-]{section*.32}{\376\377\000\306\000t\000h\000e\000r\000-\000B\000a\000s\000e\000d\000\040\000A\000n\000a\000l\000o\000g\000:\000\040\000V\000e\000l\000o\000c\000i\000t\000y\000-\000D\000e\000r\000i\000v\000e\000d\000\040\000T\000i\000m\000e\000\040\000M\000o\000d\000u\000l\000a\000t\000i\000o\000n}{section*.30}% 29
\BOOKMARK [2][-]{section*.33}{\376\377\000P\000h\000y\000s\000i\000c\000a\000l\000\040\000I\000n\000t\000e\000r\000p\000r\000e\000t\000a\000t\000i\000o\000n\000\040\000a\000n\000d\000\040\000M\000o\000d\000e\000l\000\040\000C\000o\000n\000s\000i\000s\000t\000e\000n\000c\000y}{section*.30}% 30
\BOOKMARK [1][-]{section*.34}{\376\377\000K\000e\000r\000r\000-\000L\000i\000k\000e\000\040\000T\000i\000m\000e\000\040\000A\000d\000j\000u\000s\000t\000m\000e\000n\000t\000\040\000f\000r\000o\000m\000\040\000V\000o\000r\000t\000i\000c\000i\000t\000y\000\040\000a\000n\000d\000\040\000C\000i\000r\000c\000u\000l\000a\000t\000i\000o\000n}{}% 31
\BOOKMARK [2][-]{section*.35}{\376\377\000G\000e\000n\000e\000r\000a\000l\000\040\000R\000e\000l\000a\000t\000i\000v\000i\000s\000t\000i\000c\000\040\000K\000e\000r\000r\000\040\000R\000e\000d\000s\000h\000i\000f\000t\000\040\000S\000t\000r\000u\000c\000t\000u\000r\000e}{section*.34}% 32
\BOOKMARK [2][-]{section*.36}{\376\377\000\306\000t\000h\000e\000r\000\040\000A\000n\000a\000l\000o\000g\000\040\000v\000i\000a\000\040\000V\000o\000r\000t\000i\000c\000i\000t\000y\000\040\000a\000n\000d\000\040\000C\000i\000r\000c\000u\000l\000a\000t\000i\000o\000n}{section*.34}% 33
\BOOKMARK [2][-]{section*.37}{\376\377\000M\000o\000d\000e\000l\000\040\000A\000s\000s\000u\000m\000p\000t\000i\000o\000n\000s\000\040\000a\000n\000d\000\040\000S\000c\000o\000p\000e}{section*.34}% 34
\BOOKMARK [1][-]{section*.38}{\376\377\000U\000n\000i\000f\000i\000e\000d\000\040\000F\000r\000a\000m\000e\000w\000o\000r\000k\000\040\000a\000n\000d\000\040\000S\000y\000n\000t\000h\000e\000s\000i\000s\000\040\000o\000f\000\040\000T\000i\000m\000e\000\040\000D\000i\000l\000a\000t\000i\000o\000n\000\040\000i\000n\000\040\000V\000A\000M}{}% 35
\BOOKMARK [2][-]{section*.39}{\376\377\000H\000i\000e\000r\000a\000r\000c\000h\000i\000c\000a\000l\000\040\000S\000t\000r\000u\000c\000t\000u\000r\000e\000\040\000o\000f\000\040\000T\000i\000m\000e\000\040\000D\000i\000l\000a\000t\000i\000o\000n\000\040\000M\000e\000c\000h\000a\000n\000i\000s\000m\000s}{section*.38}% 36
\BOOKMARK [2][-]{section*.40}{\376\377\000P\000h\000y\000s\000i\000c\000a\000l\000\040\000U\000n\000i\000f\000i\000c\000a\000t\000i\000o\000n\000:\000\040\000T\000i\000m\000e\000\040\000a\000s\000\040\000a\000\040\000V\000o\000r\000t\000i\000c\000i\000t\000y\000-\000D\000e\000r\000i\000v\000e\000d\000\040\000O\000b\000s\000e\000r\000v\000a\000b\000l\000e}{section*.38}% 37
\BOOKMARK [2][-]{section*.41}{\376\377\000E\000x\000p\000e\000r\000i\000m\000e\000n\000t\000a\000l\000\040\000I\000m\000p\000l\000i\000c\000a\000t\000i\000o\000n\000s\000\040\000a\000n\000d\000\040\000O\000u\000t\000l\000o\000o\000k}{section*.38}% 38
\BOOKMARK [2][-]{section*.42}{\376\377\000C\000h\000a\000l\000l\000e\000n\000g\000e\000s\000,\000\040\000L\000i\000m\000i\000t\000a\000t\000i\000o\000n\000s\000,\000\040\000a\000n\000d\000\040\000P\000a\000t\000h\000s\000\040\000t\000o\000\040\000B\000r\000o\000a\000d\000e\000r\000\040\000R\000e\000l\000e\000v\000a\000n\000c\000e}{section*.38}% 39
\BOOKMARK [2][-]{section*.43}{\376\377\000E\000n\000h\000a\000n\000c\000i\000n\000g\000\040\000S\000c\000i\000e\000n\000t\000i\000f\000i\000c\000\040\000R\000i\000g\000o\000r\000\040\000a\000n\000d\000\040\000B\000r\000o\000a\000d\000e\000r\000\040\000A\000p\000p\000e\000a\000l}{section*.38}% 40
\BOOKMARK [2][-]{section*.44}{\376\377\000C\000o\000n\000c\000l\000u\000d\000i\000n\000g\000\040\000P\000e\000r\000s\000p\000e\000c\000t\000i\000v\000e}{section*.38}% 41
\BOOKMARK [1][-]{section*.45}{\376\377\000V\000A\000M\000\040\000V\000o\000r\000t\000e\000x\000\040\000S\000c\000a\000t\000t\000e\000r\000i\000n\000g\000\040\000F\000r\000a\000m\000e\000w\000o\000r\000k\000\040\000\050\000I\000n\000s\000p\000i\000r\000e\000d\000\040\000b\000y\000\040\000E\000l\000a\000s\000t\000i\000c\000\040\000T\000h\000e\000o\000r\000y\000\051}{}% 42
\BOOKMARK [2][-]{section*.46}{\376\377\000G\000o\000v\000e\000r\000n\000i\000n\000g\000\040\000E\000q\000u\000a\000t\000i\000o\000n\000s\000\040\000o\000f\000\040\000V\000A\000M\000\040\000V\000o\000r\000t\000i\000c\000i\000t\000y\000\040\000D\000y\000n\000a\000m\000i\000c\000s}{section*.45}% 43
\BOOKMARK [3][-]{section*.47}{\376\377\000V\000o\000r\000t\000i\000c\000i\000t\000y\000\040\000T\000r\000a\000n\000s\000p\000o\000r\000t\000\040\000E\000q\000u\000a\000t\000i\000o\000n\000\040\000\050\000L\000i\000n\000e\000a\000r\000i\000z\000e\000d\000\040\000F\000o\000r\000m\000\051}{section*.46}% 44
\BOOKMARK [3][-]{section*.48}{\376\377\000V\000o\000r\000t\000i\000c\000i\000t\000y\000\040\000G\000r\000e\000e\000n\000\040\000T\000e\000n\000s\000o\000r\000\040\000E\000q\000u\000a\000t\000i\000o\000n}{section*.46}% 45
\BOOKMARK [2][-]{section*.49}{\376\377\000V\000o\000r\000t\000e\000x\000\040\000T\000h\000r\000e\000a\000d\000\040\000I\000n\000t\000e\000r\000a\000c\000t\000i\000o\000n}{section*.45}% 46
\BOOKMARK [2][-]{section*.50}{\376\377\000T\000h\000e\000r\000m\000o\000d\000y\000n\000a\000m\000i\000c\000\040\000\046\000\040\000Q\000u\000a\000n\000t\000u\000m\000\040\000B\000e\000h\000a\000v\000i\000o\000r\000\040\000f\000r\000o\000m\000\040\000V\000o\000r\000t\000i\000c\000i\000t\000y\000\040\000F\000l\000u\000c\000t\000u\000a\000t\000i\000o\000n\000s}{section*.45}% 47
\BOOKMARK [3][-]{section*.51}{\376\377\000Q\000u\000a\000n\000t\000u\000m\000\040\000V\000o\000r\000t\000i\000c\000i\000t\000y\000\040\000B\000a\000c\000k\000g\000r\000o\000u\000n\000d}{section*.50}% 48
\BOOKMARK [2][-]{section*.52}{\376\377\000V\000A\000M\000\040\000S\000c\000a\000t\000t\000e\000r\000i\000n\000g\000\040\000T\000h\000e\000o\000r\000y\000\040\000f\000o\000r\000\040\000V\000o\000r\000t\000e\000x\000\040\000K\000n\000o\000t\000s}{section*.45}% 49
\BOOKMARK [3][-]{section*.53}{\376\377\000B\000o\000r\000n\000\040\000A\000p\000p\000r\000o\000x\000i\000m\000a\000t\000i\000o\000n\000\040\000f\000o\000r\000\040\000V\000o\000r\000t\000i\000c\000i\000t\000y\000\040\000P\000e\000r\000t\000u\000r\000b\000a\000t\000i\000o\000n\000s}{section*.52}% 50
\BOOKMARK [2][-]{section*.54}{\376\377\000\306\000t\000h\000e\000r\000\040\000S\000t\000r\000e\000s\000s\000\040\000T\000e\000n\000s\000o\000r\000\040\000a\000n\000d\000\040\000E\000n\000e\000r\000g\000y\000\040\000F\000l\000u\000x}{section*.45}% 51
\BOOKMARK [3][-]{section*.55}{\376\377\000V\000A\000M\000\040\000S\000t\000r\000e\000s\000s\000\040\000T\000e\000n\000s\000o\000r}{section*.54}% 52
\BOOKMARK [3][-]{section*.56}{\376\377\000\306\000t\000h\000e\000r\000\040\000V\000o\000r\000t\000i\000c\000i\000t\000y\000\040\000F\000o\000r\000c\000e\000\040\000D\000e\000n\000s\000i\000t\000y}{section*.54}% 53
\BOOKMARK [3][-]{section*.57}{\376\377\000V\000o\000r\000t\000i\000c\000i\000t\000y\000\040\000E\000n\000e\000r\000g\000y\000\040\000F\000l\000u\000x}{section*.54}% 54
\BOOKMARK [2][-]{section*.58}{\376\377\000T\000i\000m\000e\000\040\000D\000i\000l\000a\000t\000i\000o\000n\000\040\000a\000n\000d\000\040\000K\000n\000o\000t\000\040\000S\000c\000a\000t\000t\000e\000r\000i\000n\000g}{section*.45}% 55
\BOOKMARK [3][-]{section*.59}{\376\377\000T\000i\000m\000e\000\040\000D\000i\000l\000a\000t\000i\000o\000n\000\040\000f\000r\000o\000m\000\040\000K\000n\000o\000t\000\040\000R\000o\000t\000a\000t\000i\000o\000n}{section*.58}% 56
\BOOKMARK [3][-]{section*.60}{\376\377\000S\000c\000a\000t\000t\000e\000r\000e\000d\000\040\000C\000o\000r\000r\000e\000c\000t\000i\000o\000n\000\040\000f\000r\000o\000m\000\040\000E\000x\000t\000e\000r\000n\000a\000l\000\040\000F\000i\000e\000l\000d}{section*.58}% 57
\BOOKMARK [2][-]{section*.61}{\376\377\000S\000u\000m\000m\000a\000r\000y\000\040\000o\000f\000\040\000V\000A\000M\000-\000I\000n\000s\000p\000i\000r\000e\000d\000\040\000S\000c\000a\000t\000t\000e\000r\000i\000n\000g\000\040\000C\000o\000n\000s\000t\000r\000u\000c\000t\000s}{section*.45}% 58
\BOOKMARK [1][-]{section*.62}{\376\377\000E\000x\000p\000e\000r\000i\000m\000e\000n\000t\000a\000l\000\040\000A\000n\000c\000h\000o\000r\000s\000\040\000a\000n\000d\000\040\000V\000A\000M\000\040\000P\000r\000e\000d\000i\000c\000t\000i\000o\000n\000s}{}% 59
\BOOKMARK [2][-]{section*.63}{\376\377\000i\000m\000e\000\040\000D\000r\000i\000f\000t\000\040\000i\000n\000\040\000R\000o\000t\000a\000t\000i\000n\000g\000\040\000S\000u\000p\000e\000r\000f\000l\000u\000i\000d\000\040\000S\000y\000s\000t\000e\000m\000s\000.}{section*.62}% 60
\BOOKMARK [2][-]{section*.64}{\376\377\000P\000l\000a\000s\000m\000a\000\040\000V\000o\000r\000t\000e\000x\000\040\000C\000l\000o\000c\000k\000s\000\040\000a\000n\000d\000\040\000C\000y\000c\000l\000o\000t\000r\000o\000n\000\040\000E\000x\000p\000e\000r\000i\000m\000e\000n\000t\000s\000.}{section*.62}% 61
\BOOKMARK [2][-]{section*.65}{\376\377\000L\000E\000N\000R\000\040\000v\000i\000a\000\040\000R\000e\000s\000o\000n\000a\000n\000t\000\040\000V\000o\000r\000t\000e\000x\000\040\000K\000n\000o\000t\000\040\000F\000u\000s\000i\000o\000n\000\040\000i\000n\000\040\000P\000d\000/\000D\000\040\000L\000a\000t\000t\000i\000c\000e\000s\000.}{section*.62}% 62
\BOOKMARK [2][-]{section*.66}{\376\377\000O\000p\000t\000i\000c\000a\000l\000\040\000a\000n\000d\000\040\000M\000e\000t\000a\000m\000a\000t\000e\000r\000i\000a\000l\000\040\000S\000i\000m\000u\000l\000a\000t\000i\000o\000n\000s\000.}{section*.62}% 63
\BOOKMARK [2][-]{section*.67}{\376\377\000S\000u\000m\000m\000a\000r\000y\000\040\000o\000f\000\040\000V\000A\000M\000\040\000O\000b\000s\000e\000r\000v\000a\000b\000l\000e\000s\000.}{section*.62}% 64
\BOOKMARK [1][-]{section*.68}{\376\377\000F\000o\000u\000n\000d\000a\000t\000i\000o\000n\000s\000\040\000o\000f\000\040\000V\000e\000l\000o\000c\000i\000t\000y\000\040\000F\000i\000e\000l\000d\000s\000\040\000a\000n\000d\000\040\000E\000n\000e\000r\000g\000i\000e\000s\000\040\000i\000n\000\040\000a\000\040\000V\000o\000r\000t\000e\000x\000\040\000S\000y\000s\000t\000e\000m\000.}{}% 65
\BOOKMARK [2][-]{section*.69}{\376\377\000I\000n\000t\000r\000o\000d\000u\000c\000t\000i\000o\000n}{section*.68}% 66
\BOOKMARK [2][-]{section*.70}{\376\377\000F\000o\000u\000n\000d\000a\000t\000i\000o\000n\000s\000:\000\040\000V\000e\000l\000o\000c\000i\000t\000y\000\040\000F\000i\000e\000l\000d\000s\000\040\000a\000n\000d\000\040\000T\000o\000t\000a\000l\000\040\000\050\000S\000e\000l\000f\000\040\000+\000\040\000C\000r\000o\000s\000s\000\051\000\040\000E\000n\000e\000r\000g\000y}{section*.68}% 67
\BOOKMARK [2][-]{section*.71}{\376\377\000M\000o\000m\000e\000n\000t\000u\000m\000\040\000a\000n\000d\000\040\000S\000e\000l\000f\000-\000E\000n\000e\000r\000g\000y\000\040\000C\000o\000n\000s\000i\000d\000e\000r\000a\000t\000i\000o\000n\000s}{section*.68}% 68
\BOOKMARK [2][-]{section*.72}{\376\377\000D\000e\000f\000i\000n\000i\000n\000g\000\040\000a\000n\000d\000\040\000T\000r\000a\000c\000k\000i\000n\000g\000\040\000C\000r\000o\000s\000s\000-\000E\000n\000e\000r\000g\000y}{section*.68}% 69
\BOOKMARK [2][-]{section*.73}{\376\377\000A\000p\000p\000l\000i\000c\000a\000t\000i\000o\000n\000s\000\040\000t\000o\000\040\000H\000e\000l\000i\000c\000i\000t\000y\000\040\000a\000n\000d\000\040\000T\000o\000p\000o\000l\000o\000g\000i\000c\000a\000l\000\040\000F\000l\000o\000w\000s}{section*.68}% 70
\BOOKMARK [2][-]{section*.74}{\376\377\000D\000e\000r\000i\000v\000a\000t\000i\000o\000n\000\040\000O\000u\000t\000l\000i\000n\000e\000\040\000f\000o\000r\000\040\000C\000r\000o\000s\000s\000-\000E\000n\000e\000r\000g\000y}{section*.68}% 71
\BOOKMARK [2][-]{section*.75}{\376\377\000C\000o\000n\000c\000l\000u\000s\000i\000o\000n}{section*.68}% 72
\BOOKMARK [1][-]{section*.76}{\376\377\000I\000n\000t\000e\000g\000r\000a\000t\000i\000o\000n\000\040\000o\000f\000\040\000C\000l\000a\000u\000s\000i\000u\000s\000'\000\040\000H\000e\000a\000t\000\040\000T\000h\000e\000o\000r\000y\000\040\000i\000n\000t\000o\000\040\000t\000h\000e\000\040\000V\000o\000r\000t\000e\000x\000\040\000\306\000t\000h\000e\000r\000\040\000M\000o\000d\000e\000l\000\040\000\050\000V\000A\000M\000\051}{}% 73
\BOOKMARK [2][-]{section*.77}{\376\377\000T\000h\000e\000r\000m\000o\000d\000y\000n\000a\000m\000i\000c\000\040\000F\000i\000r\000s\000t\000\040\000P\000r\000i\000n\000c\000i\000p\000l\000e\000s\000\040\000i\000n\000\040\000V\000A\000M}{section*.76}% 74
\BOOKMARK [2][-]{section*.78}{\376\377\000E\000n\000t\000r\000o\000p\000y\000\040\000a\000n\000d\000\040\000S\000t\000r\000u\000c\000t\000u\000r\000e\000d\000\040\000V\000o\000r\000t\000i\000c\000i\000t\000y}{section*.76}% 75
\BOOKMARK [2][-]{section*.79}{\376\377\000T\000h\000e\000r\000m\000a\000l\000\040\000R\000e\000s\000p\000o\000n\000s\000e\000\040\000o\000f\000\040\000V\000o\000r\000t\000e\000x\000\040\000K\000n\000o\000t\000s}{section*.76}% 76
\BOOKMARK [2][-]{section*.80}{\376\377\000P\000h\000o\000t\000o\000e\000l\000e\000c\000t\000r\000i\000c\000\040\000A\000n\000a\000l\000o\000g\000y\000\040\000i\000n\000\040\000V\000A\000M}{section*.76}% 77
\BOOKMARK [2][-]{section*.81}{\376\377\000C\000o\000n\000c\000l\000u\000s\000i\000o\000n\000\040\000a\000n\000d\000\040\000I\000n\000t\000e\000g\000r\000a\000t\000i\000o\000n}{section*.76}% 78
