\BOOKMARK [1][-]{section*.1}{\376\377\000A\000b\000s\000t\000r\000a\000c\000t}{}% 1
\BOOKMARK [1][-]{section*.4}{\376\377\000I\000n\000t\000r\000o\000d\000u\000c\000t\000i\000e}{}% 2
\BOOKMARK [1][-]{section*.5}{\376\377\000S\000u\000p\000e\000r\000f\000l\000u\000\357\000d\000e\000\040\000\306\000t\000h\000e\000r\000\040\000F\000r\000a\000m\000e\000w\000o\000r\000k}{}% 3
\BOOKMARK [1][-]{section*.8}{\376\377\000W\000e\000r\000v\000e\000l\000k\000l\000o\000k\000k\000e\000n\000\040\000e\000n\000\040\000j\000u\000i\000s\000t\000e\000\040\000t\000i\000j\000d}{}% 4
\BOOKMARK [1][-]{section*.11}{\376\377\000T\000i\000j\000d\000s\000d\000i\000l\000a\000t\000a\000t\000i\000e\000\040\000d\000o\000o\000r\000\040\000r\000e\000l\000a\000t\000i\000e\000v\000e\000\040\000b\000e\000w\000e\000g\000i\000n\000g}{}% 5
\BOOKMARK [2][-]{section*.12}{\376\377\000\050\000a\000\051\000\040\000K\000i\000n\000e\000m\000a\000t\000i\000s\000c\000h\000e\000\040\000a\000f\000l\000e\000i\000d\000i\000n\000g}{section*.11}% 6
\BOOKMARK [2][-]{section*.15}{\376\377\000\050\000b\000\051\000\040\000V\000l\000o\000e\000i\000s\000t\000o\000f\000d\000y\000n\000a\000m\000i\000s\000c\000h\000e\000\040\000i\000n\000t\000e\000r\000p\000r\000e\000t\000a\000t\000i\000e}{section*.11}% 7
\BOOKMARK [2][-]{section*.17}{\376\377\000I\000m\000p\000l\000i\000c\000a\000t\000i\000o\000n}{section*.11}% 8
\BOOKMARK [1][-]{section*.18}{\376\377\000G\000r\000a\000v\000i\000t\000a\000t\000i\000o\000n\000e\000l\000e\000\040\000T\000i\000j\000d\000s\000d\000i\000l\000a\000t\000a\000t\000i\000e}{}% 9
\BOOKMARK [2][-]{section*.19}{\376\377\000\306\000t\000h\000e\000r\000s\000t\000r\000o\000o\000m\000\040\000a\000l\000s\000\040\000z\000w\000a\000a\000r\000t\000e\000k\000r\000a\000c\000h\000t}{section*.18}% 10
\BOOKMARK [2][-]{section*.21}{\376\377\000\306\000t\000h\000e\000r\000w\000e\000e\000r\000s\000t\000a\000n\000d\000\040\000e\000n\000\040\000k\000l\000o\000k\000v\000e\000r\000t\000r\000a\000g\000i\000n\000g}{section*.18}% 11
\BOOKMARK [2][-]{section*.23}{\376\377\000I\000n\000t\000e\000r\000p\000r\000e\000t\000a\000t\000i\000e}{section*.18}% 12
\BOOKMARK [2][-]{section*.24}{\376\377\000A\000l\000t\000e\000r\000n\000a\000t\000i\000e\000v\000e\000\040\000a\000f\000l\000e\000i\000d\000i\000n\000g\000\040\000v\000i\000a\000\040\000\306\000t\000h\000e\000r\000-\000d\000r\000u\000k\000g\000r\000a\000d\000i\000\353\000n\000t\000e\000n}{section*.18}% 13
\BOOKMARK [1][-]{section*.25}{\376\377\000G\000e\000c\000o\000m\000b\000i\000n\000e\000e\000r\000d\000e\000\040\000e\000f\000f\000e\000c\000t\000e\000n\000\040\000e\000n\000\040\000v\000e\000r\000d\000e\000r\000e\000\040\000v\000o\000o\000r\000s\000p\000e\000l\000l\000i\000n\000g\000e\000n}{}% 14
\BOOKMARK [2][-]{section*.26}{\376\377\000G\000e\000c\000o\000m\000b\000i\000n\000e\000e\000r\000d\000e\000\040\000b\000e\000w\000e\000g\000i\000n\000g\000\040\000e\000n\000\040\000g\000r\000a\000v\000i\000t\000a\000t\000i\000o\000n\000e\000e\000l\000\040\000v\000e\000l\000d}{section*.25}% 15
\BOOKMARK [2][-]{section*.28}{\376\377\000V\000o\000o\000r\000b\000e\000e\000l\000d\000:\000\040\000C\000i\000r\000c\000u\000l\000a\000i\000r\000e\000\040\000b\000a\000a\000n\000t\000i\000j\000d\000s\000d\000i\000l\000a\000t\000a\000t\000i\000e}{section*.25}% 16
\BOOKMARK [2][-]{section*.32}{\376\377\000I\000m\000p\000l\000i\000c\000a\000t\000i\000e\000s\000\040\000n\000a\000b\000i\000j\000\040\000e\000e\000n\000\040\000h\000o\000r\000i\000z\000o\000n}{section*.25}% 17
\BOOKMARK [2][-]{section*.34}{\376\377\000C\000o\000n\000s\000i\000s\000t\000e\000n\000t\000i\000e\000\040\000v\000a\000n\000\040\000k\000w\000a\000n\000t\000u\000m\000-\000\040\000e\000n\000\040\000k\000o\000s\000m\000i\000s\000c\000h\000e\000\040\000s\000c\000h\000a\000a\000l}{section*.25}% 18
\BOOKMARK [2][-]{section*.35}{\376\377\000U\000n\000i\000f\000o\000r\000m\000e\000\040\000i\000n\000t\000e\000r\000p\000r\000e\000t\000a\000t\000i\000e}{section*.25}% 19
\BOOKMARK [1][-]{section*.37}{\376\377\000C\000o\000n\000c\000l\000u\000s\000i\000e}{}% 20
\BOOKMARK [1][-]{section*.38}{\376\377\000R\000e\000f\000e\000r\000e\000n\000c\000e\000s}{}% 21
\BOOKMARK [1][-]{section*.39}{\376\377\000M\000a\000c\000r\000o\000s\000c\000o\000p\000i\000s\000c\000h\000e\000\040\000K\000l\000o\000k\000k\000e\000n\000\040\000a\000l\000s\000\040\000S\000a\000m\000e\000n\000g\000e\000s\000t\000e\000l\000d\000e\000\040\000W\000e\000r\000v\000e\000l\000s\000t\000r\000u\000c\000t\000u\000r\000e\000n}{}% 22
\BOOKMARK [2][-]{section*.40}{\376\377\000T\000i\000j\000d\000s\000d\000i\000l\000a\000t\000a\000t\000i\000e\000\040\000v\000a\000n\000\040\000i\000n\000d\000i\000v\000i\000d\000u\000e\000l\000e\000\040\000w\000e\000r\000v\000e\000l\000s}{section*.39}% 23
\BOOKMARK [2][-]{section*.41}{\376\377\000S\000a\000m\000e\000n\000g\000e\000s\000t\000e\000l\000d\000e\000\040\000w\000e\000r\000v\000e\000l\000s\000y\000s\000t\000e\000m\000e\000n}{section*.39}% 24
\BOOKMARK [2][-]{section*.43}{\376\377\000D\000e\000c\000o\000h\000e\000r\000e\000n\000t\000e\000\040\000s\000y\000s\000t\000e\000m\000e\000n}{section*.39}% 25
\BOOKMARK [2][-]{section*.44}{\376\377\000C\000o\000n\000c\000l\000u\000s\000i\000e}{section*.39}% 26
\BOOKMARK [1][-]{section*.45}{\376\377\000A\000p\000p\000e\000n\000d\000i\000x\000\040\000B\000:\000\040\000A\000f\000w\000i\000j\000k\000e\000n\000d\000e\000\040\000V\000o\000o\000r\000s\000p\000e\000l\000l\000i\000n\000g\000e\000n\000\040\000t\000e\000n\000\040\000o\000p\000z\000i\000c\000h\000t\000e\000\040\000v\000a\000n\000\040\000A\000l\000g\000e\000m\000e\000n\000e\000\040\000R\000e\000l\000a\000t\000i\000v\000i\000t\000e\000i\000t}{}% 27
\BOOKMARK [2][-]{section*.46}{\376\377\0001\000.\000\040\000T\000i\000j\000d\000s\000d\000i\000l\000a\000t\000a\000t\000i\000e\000\040\000i\000n\000\040\000r\000o\000t\000e\000r\000e\000n\000d\000e\000\040\000s\000u\000p\000e\000r\000f\000l\000u\000\357\000d\000a}{section*.45}% 28
\BOOKMARK [2][-]{section*.47}{\376\377\0002\000.\000\040\000V\000o\000r\000t\000i\000c\000i\000t\000e\000i\000t\000s\000a\000f\000h\000a\000n\000k\000e\000l\000i\000j\000k\000e\000\040\000v\000e\000r\000t\000r\000a\000g\000i\000n\000g\000\040\000i\000n\000\040\000L\000E\000N\000R\000-\000a\000c\000h\000t\000i\000g\000e\000\040\000s\000y\000s\000t\000e\000m\000e\000n}{section*.45}% 29
\BOOKMARK [2][-]{section*.48}{\376\377\0003\000.\000\040\000L\000i\000c\000h\000t\000a\000f\000b\000u\000i\000g\000i\000n\000g\000\040\000z\000o\000n\000d\000e\000r\000\040\000r\000u\000i\000m\000t\000e\000t\000i\000j\000d\000k\000r\000o\000m\000m\000i\000n\000g}{section*.45}% 30
