\BOOKMARK [1][-]{section*.1}{\376\377\000I\000n\000t\000r\000o\000d\000u\000c\000t\000i\000o\000n}{}% 1
\BOOKMARK [1][-]{section*.2}{\376\377\000P\000a\000r\000t\000\040\000I\000:\000\040\000F\000o\000u\000n\000d\000a\000t\000i\000o\000n\000a\000l\000\040\000C\000o\000n\000s\000i\000d\000e\000r\000a\000t\000i\000o\000n\000s}{}% 2
\BOOKMARK [1][-]{section*.3}{\376\377\000A\000d\000d\000r\000e\000s\000s\000i\000n\000g\000\040\000H\000i\000s\000t\000o\000r\000i\000c\000a\000l\000\040\000\306\000t\000h\000e\000r\000\040\000D\000e\000t\000e\000c\000t\000i\000o\000n\000\040\000E\000x\000p\000e\000r\000i\000m\000e\000n\000t\000s}{}% 3
\BOOKMARK [1][-]{section*.4}{\376\377\000S\000u\000p\000e\000r\000f\000l\000u\000i\000d\000-\000L\000i\000k\000e\000\040\000\306\000t\000h\000e\000r\000\040\000a\000n\000d\000\040\000V\000o\000r\000t\000i\000c\000i\000t\000y}{}% 4
\BOOKMARK [1][-]{section*.5}{\376\377\000F\000u\000n\000d\000a\000m\000e\000n\000t\000a\000l\000\040\000C\000o\000n\000s\000t\000a\000n\000t\000s\000\040\000i\000n\000\040\000t\000h\000e\000\040\000\306\000t\000h\000e\000r}{}% 5
\BOOKMARK [2][-]{section*.6}{\376\377\000G\000r\000a\000v\000i\000t\000a\000t\000i\000o\000n\000a\000l\000\040\000A\000t\000t\000r\000a\000c\000t\000i\000o\000n\000\040\000v\000i\000a\000\040\000V\000o\000r\000t\000e\000x\000-\000I\000n\000d\000u\000c\000e\000d\000\040\000P\000r\000e\000s\000s\000u\000r\000e\000\040\000G\000r\000a\000d\000i\000e\000n\000t\000s}{section*.5}% 6
\BOOKMARK [1][-]{section*.7}{\376\377\000E\000l\000e\000c\000t\000r\000o\000m\000a\000g\000n\000e\000t\000i\000s\000m\000\040\000a\000s\000\040\000S\000t\000r\000u\000c\000t\000u\000r\000e\000d\000\040\000V\000o\000r\000t\000e\000x\000\040\000I\000n\000t\000e\000r\000a\000c\000t\000i\000o\000n\000s}{}% 7
\BOOKMARK [2][-]{section*.8}{\376\377\000Q\000u\000a\000n\000t\000u\000m\000\040\000F\000e\000a\000t\000u\000r\000e\000s\000\040\000f\000r\000o\000m\000\040\000H\000e\000l\000i\000c\000i\000t\000y\000\040\000a\000n\000d\000\040\000K\000n\000o\000t\000t\000e\000d\000\040\000V\000o\000r\000t\000i\000c\000e\000s}{section*.7}% 8
\BOOKMARK [1][-]{section*.9}{\376\377\000F\000i\000n\000e\000-\000S\000t\000r\000u\000c\000t\000u\000r\000e\000\040\000C\000o\000n\000s\000t\000a\000n\000t\000\040\000f\000r\000o\000m\000\040\000V\000o\000r\000t\000e\000x\000\040\000M\000e\000c\000h\000a\000n\000i\000c\000s}{}% 9
\BOOKMARK [1][-]{section*.10}{\376\377\000P\000a\000r\000t\000\040\000I\000I\000:\000\040\000M\000a\000t\000h\000e\000m\000a\000t\000i\000c\000a\000l\000\040\000F\000o\000r\000m\000a\000l\000i\000s\000m}{}% 10
\BOOKMARK [2][-]{section*.11}{\376\377\000M\000a\000x\000i\000m\000u\000m\000\040\000F\000o\000r\000c\000e\000\040\000i\000n\000\040\000t\000h\000e\000\040\000V\000o\000r\000t\000e\000x\000\040\000\306\000t\000h\000e\000r\000\040\000M\000o\000d\000e\000l}{section*.10}% 11
\BOOKMARK [2][-]{section*.13}{\376\377\000I\000n\000t\000e\000r\000p\000r\000e\000t\000a\000t\000i\000o\000n}{section*.10}% 12
\BOOKMARK [3][-]{section*.14}{\376\377\000D\000e\000r\000i\000v\000a\000t\000i\000o\000n\000\040\000a\000n\000d\000\040\000S\000c\000a\000l\000i\000n\000g}{section*.13}% 13
\BOOKMARK [3][-]{section*.15}{\376\377\000I\000m\000p\000l\000i\000c\000a\000t\000i\000o\000n\000s}{section*.13}% 14
\BOOKMARK [1][-]{section*.16}{\376\377\000S\000w\000i\000r\000l\000\040\000V\000e\000l\000o\000c\000i\000t\000y\000\040\000C\000o\000n\000s\000t\000a\000n\000t\000\040\000C\000e}{}% 15
\BOOKMARK [2][-]{section*.17}{\376\377\000P\000h\000y\000s\000i\000c\000a\000l\000\040\000R\000a\000t\000i\000o\000n\000a\000l\000e}{section*.16}% 16
\BOOKMARK [2][-]{section*.18}{\376\377\000T\000y\000p\000i\000c\000a\000l\000\040\000D\000e\000r\000i\000v\000a\000t\000i\000o\000n\000\040\000S\000k\000e\000t\000c\000h}{section*.16}% 17
\BOOKMARK [1][-]{section*.19}{\376\377\000G\000r\000a\000v\000i\000t\000a\000t\000i\000o\000n\000a\000l\000\040\000C\000o\000u\000p\000l\000i\000n\000g\000\040\000G\000s\000w\000i\000r\000l}{}% 18
\BOOKMARK [2][-]{section*.20}{\376\377\000M\000o\000t\000i\000v\000a\000t\000i\000o\000n}{section*.19}% 19
\BOOKMARK [2][-]{section*.21}{\376\377\000O\000u\000t\000l\000i\000n\000e\000\040\000o\000f\000\040\000t\000h\000e\000\040\000D\000e\000r\000i\000v\000a\000t\000i\000o\000n}{section*.19}% 20
\BOOKMARK [1][-]{section*.22}{\376\377\000M\000a\000x\000i\000m\000u\000m\000\040\000F\000o\000r\000c\000e\000\040\000F}{}% 21
\BOOKMARK [2][-]{section*.23}{\376\377\000C\000o\000n\000c\000e\000p\000t\000u\000a\000l\000\040\000R\000o\000l\000e}{section*.22}% 22
\BOOKMARK [2][-]{section*.24}{\376\377\000I\000l\000l\000u\000s\000t\000r\000a\000t\000i\000v\000e\000\040\000R\000e\000l\000a\000t\000i\000o\000n}{section*.22}% 23
\BOOKMARK [1][-]{section*.25}{\376\377\000C\000o\000r\000r\000e\000c\000t\000i\000o\000n\000s\000\040\000t\000o\000\040\000T\000i\000m\000e\000\040\000F\000l\000o\000w\000:\000\040\000K\000e\000y\000\040\000E\000q\000u\000a\000t\000i\000o\000n\000s}{}% 24
\BOOKMARK [2][-]{section*.26}{\376\377\000L\000o\000c\000a\000l\000\040\000T\000i\000m\000e\000\040\040\034\000D\000i\000l\000a\000t\000i\000o\000n\040\035\000\040\000i\000n\000\040\000V\000A\000M}{section*.25}% 25
\BOOKMARK [3][-]{section*.27}{\376\377\000P\000h\000y\000s\000i\000c\000a\000l\000\040\000M\000e\000a\000n\000i\000n\000g}{section*.26}% 26
\BOOKMARK [2][-]{section*.28}{\376\377\000S\000i\000m\000p\000l\000i\000f\000i\000e\000d\000\040\000D\000i\000f\000f\000e\000r\000e\000n\000t\000i\000a\000l\000\040\000F\000o\000r\000m}{section*.25}% 27
\BOOKMARK [1][-]{section*.29}{\376\377\000F\000i\000n\000a\000l\000\040\000B\000o\000x\000e\000d\000\040\000E\000q\000u\000a\000t\000i\000o\000n\000s}{}% 28
\BOOKMARK [1][-]{section*.30}{\376\377\000C\000o\000n\000c\000l\000u\000d\000i\000n\000g\000\040\000R\000e\000m\000a\000r\000k\000s}{}% 29
\BOOKMARK [1][-]{section*.31}{\376\377\000D\000e\000r\000i\000v\000a\000t\000i\000o\000n\000\040\000o\000f\000\040\000t\000h\000e\000\040\000V\000A\000M\000\040\000F\000i\000e\000l\000d\000\040\000E\000q\000u\000a\000t\000i\000o\000n\000s\000\040\000f\000o\000r\000\040\000V\000o\000r\000t\000i\000c\000i\000t\000y\000-\000D\000r\000i\000v\000e\000n\000\040\000G\000r\000a\000v\000i\000t\000y}{}% 30
\BOOKMARK [2][-]{section*.32}{\376\377\000M\000o\000t\000i\000v\000a\000t\000i\000n\000g\000\040\000P\000r\000i\000n\000c\000i\000p\000l\000e\000s}{section*.31}% 31
\BOOKMARK [3][-]{section*.33}{\376\377\000V\000o\000r\000t\000i\000c\000i\000t\000y\000\040\000a\000s\000\040\000t\000h\000e\000\040\000S\000o\000u\000r\000c\000e\000\040\000o\000f\000\040\000G\000r\000a\000v\000i\000t\000a\000t\000i\000o\000n\000a\000l\000\040\000A\000t\000t\000r\000a\000c\000t\000i\000o\000n}{section*.32}% 32
\BOOKMARK [3][-]{section*.34}{\376\377\000\306\000t\000h\000e\000r\000\040\000a\000s\000\040\000a\000n\000\040\000I\000n\000v\000i\000s\000c\000i\000d\000\040\000S\000u\000p\000e\000r\000f\000l\000u\000i\000d}{section*.32}% 33
\BOOKMARK [3][-]{section*.35}{\376\377\000A\000b\000s\000o\000l\000u\000t\000e\000\040\000T\000i\000m\000e\000\040\000a\000n\000d\000\040\000T\000h\000r\000e\000e\000-\000D\000i\000m\000e\000n\000s\000i\000o\000n\000a\000l\000\040\000S\000p\000a\000c\000e}{section*.32}% 34
\BOOKMARK [2][-]{section*.36}{\376\377\000P\000r\000e\000l\000i\000m\000i\000n\000a\000r\000i\000e\000s\000:\000\040\000G\000o\000v\000e\000r\000n\000i\000n\000g\000\040\000E\000q\000u\000a\000t\000i\000o\000n\000s\000\040\000o\000f\000\040\000F\000l\000u\000i\000d\000\040\000V\000o\000r\000t\000i\000c\000i\000t\000y}{section*.31}% 35
\BOOKMARK [3][-]{section*.37}{\376\377\000I\000d\000e\000a\000l\000\040\000F\000l\000u\000i\000d\000\040\000A\000s\000s\000u\000m\000p\000t\000i\000o\000n\000s}{section*.36}% 36
\BOOKMARK [2][-]{section*.41}{\376\377\000D\000e\000f\000i\000n\000i\000n\000g\000\040\000t\000h\000e\000\040\000V\000A\000M\000\040\000G\000r\000a\000v\000i\000t\000a\000t\000i\000o\000n\000a\000l\000\040\000P\000o\000t\000e\000n\000t\000i\000a\000l}{section*.31}% 37
\BOOKMARK [3][-]{section*.43}{\376\377\000P\000h\000y\000s\000i\000c\000a\000l\000\040\000I\000n\000t\000e\000r\000p\000r\000e\000t\000a\000t\000i\000o\000n\000\040\000o\000f\000\040\000E\000q\000u\000a\000t\000i\000o\000n\000\040\000\050\0001\000\051}{section*.41}% 38
\BOOKMARK [2][-]{section*.46}{\376\377\000F\000r\000o\000m\000\040\000V\000o\000r\000t\000i\000c\000i\000t\000y\000\040\000t\000o\000\040\000E\000f\000f\000e\000c\000t\000i\000v\000e\000\040\000F\000o\000r\000c\000e}{section*.31}% 39
\BOOKMARK [3][-]{section*.47}{\376\377\000T\000h\000e\000\040\000G\000r\000a\000v\000i\000t\000a\000t\000i\000o\000n\000a\000l\000-\000L\000i\000k\000e\000\040\000F\000o\000r\000c\000e}{section*.46}% 40
\BOOKMARK [3][-]{section*.48}{\376\377\000F\000r\000a\000m\000e\000-\000D\000r\000a\000g\000g\000i\000n\000g\000\040\000a\000s\000\040\000C\000i\000r\000c\000u\000l\000a\000t\000i\000o\000n}{section*.46}% 41
\BOOKMARK [2][-]{section*.49}{\376\377\000L\000i\000n\000k\000i\000n\000g\000\040\000t\000h\000e\000\040\000V\000A\000M\000\040\000P\000o\000t\000e\000n\000t\000i\000a\000l\000\040\000t\000o\000\040\000O\000b\000s\000e\000r\000v\000a\000b\000l\000e\000s}{section*.31}% 42
\BOOKMARK [3][-]{section*.50}{\376\377\000C\000o\000n\000n\000e\000c\000t\000i\000o\000n\000\040\000t\000o\000\040\000N\000e\000w\000t\000o\000n\000i\000a\000n\000\040\000L\000i\000m\000i\000t}{section*.49}% 43
\BOOKMARK [3][-]{section*.51}{\376\377\000V\000o\000r\000t\000i\000c\000i\000t\000y\040\023\000M\000a\000s\000s\000\040\000E\000q\000u\000i\000v\000a\000l\000e\000n\000c\000e\000\040\000H\000y\000p\000o\000t\000h\000e\000s\000i\000s}{section*.49}% 44
\BOOKMARK [2][-]{section*.52}{\376\377\000V\000o\000r\000t\000i\000c\000i\000t\000y\000\040\000T\000r\000a\000n\000s\000p\000o\000r\000t\000\040\000a\000n\000d\000\040\000C\000o\000n\000s\000e\000r\000v\000a\000t\000i\000o\000n}{section*.31}% 45
\BOOKMARK [3][-]{section*.53}{\376\377\000V\000o\000r\000t\000i\000c\000i\000t\000y\000\040\000E\000v\000o\000l\000u\000t\000i\000o\000n}{section*.52}% 46
\BOOKMARK [3][-]{section*.54}{\376\377\000H\000e\000l\000i\000c\000i\000t\000y\000\040\000a\000s\000\040\000a\000\040\000C\000o\000n\000s\000t\000a\000n\000t\000\040\000o\000f\000\040\000M\000o\000t\000i\000o\000n}{section*.52}% 47
\BOOKMARK [2][-]{section*.55}{\376\377\000S\000u\000m\000m\000a\000r\000y\000\040\000o\000f\000\040\000t\000h\000e\000\040\000V\000A\000M\000\040\000F\000i\000e\000l\000d\000\040\000E\000q\000u\000a\000t\000i\000o\000n\000s}{section*.31}% 48
\BOOKMARK [2][-]{section*.56}{\376\377\000C\000o\000n\000c\000l\000u\000d\000i\000n\000g\000\040\000R\000e\000m\000a\000r\000k\000s}{section*.31}% 49
\BOOKMARK [1][-]{section*.57}{\376\377\000O\000n\000\040\000t\000h\000e\000\040\000E\000q\000u\000i\000v\000a\000l\000e\000n\000t\000\040\000o\000f\000\040\000M\000a\000x\000w\000e\000l\000l\040\031\000s\000\040\000E\000q\000u\000a\000t\000i\000o\000n\000s\000\040\000f\000r\000o\000m\000\040\000V\000o\000r\000t\000i\000c\000i\000t\000y}{}% 50
\BOOKMARK [1][-]{section*.58}{\376\377\000E\000l\000e\000c\000t\000r\000o\000s\000t\000a\000t\000i\000c\000\040\000C\000h\000a\000r\000g\000e\000\040\000a\000n\000d\000\040\000E\000l\000e\000c\000t\000r\000i\000c\000\040\000F\000i\000e\000l\000d\000s\000\040\000i\000n\000\040\000t\000h\000e\000\040\000V\000o\000r\000t\000e\000x\000\040\000\306\000t\000h\000e\000r\000\040\000M\000o\000d\000e\000l}{}% 51
\BOOKMARK [2][-]{section*.59}{\376\377\000I\000r\000r\000o\000t\000a\000t\000i\000o\000n\000a\000l\000\040\000F\000l\000o\000w\000\040\000a\000n\000d\000\040\000C\000o\000u\000l\000o\000m\000b\000'\000s\000\040\000L\000a\000w}{section*.58}% 52
\BOOKMARK [2][-]{section*.60}{\376\377\000C\000h\000a\000r\000g\000e\000\040\000Q\000u\000a\000n\000t\000i\000z\000a\000t\000i\000o\000n\000\040\000a\000n\000d\000\040\000V\000o\000r\000t\000e\000x\000\040\000T\000o\000p\000o\000l\000o\000g\000y}{section*.58}% 53
\BOOKMARK [2][-]{section*.61}{\376\377\000C\000o\000n\000s\000i\000s\000t\000e\000n\000c\000y\000\040\000w\000i\000t\000h\000\040\000M\000a\000x\000w\000e\000l\000l\040\031\000s\000\040\000E\000q\000u\000a\000t\000i\000o\000n\000s}{section*.58}% 54
\BOOKMARK [2][-]{section*.62}{\376\377\000C\000o\000n\000c\000l\000u\000s\000i\000o\000n}{section*.58}% 55
\BOOKMARK [1][-]{section*.63}{\376\377\000E\000l\000e\000c\000t\000r\000o\000-\000V\000o\000r\000t\000e\000x\000\040\000D\000y\000n\000a\000m\000i\000c\000s\000\040\000i\000n\000\040\000t\000h\000e\000\040\000V\000o\000r\000t\000e\000x\000\040\000\306\000t\000h\000e\000r\000\040\000M\000o\000d\000e\000l}{}% 56
\BOOKMARK [2][-]{section*.64}{\376\377\000E\000l\000e\000c\000t\000r\000o\000-\000V\000o\000r\000t\000e\000x\000\040\000D\000r\000i\000f\000t\000\040\000V\000e\000l\000o\000c\000i\000t\000y\000\040\000E\000q\000u\000a\000t\000i\000o\000n}{section*.63}% 57
\BOOKMARK [2][-]{section*.65}{\376\377\000E\000l\000e\000c\000t\000r\000o\000-\000V\000o\000r\000t\000e\000x\000\040\000T\000h\000r\000u\000s\000t\000\040\000F\000o\000r\000c\000e}{section*.63}% 58
\BOOKMARK [2][-]{section*.66}{\376\377\000V\000o\000r\000t\000e\000x\000-\000I\000n\000d\000u\000c\000e\000d\000\040\000\306\000t\000h\000e\000r\000i\000c\000\040\000P\000r\000e\000s\000s\000u\000r\000e\000\040\000G\000r\000a\000d\000i\000e\000n\000t}{section*.63}% 59
\BOOKMARK [2][-]{section*.67}{\376\377\000\306\000t\000h\000e\000r\000i\000c\000\040\000F\000i\000e\000l\000d\000\040\000S\000t\000r\000e\000n\000g\000t\000h\000\040\000a\000n\000d\000\040\000M\000a\000x\000i\000m\000u\000m\000\040\000F\000o\000r\000c\000e\000\040\000R\000e\000l\000a\000t\000i\000o\000n}{section*.63}% 60
\BOOKMARK [2][-]{section*.68}{\376\377\000V\000o\000r\000t\000e\000x\000\040\000E\000n\000e\000r\000g\000y\000\040\000D\000e\000n\000s\000i\000t\000y\000\040\000i\000n\000\040\000E\000l\000e\000c\000t\000r\000o\000-\000V\000o\000r\000t\000e\000x\000\040\000S\000y\000s\000t\000e\000m\000s}{section*.63}% 61
\BOOKMARK [2][-]{section*.69}{\376\377\000\306\000t\000h\000e\000r\000i\000c\000\040\000V\000o\000r\000t\000e\000x\000-\000I\000n\000d\000u\000c\000e\000d\000\040\000C\000h\000a\000r\000g\000e\000\040\000S\000e\000p\000a\000r\000a\000t\000i\000o\000n}{section*.63}% 62
\BOOKMARK [1][-]{section*.70}{\376\377\000M\000a\000c\000h\000-\000I\000n\000s\000p\000i\000r\000e\000d\000\040\000S\000c\000a\000l\000a\000r\000\040\000P\000o\000t\000e\000n\000t\000i\000a\000l\000s\000\040\000w\000i\000t\000h\000i\000n\000\040\000t\000h\000e\000\040\000V\000o\000r\000t\000e\000x\000\040\000\306\000t\000h\000e\000r\000\040\000M\000o\000d\000e\000l}{}% 63
\BOOKMARK [2][-]{section*.71}{\376\377\000C\000o\000n\000c\000e\000p\000t\000u\000a\000l\000\040\000F\000o\000u\000n\000d\000a\000t\000i\000o\000n\000s}{section*.70}% 64
\BOOKMARK [2][-]{section*.72}{\376\377\000D\000e\000r\000i\000v\000a\000t\000i\000o\000n\000\040\000o\000f\000\040\000t\000h\000e\000\040\000S\000c\000a\000l\000a\000r\000\040\000P\000o\000t\000e\000n\000t\000i\000a\000l}{section*.70}% 65
\BOOKMARK [2][-]{section*.73}{\376\377\000R\000e\000l\000a\000t\000i\000o\000n\000\040\000t\000o\000\040\000I\000n\000e\000r\000t\000i\000a\000\040\000a\000n\000d\000\040\000L\000o\000c\000a\000l\000\040\000D\000y\000n\000a\000m\000i\000c\000s}{section*.70}% 66
\BOOKMARK [2][-]{section*.74}{\376\377\000I\000n\000e\000r\000t\000i\000a\000\040\000T\000e\000n\000s\000o\000r\000\040\000a\000n\000d\000\040\000E\000q\000u\000a\000t\000i\000o\000n\000s\000\040\000o\000f\000\040\000M\000o\000t\000i\000o\000n}{section*.70}% 67
\BOOKMARK [2][-]{section*.75}{\376\377\000I\000m\000p\000l\000i\000c\000a\000t\000i\000o\000n\000s\000\040\000a\000n\000d\000\040\000E\000x\000p\000e\000r\000i\000m\000e\000n\000t\000a\000l\000\040\000V\000a\000l\000i\000d\000a\000t\000i\000o\000n}{section*.70}% 68
\BOOKMARK [1][-]{section*.76}{\376\377\000P\000h\000o\000t\000o\000n\000\040\000a\000s\000\040\000a\000\040\000V\000o\000r\000t\000e\000x\000\040\000D\000i\000p\000o\000l\000e\000\040\000a\000n\000d\000\040\000I\000t\000s\000\040\000E\000l\000e\000c\000t\000r\000o\000d\000y\000n\000a\000m\000i\000c\000\040\000I\000m\000p\000l\000i\000c\000a\000t\000i\000o\000n\000s}{}% 69
\BOOKMARK [2][-]{section*.77}{\376\377\000P\000h\000o\000t\000o\000n\000\040\000a\000s\000\040\000a\000\040\000V\000o\000r\000t\000e\000x\000-\000A\000n\000t\000i\000v\000o\000r\000t\000e\000x\000\040\000P\000a\000i\000r}{section*.76}% 70
\BOOKMARK [2][-]{section*.78}{\376\377\000R\000e\000l\000a\000t\000i\000o\000n\000\040\000t\000o\000\040\000P\000h\000o\000t\000o\000n\000\040\000F\000r\000e\000q\000u\000e\000n\000c\000y\000\040\000a\000n\000d\000\040\000W\000a\000v\000e\000l\000e\000n\000g\000t\000h}{section*.76}% 71
\BOOKMARK [2][-]{section*.79}{\376\377\000S\000t\000a\000b\000i\000l\000i\000t\000y\000\040\000C\000o\000n\000d\000i\000t\000i\000o\000n\000s}{section*.76}% 72
\BOOKMARK [2][-]{section*.80}{\376\377\000E\000l\000e\000c\000t\000r\000o\000m\000a\000g\000n\000e\000t\000i\000c\000\040\000W\000a\000v\000e\000\040\000A\000n\000a\000l\000o\000g\000y}{section*.76}% 73
\BOOKMARK [2][-]{section*.81}{\376\377\000G\000r\000a\000v\000i\000t\000a\000t\000i\000o\000n\000a\000l\000\040\000B\000e\000n\000d\000i\000n\000g\000\040\000o\000f\000\040\000L\000i\000g\000h\000t\000\040\000v\000i\000a\000\040\000V\000o\000r\000t\000i\000c\000i\000t\000y\000\040\000I\000n\000t\000e\000r\000a\000c\000t\000i\000o\000n\000s}{section*.76}% 74
\BOOKMARK [2][-]{section*.82}{\376\377\000E\000x\000p\000e\000r\000i\000m\000e\000n\000t\000a\000l\000\040\000P\000r\000e\000d\000i\000c\000t\000i\000o\000n\000s\000\040\000a\000n\000d\000\040\000T\000e\000s\000t\000s}{section*.76}% 75
\BOOKMARK [1][-]{section*.83}{\376\377\000P\000h\000o\000t\000o\000n\000\040\000a\000s\000\040\000a\000\040\000V\000o\000r\000t\000e\000x\000\040\000D\000i\000p\000o\000l\000e\000\040\000a\000n\000d\000\040\000I\000t\000s\000\040\000I\000m\000p\000l\000i\000c\000a\000t\000i\000o\000n\000s\000\040\000f\000o\000r\000\040\000E\000f\000f\000e\000c\000t\000i\000v\000e\000\040\000G\000r\000a\000v\000i\000t\000a\000t\000i\000o\000n\000a\000l\000\040\000C\000o\000u\000p\000l\000i\000n\000g}{}% 76
\BOOKMARK [2][-]{section*.84}{\376\377\000P\000h\000o\000t\000o\000n\000\040\000a\000s\000\040\000a\000\040\000V\000o\000r\000t\000e\000x\000\040\000D\000i\000p\000o\000l\000e}{section*.83}% 77
\BOOKMARK [2][-]{section*.85}{\376\377\000I\000m\000p\000l\000i\000c\000a\000t\000i\000o\000n\000s\000\040\000f\000o\000r\000\040\000G\000r\000a\000v\000i\000t\000a\000t\000i\000o\000n\000a\000l\000\040\000C\000o\000u\000p\000l\000i\000n\000g}{section*.83}% 78
\BOOKMARK [2][-]{section*.86}{\376\377\000S\000u\000m\000m\000a\000r\000y}{section*.83}% 79
\BOOKMARK [1][-]{section*.87}{\376\377\000V\000o\000r\000t\000e\000x\000\040\000Q\000u\000a\000n\000t\000i\000z\000a\000t\000i\000o\000n\000\040\000a\000n\000d\000\040\000E\000l\000e\000c\000t\000r\000o\000m\000a\000g\000n\000e\000t\000i\000c\000\040\000W\000a\000v\000e\000\040\000P\000r\000o\000p\000a\000g\000a\000t\000i\000o\000n\000\040\000i\000n\000\040\000V\000A\000M}{}% 80
\BOOKMARK [2][-]{section*.88}{\376\377\000V\000o\000r\000t\000e\000x\000\040\000Q\000u\000a\000n\000t\000i\000z\000a\000t\000i\000o\000n}{section*.87}% 81
\BOOKMARK [2][-]{section*.89}{\376\377\000E\000l\000e\000c\000t\000r\000o\000m\000a\000g\000n\000e\000t\000i\000c\000\040\000W\000a\000v\000e\000\040\000P\000r\000o\000p\000a\000g\000a\000t\000i\000o\000n}{section*.87}% 82
\BOOKMARK [2][-]{section*.90}{\376\377\000R\000e\000c\000o\000n\000c\000i\000l\000i\000a\000t\000i\000o\000n\000\040\000w\000i\000t\000h\000\040\000O\000b\000s\000e\000r\000v\000e\000d\000\040\000L\000i\000g\000h\000t\000\040\000S\000p\000e\000e\000d}{section*.87}% 83
\BOOKMARK [1][-]{section*.91}{\376\377\000C\000o\000n\000n\000e\000c\000t\000i\000n\000g\000\040\000A\000t\000o\000m\000i\000c\000\040\000O\000r\000b\000i\000t\000a\000l\000s\000\040\000i\000n\000\040\000V\000A\000M\000\040\000w\000i\000t\000h\000\040\000V\000o\000r\000t\000e\000x\000\040\000G\000r\000a\000v\000i\000t\000y\000\040\000a\000n\000d\000\040\000S\000p\000a\000c\000e\000t\000i\000m\000e\000\040\000I\000n\000t\000e\000r\000p\000r\000e\000t\000a\000t\000i\000o\000n}{}% 84
\BOOKMARK [2][-]{section*.92}{\376\377\000A\000t\000o\000m\000i\000c\000\040\000O\000r\000b\000i\000t\000a\000l\000s\000\040\000i\000n\000\040\000V\000A\000M}{section*.91}% 85
\BOOKMARK [2][-]{section*.93}{\376\377\000V\000o\000r\000t\000e\000x\000\040\000G\000r\000a\000v\000i\000t\000y\000\040\000N\000e\000a\000r\000\040\000A\000t\000o\000m\000i\000c\000\040\000C\000o\000r\000e\000s}{section*.91}% 86
\BOOKMARK [2][-]{section*.94}{\376\377\000V\000A\000M\000\040\000S\000p\000a\000c\000e\000t\000i\000m\000e\000\040\000I\000n\000t\000e\000r\000p\000r\000e\000t\000a\000t\000i\000o\000n}{section*.91}% 87
\BOOKMARK [2][-]{section*.95}{\376\377\000C\000o\000n\000c\000l\000u\000s\000i\000o\000n}{section*.91}% 88
\BOOKMARK [2][-]{section*.96}{\376\377\0001\000.\000\040\000G\000o\000v\000e\000r\000n\000i\000n\000g\000\040\000F\000l\000u\000i\000d\000\040\000E\000q\000u\000a\000t\000i\000o\000n\000s\000\040\000o\000f\000\040\000t\000h\000e\000\040\000\306\000t\000h\000e\000r}{section*.91}% 89
\BOOKMARK [2][-]{section*.97}{\376\377\0001\000.\0001\000\040\000B\000a\000s\000i\000c\000\040\000P\000o\000s\000t\000u\000l\000a\000t\000e\000s\000\040\000a\000n\000d\000\040\000F\000i\000e\000l\000d\000s}{section*.91}% 90
\BOOKMARK [2][-]{section*.98}{\376\377\0001\000.\0002\000\040\000E\000u\000l\000e\000r\040\031\000s\000\040\000E\000q\000u\000a\000t\000i\000o\000n\000\040\000a\000n\000d\000\040\000B\000e\000r\000n\000o\000u\000l\000l\000i\000\040\000R\000e\000l\000a\000t\000i\000o\000n}{section*.91}% 91
\BOOKMARK [2][-]{section*.99}{\376\377\0001\000.\0003\000\040\000V\000o\000r\000t\000i\000c\000i\000t\000y\000\040\000a\000n\000d\000\040\000H\000e\000l\000m\000h\000o\000l\000t\000z\040\031\000s\000\040\000T\000h\000e\000o\000r\000e\000m\000s}{section*.91}% 92
\BOOKMARK [1][-]{section*.100}{\376\377\0002\000.\000\040\000A\000c\000t\000i\000o\000n\000\040\000o\000r\000\040\000L\000a\000g\000r\000a\000n\000g\000i\000a\000n\000\040\000F\000o\000r\000m\000u\000l\000a\000t\000i\000o\000n\000\040\000\050\000O\000p\000t\000i\000o\000n\000a\000l\000\051}{}% 93
\BOOKMARK [1][-]{section*.101}{\376\377\0003\000.\000\040\000R\000i\000n\000g\000-\000V\000o\000r\000t\000e\000x\000\040\000\050\040\034\000P\000h\000o\000t\000o\000n\040\035\000\051\000\040\000S\000o\000l\000u\000t\000i\000o\000n\000s\000:\000\040\000M\000a\000t\000h\000e\000m\000a\000t\000i\000c\000a\000l\000\040\000S\000e\000t\000u\000p}{}% 94
\BOOKMARK [2][-]{section*.102}{\376\377\0003\000.\0001\000\040\000T\000h\000i\000n\000-\000C\000o\000r\000e\000\040\000T\000o\000r\000o\000i\000d\000a\000l\000\040\000V\000o\000r\000t\000e\000x\000\040\000A\000n\000s\000a\000t\000z}{section*.101}% 95
\BOOKMARK [2][-]{section*.103}{\376\377\0003\000.\0002\000\040\000R\000e\000l\000a\000t\000i\000o\000n\000\040\000t\000o\000\040\000P\000h\000o\000t\000o\000n\000\040\000F\000r\000e\000q\000u\000e\000n\000c\000y\000\040\000a\000n\000d\000\040\000W\000a\000v\000e\000l\000e\000n\000g\000t\000h}{section*.101}% 96
\BOOKMARK [2][-]{section*.104}{\376\377\0003\000.\0003\000\040\000S\000t\000a\000b\000i\000l\000i\000t\000y\000\040\000C\000o\000n\000d\000i\000t\000i\000o\000n\000s}{section*.101}% 97
\BOOKMARK [1][-]{section*.105}{\376\377\0004\000.\000\040\000W\000a\000v\000e\040\023\000P\000a\000r\000t\000i\000c\000l\000e\000\040\000D\000u\000a\000l\000i\000t\000y\000\040\000i\000n\000\040\000t\000h\000e\000\040\000\306\000t\000h\000e\000r\000:\000\040\000M\000a\000t\000h\000e\000m\000a\000t\000i\000c\000a\000l\000\040\000H\000i\000n\000t\000s}{}% 98
\BOOKMARK [2][-]{section*.106}{\376\377\0004\000.\0001\000\040\000S\000u\000p\000e\000r\000p\000o\000s\000i\000t\000i\000o\000n\000\040\000o\000f\000\040\000R\000i\000n\000g\000\040\000V\000o\000r\000t\000i\000c\000e\000s}{section*.105}% 99
\BOOKMARK [2][-]{section*.107}{\376\377\0004\000.\0002\000\040\000P\000o\000l\000a\000r\000i\000z\000a\000t\000i\000o\000n}{section*.105}% 100
\BOOKMARK [1][-]{section*.108}{\376\377\0005\000.\000\040\000T\000y\000i\000n\000g\000\040\000t\000h\000e\000\040\000S\000p\000e\000e\000d\000\040\000c\000\040\000t\000o\000\040\000F\000l\000u\000i\000d\000\040\000C\000o\000n\000s\000t\000a\000n\000t\000s}{}% 101
\BOOKMARK [1][-]{section*.109}{\376\377\0006\000.\000\040\000E\000x\000a\000m\000p\000l\000e\000:\000\040\000P\000h\000o\000t\000o\000n\040\023\000H\000y\000d\000r\000o\000g\000e\000n\000\040\000E\000m\000i\000s\000s\000i\000o\000n}{}% 102
\BOOKMARK [1][-]{section*.110}{\376\377\0007\000.\000\040\000I\000n\000c\000l\000u\000d\000i\000n\000g\000\040\000G\000r\000a\000v\000i\000t\000a\000t\000i\000o\000n\000:\000\040\000V\000o\000r\000t\000i\000c\000i\000t\000y\000\040\000a\000n\000d\000\040\000P\000r\000e\000s\000s\000u\000r\000e\000\040\000G\000r\000a\000d\000i\000e\000n\000t\000s}{}% 103
\BOOKMARK [2][-]{section*.111}{\376\377\0007\000.\0001\000\040\000L\000a\000r\000g\000e\000-\000S\000c\000a\000l\000e\000\040\000F\000l\000o\000w\000\040\000a\000n\000d\000\040\040\034\000G\000r\000a\000v\000i\000t\000y\040\035}{section*.110}% 104
\BOOKMARK [2][-]{section*.112}{\376\377\0007\000.\0002\000\040\000P\000h\000o\000t\000o\000n\000\040\000V\000o\000r\000t\000e\000x\000\040\000i\000n\000\040\000a\000\040\000G\000r\000a\000v\000i\000t\000a\000t\000i\000o\000n\000a\000l\000\040\000F\000i\000e\000l\000d}{section*.110}% 105
\BOOKMARK [1][-]{section*.113}{\376\377\0008\000.\000\040\000S\000u\000m\000m\000a\000r\000y\000\040\000F\000l\000o\000w\000c\000h\000a\000r\000t\000\040\000f\000o\000r\000\040\000V\000A\000M\000\040\000P\000h\000o\000t\000o\000n\000\040\000M\000a\000t\000h}{}% 106
\BOOKMARK [1][-]{section*.114}{\376\377\0009\000.\000\040\000C\000o\000n\000c\000l\000u\000d\000i\000n\000g\000\040\000R\000e\000m\000a\000r\000k\000s}{}% 107
\BOOKMARK [1][-]{section*.115}{\376\377\000I\000n\000t\000e\000g\000r\000a\000t\000i\000o\000n\000\040\000o\000f\000\040\000C\000l\000a\000u\000s\000i\000u\000s\000'\000\040\000H\000e\000a\000t\000\040\000T\000h\000e\000o\000r\000y\000\040\000i\000n\000\040\000t\000h\000e\000\040\000V\000o\000r\000t\000e\000x\000\040\000\306\000t\000h\000e\000r\000\040\000M\000o\000d\000e\000l\000\040\000\050\000V\000A\000M\000\051}{}% 108
\BOOKMARK [2][-]{section*.116}{\376\377\000F\000u\000n\000d\000a\000m\000e\000n\000t\000a\000l\000\040\000T\000h\000e\000r\000m\000o\000d\000y\000n\000a\000m\000i\000c\000\040\000E\000q\000u\000a\000t\000i\000o\000n\000\040\000i\000n\000\040\000V\000A\000M}{section*.115}% 109
\BOOKMARK [2][-]{section*.117}{\376\377\000E\000n\000t\000r\000o\000p\000y\000\040\000a\000n\000d\000\040\000V\000o\000r\000t\000e\000x\000\040\000S\000t\000a\000b\000i\000l\000i\000t\000y}{section*.115}% 110
\BOOKMARK [2][-]{section*.118}{\376\377\000V\000o\000r\000t\000e\000x\000\040\000E\000x\000p\000a\000n\000s\000i\000o\000n\000\040\000a\000n\000d\000\040\000C\000o\000n\000t\000r\000a\000c\000t\000i\000o\000n\000\040\000i\000n\000\040\000T\000h\000e\000r\000m\000a\000l\000\040\000E\000q\000u\000i\000l\000i\000b\000r\000i\000u\000m}{section*.115}% 111
\BOOKMARK [2][-]{section*.119}{\376\377\000E\000n\000e\000r\000g\000y\000\040\000A\000b\000s\000o\000r\000p\000t\000i\000o\000n\000\040\000a\000n\000d\000\040\000t\000h\000e\000\040\000P\000h\000o\000t\000o\000e\000l\000e\000c\000t\000r\000i\000c\000\040\000E\000f\000f\000e\000c\000t\000\040\000i\000n\000\040\000V\000A\000M}{section*.115}% 112
\BOOKMARK [2][-]{section*.120}{\376\377\000C\000o\000n\000c\000l\000u\000s\000i\000o\000n}{section*.115}% 113
\BOOKMARK [1][-]{section*.121}{\376\377\000P\000a\000r\000t\000\040\000I\000I\000I\000:\000\040\000A\000p\000p\000l\000i\000c\000a\000t\000i\000o\000n\000s\000\040\000a\000n\000d\000\040\000I\000m\000p\000l\000i\000c\000a\000t\000i\000o\000n\000s}{}% 114
\BOOKMARK [1][-]{section*.122}{\376\377\000E\000x\000p\000e\000r\000i\000m\000e\000n\000t\000a\000l\000\040\000A\000n\000a\000l\000y\000s\000i\000s\000\040\000o\000f\000\040\000V\000o\000r\000t\000e\000x\000-\000I\000n\000d\000u\000c\000e\000d\000\040\000T\000h\000r\000u\000s\000t\000\040\000i\000n\000\040\000a\000\040\000H\000i\000g\000h\000-\000V\000o\000l\000t\000a\000g\000e\000\040\000L\000i\000f\000t\000e\000r\000\040\000S\000y\000s\000t\000e\000m\000:\000\040\000T\000o\000w\000a\000r\000d\000\040\000V\000A\000M\000-\000B\000a\000s\000e\000d\000\040\000P\000r\000o\000p\000u\000l\000s\000i\000o\000n}{}% 115
\BOOKMARK [1][-]{section*.123}{\376\377\000I\000n\000t\000r\000o\000d\000u\000c\000t\000i\000o\000n}{}% 116
\BOOKMARK [1][-]{section*.124}{\376\377\000E\000x\000p\000e\000r\000i\000m\000e\000n\000t\000a\000l\000\040\000S\000e\000t\000u\000p}{}% 117
\BOOKMARK [2][-]{section*.125}{\376\377\000C\000i\000r\000c\000u\000i\000t\000\040\000A\000r\000c\000h\000i\000t\000e\000c\000t\000u\000r\000e}{section*.124}% 118
\BOOKMARK [2][-]{section*.126}{\376\377\000M\000e\000c\000h\000a\000n\000i\000c\000a\000l\000\040\000D\000e\000s\000i\000g\000n}{section*.124}% 119
\BOOKMARK [1][-]{section*.127}{\376\377\000M\000e\000a\000s\000u\000r\000e\000m\000e\000n\000t\000s\000\040\000a\000n\000d\000\040\000O\000b\000s\000e\000r\000v\000a\000t\000i\000o\000n\000s}{}% 120
\BOOKMARK [2][-]{section*.128}{\376\377\000T\000h\000r\000u\000s\000t\000-\000V\000o\000l\000t\000a\000g\000e\000\040\000R\000e\000s\000p\000o\000n\000s\000e}{section*.127}% 121
\BOOKMARK [2][-]{section*.129}{\376\377\000P\000o\000s\000t\000-\000B\000r\000e\000a\000k\000d\000o\000w\000n\000\040\000B\000e\000h\000a\000v\000i\000o\000r}{section*.127}% 122
\BOOKMARK [2][-]{section*.130}{\376\377\000S\000y\000m\000m\000e\000t\000r\000y\000\040\000T\000e\000s\000t\000s}{section*.127}% 123
\BOOKMARK [2][-]{section*.131}{\376\377\000S\000h\000i\000e\000l\000d\000i\000n\000g\000\040\000E\000f\000f\000e\000c\000t\000s}{section*.127}% 124
\BOOKMARK [1][-]{section*.132}{\376\377\000T\000h\000e\000o\000r\000e\000t\000i\000c\000a\000l\000\040\000F\000r\000a\000m\000e\000w\000o\000r\000k}{}% 125
\BOOKMARK [2][-]{section*.133}{\376\377\000V\000A\000M\000\040\000P\000r\000e\000s\000s\000u\000r\000e\000\040\000G\000r\000a\000d\000i\000e\000n\000t\000\040\000T\000h\000r\000u\000s\000t}{section*.132}% 126
\BOOKMARK [2][-]{section*.134}{\376\377\000C\000y\000c\000l\000e\000\040\000B\000e\000h\000a\000v\000i\000o\000r}{section*.132}% 127
\BOOKMARK [1][-]{section*.135}{\376\377\000E\000n\000e\000r\000g\000y\000\040\000A\000n\000a\000l\000y\000s\000i\000s}{}% 128
\BOOKMARK [1][-]{section*.136}{\376\377\000C\000o\000n\000c\000l\000u\000s\000i\000o\000n\000\040\000a\000n\000d\000\040\000N\000e\000x\000t\000\040\000S\000t\000e\000p\000s}{}% 129
\BOOKMARK [2][-]{section*.137}{\376\377\0001\000.\000\040\000T\000h\000e\000\040\000E\000l\000e\000c\000t\000r\000o\000n\000\040\000a\000s\000\040\000a\000\040\000T\000o\000r\000o\000i\000d\000a\000l\000\040\000V\000o\000r\000t\000e\000x}{section*.136}% 130
\BOOKMARK [3][-]{section*.138}{\376\377\0001\000.\0001\000\040\000C\000o\000n\000c\000e\000p\000t\000u\000a\000l\000\040\000B\000a\000s\000i\000s}{section*.137}% 131
\BOOKMARK [3][-]{section*.139}{\376\377\0001\000.\0002\000\040\000P\000h\000e\000n\000o\000m\000e\000n\000o\000l\000o\000g\000i\000c\000a\000l\000\040\000C\000o\000n\000s\000e\000q\000u\000e\000n\000c\000e\000s}{section*.137}% 132
\BOOKMARK [2][-]{section*.140}{\376\377\0002\000.\000\040\000B\000l\000a\000c\000k\000\040\000H\000o\000l\000e\000\040\000H\000o\000r\000i\000z\000o\000n\000s\000\040\000a\000s\000\040\000E\000x\000t\000r\000e\000m\000e\000\040\000V\000o\000r\000t\000e\000x\000\040\000I\000n\000t\000e\000r\000i\000o\000r\000s}{section*.136}% 133
\BOOKMARK [3][-]{section*.141}{\376\377\0002\000.\0001\000\040\000R\000e\000p\000l\000a\000c\000i\000n\000g\000\040\000S\000i\000n\000g\000u\000l\000a\000r\000i\000t\000y\000\040\000w\000i\000t\000h\000\040\040\034\000V\000o\000r\000t\000e\000x\000\040\000C\000o\000l\000l\000a\000p\000s\000e\040\035}{section*.140}% 134
\BOOKMARK [3][-]{section*.142}{\376\377\0002\000.\0002\000\040\000F\000r\000a\000m\000e\000-\000D\000r\000a\000g\000g\000i\000n\000g\000\040\000a\000n\000d\000\040\000R\000o\000t\000a\000t\000i\000n\000g\000\040\040\034\000B\000l\000a\000c\000k\000\040\000H\000o\000l\000e\000s\040\035}{section*.140}% 135
\BOOKMARK [3][-]{section*.143}{\376\377\0002\000.\0003\000\040\000P\000o\000s\000s\000i\000b\000l\000e\000\040\000O\000b\000s\000e\000r\000v\000a\000b\000l\000e\000\040\000S\000i\000g\000n\000a\000t\000u\000r\000e\000s}{section*.140}% 136
\BOOKMARK [2][-]{section*.144}{\376\377\0003\000.\000\040\000V\000o\000r\000t\000i\000c\000i\000t\000y\000-\000B\000a\000s\000e\000d\000\040\000E\000x\000p\000l\000a\000n\000a\000t\000i\000o\000n\000\040\000f\000o\000r\000\040\000D\000a\000r\000k\000\040\000M\000a\000t\000t\000e\000r}{section*.136}% 137
\BOOKMARK [3][-]{section*.145}{\376\377\0003\000.\0001\000\040\000T\000h\000e\000\040\040\034\000M\000i\000s\000s\000i\000n\000g\000\040\000M\000a\000s\000s\040\035\000\040\000P\000r\000o\000b\000l\000e\000m}{section*.144}% 138
\BOOKMARK [3][-]{section*.146}{\376\377\0003\000.\0002\000\040\000G\000a\000l\000a\000c\000t\000i\000c\000\040\000H\000a\000l\000o\000s\000\040\000a\000s\000\040\000C\000o\000h\000e\000r\000e\000n\000t\000\040\000V\000o\000r\000t\000e\000x\000\040\000S\000t\000r\000u\000c\000t\000u\000r\000e\000s}{section*.144}% 139
\BOOKMARK [3][-]{section*.147}{\376\377\0003\000.\0003\000\040\000P\000r\000e\000d\000i\000c\000t\000i\000o\000n\000s\000\040\000a\000n\000d\000\040\000T\000e\000s\000t\000a\000b\000l\000e\000\040\000C\000o\000n\000s\000e\000q\000u\000e\000n\000c\000e\000s}{section*.144}% 140
\BOOKMARK [2][-]{section*.148}{\376\377\0004\000.\000\040\000C\000o\000n\000c\000l\000u\000d\000i\000n\000g\000\040\000R\000e\000m\000a\000r\000k\000s\000\040\000o\000n\000\040\000T\000o\000y\000\040\000M\000o\000d\000e\000l\000s}{section*.136}% 141
\BOOKMARK [1][-]{section*.149}{\376\377\000E\000n\000e\000r\000g\000y\000\040\000C\000o\000n\000s\000e\000r\000v\000a\000t\000i\000o\000n\000\040\000a\000n\000d\000\040\000G\000r\000a\000v\000i\000t\000y\000\040\000M\000o\000d\000i\000f\000i\000c\000a\000t\000i\000o\000n\000\040\000i\000n\000\040\000t\000h\000e\000\040\000V\000o\000r\000t\000e\000x\000\040\000\306\000t\000h\000e\000r\000\040\000M\000o\000d\000e\000l}{}% 142
\BOOKMARK [2][-]{section*.150}{\376\377\000E\000n\000e\000r\000g\000y\000\040\000C\000o\000n\000s\000e\000r\000v\000a\000t\000i\000o\000n\000\040\000a\000n\000d\000\040\000G\000r\000a\000v\000i\000t\000y\000\040\000M\000o\000d\000i\000f\000i\000c\000a\000t\000i\000o\000n}{section*.149}% 143
\BOOKMARK [2][-]{section*.151}{\376\377\000P\000r\000e\000d\000i\000c\000t\000i\000n\000g\000\040\000G\000r\000a\000v\000i\000t\000y\000\040\000M\000o\000d\000i\000f\000i\000c\000a\000t\000i\000o\000n\000\040\000U\000s\000i\000n\000g\000\040\000P\000l\000a\000s\000m\000a\000\040\000a\000n\000d\000\040\000E\000M\000\040\000F\000i\000e\000l\000d\000s}{section*.149}% 144
\BOOKMARK [3][-]{section*.152}{\376\377\000M\000a\000g\000n\000e\000t\000i\000c\000\040\000C\000o\000n\000f\000i\000n\000e\000m\000e\000n\000t\000\040\000P\000l\000a\000s\000m\000a\000\040\000\050\000T\000o\000k\000a\000m\000a\000k\000\051}{section*.151}% 145
\BOOKMARK [3][-]{section*.153}{\376\377\000R\000o\000t\000a\000t\000i\000n\000g\000\040\000M\000a\000g\000n\000e\000t\000i\000c\000\040\000F\000i\000e\000l\000d\000\040\000\050\000R\000M\000F\000\051\000\040\000M\000e\000t\000h\000o\000d}{section*.151}% 146
\BOOKMARK [3][-]{section*.154}{\376\377\000E\000l\000e\000c\000t\000r\000o\000s\000t\000a\000t\000i\000c\000\040\000R\000o\000t\000a\000t\000i\000o\000n\000\040\000v\000i\000a\000\040\000E\000\040\000\327\000B\000\040\000D\000r\000i\000f\000t}{section*.151}% 147
\BOOKMARK [2][-]{section*.155}{\376\377\000G\000e\000n\000e\000r\000a\000l\000i\000z\000e\000d\000\040\000G\000r\000a\000v\000i\000t\000y\000\040\000M\000o\000d\000i\000f\000i\000c\000a\000t\000i\000o\000n\000\040\000E\000q\000u\000a\000t\000i\000o\000n}{section*.149}% 148
\BOOKMARK [2][-]{section*.156}{\376\377\000E\000x\000p\000e\000r\000i\000m\000e\000n\000t\000a\000l\000\040\000V\000a\000l\000i\000d\000a\000t\000i\000o\000n}{section*.149}% 149
\BOOKMARK [2][-]{section*.157}{\376\377\000C\000o\000n\000c\000l\000u\000s\000i\000o\000n\000:\000\040\000E\000n\000g\000i\000n\000e\000e\000r\000i\000n\000g\000\040\000G\000r\000a\000v\000i\000t\000y\000\040\000C\000o\000n\000t\000r\000o\000l}{section*.149}% 150
\BOOKMARK [1][-]{section*.158}{\376\377\000D\000e\000r\000i\000v\000e\000d\000\040\000E\000q\000u\000a\000t\000i\000o\000n\000s\000\040\000f\000o\000r\000\040\000t\000h\000e\000\040\000V\000o\000r\000t\000e\000x\000\040\000\306\000t\000h\000e\000r\000\040\000M\000o\000d\000e\000l\000\040\000\050\000V\000A\000M\000\051}{}% 151
\BOOKMARK [2][-]{section*.159}{\376\377\000E\000l\000e\000c\000t\000r\000o\000s\000t\000a\000t\000i\000c\000-\000V\000o\000r\000t\000e\000x\000\040\000E\000n\000e\000r\000g\000y\000\040\000E\000q\000u\000i\000v\000a\000l\000e\000n\000c\000e}{section*.158}% 152
\BOOKMARK [2][-]{section*.160}{\376\377\000C\000h\000a\000r\000a\000c\000t\000e\000r\000i\000s\000t\000i\000c\000\040\000\306\000t\000h\000e\000r\000\040\000V\000o\000r\000t\000e\000x\000\040\000R\000a\000d\000i\000u\000s}{section*.158}% 153
\BOOKMARK [2][-]{section*.161}{\376\377\000\306\000t\000h\000e\000r\000i\000c\000\040\000P\000r\000e\000s\000s\000u\000r\000e\000\040\000G\000r\000a\000d\000i\000e\000n\000t}{section*.158}% 154
\BOOKMARK [2][-]{section*.162}{\376\377\000G\000r\000a\000v\000i\000t\000a\000t\000i\000o\000n\000a\000l\000-\000L\000i\000k\000e\000\040\000A\000c\000c\000e\000l\000e\000r\000a\000t\000i\000o\000n}{section*.158}% 155
\BOOKMARK [2][-]{section*.163}{\376\377\000S\000i\000g\000n\000i\000f\000i\000c\000a\000n\000c\000e}{section*.158}% 156
\BOOKMARK [1][-]{section*.164}{\376\377\000V\000A\000M\000\040\000v\000s\000.\000\040\000E\000H\000D\000:\000\040\000A\000d\000v\000a\000n\000c\000e\000d\000\040\000M\000o\000d\000e\000l\000i\000n\000g\000\040\000o\000f\000\040\000P\000r\000o\000p\000u\000l\000s\000i\000v\000e\000\040\000M\000e\000c\000h\000a\000n\000i\000s\000m\000s}{}% 157
\BOOKMARK [2][-]{section*.165}{\376\377\000C\000a\000n\000o\000n\000i\000c\000a\000l\000\040\000E\000H\000D\000\040\000M\000o\000m\000e\000n\000t\000u\000m\000\040\000F\000o\000r\000m\000u\000l\000a\000t\000i\000o\000n}{section*.164}% 158
\BOOKMARK [2][-]{section*.166}{\376\377\000V\000A\000M\000:\000\040\000\306\000t\000h\000e\000r\000i\000c\000\040\000D\000y\000n\000a\000m\000i\000c\000s\000\040\000a\000n\000d\000\040\000V\000o\000r\000t\000i\000c\000i\000t\000y\000-\000B\000a\000s\000e\000d\000\040\000T\000h\000r\000u\000s\000t}{section*.164}% 159
\BOOKMARK [2][-]{section*.167}{\376\377\000R\000o\000t\000a\000t\000i\000o\000n\000a\000l\000\040\000K\000i\000n\000e\000t\000i\000c\000s\000\040\000W\000i\000t\000h\000i\000n\000\040\000t\000h\000e\000\040\000V\000A\000M\000\040\000F\000r\000a\000m\000e\000w\000o\000r\000k}{section*.164}% 160
\BOOKMARK [2][-]{section*.168}{\376\377\000C\000o\000m\000p\000a\000r\000a\000t\000i\000v\000e\000\040\000F\000r\000a\000m\000e\000w\000o\000r\000k\000:\000\040\000V\000A\000M\000\040\000v\000s\000.\000\040\000E\000H\000D}{section*.164}% 161
\BOOKMARK [1][-]{section*.169}{\376\377\000D\000i\000s\000c\000u\000s\000s\000i\000o\000n\000\040\000/\000\040\000O\000u\000t\000l\000o\000o\000k}{}% 162
\BOOKMARK [2][-]{section*.170}{\376\377\000D\000i\000s\000c\000u\000s\000s\000i\000o\000n\000\040\000a\000n\000d\000\040\000O\000u\000t\000l\000o\000o\000k}{section*.169}% 163
\BOOKMARK [3][-]{section*.171}{\376\377\0001\000.\000\040\000S\000u\000m\000m\000a\000r\000y\000\040\000o\000f\000\040\000V\000A\000M\040\031\000s\000\040\000C\000o\000r\000e\000\040\000I\000n\000n\000o\000v\000a\000t\000i\000o\000n\000s}{section*.170}% 164
\BOOKMARK [3][-]{section*.172}{\376\377\0002\000.\000\040\000P\000o\000s\000s\000i\000b\000l\000e\000\040\000E\000x\000p\000e\000r\000i\000m\000e\000n\000t\000a\000l\000\040\000a\000n\000d\000\040\000O\000b\000s\000e\000r\000v\000a\000t\000i\000o\000n\000a\000l\000\040\000T\000e\000s\000t\000s}{section*.170}% 165
\BOOKMARK [3][-]{section*.173}{\376\377\0003\000.\000\040\000O\000p\000e\000n\000\040\000T\000h\000e\000o\000r\000e\000t\000i\000c\000a\000l\000\040\000Q\000u\000e\000s\000t\000i\000o\000n\000s}{section*.170}% 166
\BOOKMARK [3][-]{section*.174}{\376\377\0004\000.\000\040\000C\000o\000m\000p\000a\000r\000i\000s\000o\000n\000s\000\040\000t\000o\000\040\000E\000x\000i\000s\000t\000i\000n\000g\000\040\000F\000l\000u\000i\000d\000-\000B\000a\000s\000e\000d\000\040\000A\000n\000a\000l\000o\000g\000\040\000G\000r\000a\000v\000i\000t\000y}{section*.170}% 167
\BOOKMARK [3][-]{section*.175}{\376\377\0005\000.\000\040\000P\000o\000t\000e\000n\000t\000i\000a\000l\000\040\000P\000i\000t\000f\000a\000l\000l\000s\000\040\000a\000n\000d\000\040\000C\000h\000a\000l\000l\000e\000n\000g\000e\000s}{section*.170}% 168
\BOOKMARK [3][-]{section*.176}{\376\377\0006\000.\000\040\000F\000i\000n\000a\000l\000\040\000T\000h\000o\000u\000g\000h\000t\000s}{section*.170}% 169
\BOOKMARK [1][-]{section*.177}{\376\377\000R\000e\000f\000e\000r\000e\000n\000c\000e\000s}{}% 170
\BOOKMARK [1][-]{section*.178}{\376\377\000A\000p\000p\000e\000n\000d\000i\000x\000\040\0001\000.\000\040\000D\000e\000t\000a\000i\000l\000e\000d\000\040\000D\000e\000r\000i\000v\000a\000t\000i\000o\000n\000\040\000o\000f\000\040\000t\000h\000e\000\040\000S\000w\000i\000r\000l\000\040\000V\000e\000l\000o\000c\000i\000t\000y\000\040\000C\000o\000n\000s\000t\000a\000n\000t\000\040\000C\000e}{}% 171
\BOOKMARK [2][-]{section*.179}{\376\377\0001\000.\000\040\000Q\000u\000a\000n\000t\000u\000m\000\040\000o\000f\000\040\000C\000i\000r\000c\000u\000l\000a\000t\000i\000o\000n\000:\000\040\000T\000h\000e\000\040\000S\000t\000a\000r\000t\000i\000n\000g\000\040\000P\000o\000i\000n\000t}{section*.178}% 172
\BOOKMARK [3][-]{section*.180}{\376\377\0001\000.\0001\000\040\000P\000h\000y\000s\000i\000c\000a\000l\000\040\000I\000n\000t\000e\000r\000p\000r\000e\000t\000a\000t\000i\000o\000n\000\040\000i\000n\000\040\000V\000A\000M}{section*.179}% 173
\BOOKMARK [2][-]{section*.181}{\376\377\0002\000.\000\040\000G\000e\000o\000m\000e\000t\000r\000y\000\040\000o\000f\000\040\000t\000h\000e\000\040\000V\000o\000r\000t\000e\000x\000\040\000L\000o\000o\000p}{section*.178}% 174
\BOOKMARK [3][-]{section*.182}{\376\377\0002\000.\0001\000\040\000D\000e\000f\000i\000n\000i\000t\000i\000o\000n\000\040\000o\000f\000\040\000C\000i\000r\000c\000u\000l\000a\000t\000i\000o\000n\000\040}{section*.181}% 175
\BOOKMARK [3][-]{section*.183}{\376\377\0002\000.\0002\000\040\000M\000a\000t\000c\000h\000i\000n\000g\000\040\000Q\000u\000a\000n\000t\000i\000z\000e\000d\000\040\000C\000i\000r\000c\000u\000l\000a\000t\000i\000o\000n}{section*.181}% 176
\BOOKMARK [2][-]{section*.184}{\376\377\0003\000.\000\040\000C\000o\000n\000n\000e\000c\000t\000i\000n\000g\000\040\000r\000c\000\040\000t\000o\000\040\000E\000m\000p\000i\000r\000i\000c\000a\000l\000\040\000D\000a\000t\000a}{section*.178}% 177
\BOOKMARK [3][-]{section*.185}{\376\377\0003\000.\0001\000\040\000C\000h\000o\000i\000c\000e\000\040\000o\000f\000\040\000r\000c}{section*.184}% 178
\BOOKMARK [3][-]{section*.186}{\376\377\0003\000.\0002\000\040\000D\000i\000m\000e\000n\000s\000i\000o\000n\000\040\000C\000h\000e\000c\000k}{section*.184}% 179
\BOOKMARK [2][-]{section*.187}{\376\377\0004\000.\000\040\000P\000h\000y\000s\000i\000c\000a\000l\000\040\000I\000n\000t\000e\000r\000p\000r\000e\000t\000a\000t\000i\000o\000n\000\040\000a\000n\000d\000\040\000I\000m\000p\000l\000i\000c\000a\000t\000i\000o\000n\000s}{section*.178}% 180
\BOOKMARK [2][-]{section*.188}{\376\377\0005\000.\000\040\000C\000o\000n\000c\000l\000u\000s\000i\000o\000n}{section*.178}% 181
\BOOKMARK [1][-]{section*.189}{\376\377\000A\000p\000p\000e\000n\000d\000i\000x\000\040\0002\000.\000\040\000F\000u\000l\000l\000\040\000P\000o\000i\000s\000s\000o\000n\000-\000L\000i\000k\000e\000\040\000E\000q\000u\000a\000t\000i\000o\000n\000\040\000f\000o\000r\000\040\000V\000o\000r\000t\000i\000c\000i\000t\000y\000-\000B\000a\000s\000e\000d\000\040\000G\000r\000a\000v\000i\000t\000y}{}% 182
\BOOKMARK [2][-]{section*.190}{\376\377\0001\000.\000\040\000S\000e\000t\000t\000i\000n\000g\000\040\000t\000h\000e\000\040\000S\000t\000a\000g\000e\000:\000\040\000I\000n\000v\000i\000s\000c\000i\000d\000\040\000F\000l\000u\000i\000d\000\040\000a\000n\000d\000\040\000V\000o\000r\000t\000e\000x\000\040\000F\000l\000o\000w}{section*.189}% 183
\BOOKMARK [3][-]{section*.191}{\376\377\0001\000.\0001\000\040\000E\000u\000l\000e\000r\040\031\000s\000\040\000E\000q\000u\000a\000t\000i\000o\000n\000\040\000f\000o\000r\000\040\000a\000n\000\040\000I\000n\000v\000i\000s\000c\000i\000d\000\040\000F\000l\000u\000i\000d}{section*.190}% 184
\BOOKMARK [3][-]{section*.192}{\376\377\0001\000.\0002\000\040\000L\000o\000c\000a\000l\000\040\000P\000r\000e\000s\000s\000u\000r\000e\000\040\000a\000n\000d\000\040\000t\000h\000e\000\040\000E\000m\000e\000r\000g\000e\000n\000t\000\040\040\034\000P\000o\000t\000e\000n\000t\000i\000a\000l\040\035}{section*.190}% 185
\BOOKMARK [2][-]{section*.194}{\376\377\0002\000.\000\040\000R\000e\000l\000a\000t\000i\000n\000g\000\040\000C\000o\000n\000v\000e\000c\000t\000i\000v\000e\000\040\000A\000c\000c\000e\000l\000e\000r\000a\000t\000i\000o\000n\000\040\000t\000o\000\040\000V\000o\000r\000t\000i\000c\000i\000t\000y}{section*.189}% 186
\BOOKMARK [3][-]{section*.195}{\376\377\0002\000.\0001\000\040\000C\000o\000n\000v\000e\000c\000t\000i\000v\000e\000\040\000A\000c\000c\000e\000l\000e\000r\000a\000t\000i\000o\000n\000\040\000I\000d\000e\000n\000t\000i\000t\000y}{section*.194}% 187
\BOOKMARK [3][-]{section*.199}{\376\377\0002\000.\0002\000\040\000E\000x\000p\000a\000n\000d\000\040\000\050\000v\000b\000o\000l\000d\0000\000m\000u\000\040\000m\000u\000m\000u\000\040\0003\0007\000\051}{section*.194}% 188
\BOOKMARK [1][-]{section*.202}{\376\377\000I\000d\000e\000n\000t\000i\000f\000y\000i\000n\000g\000\040\000a\000\040\000P\000o\000i\000s\000s\000o\000n\000-\000L\000i\000k\000e\000\040\000E\000q\000u\000a\000t\000i\000o\000n\000\040\000f\000o\000r\000\040\000v}{}% 189
\BOOKMARK [2][-]{section*.203}{\376\377\000B\000e\000r\000n\000o\000u\000l\000l\000i\000-\000l\000i\000k\000e\000\040\000R\000e\000l\000a\000t\000i\000o\000n\000\040\000a\000n\000d\000\040\000P\000r\000e\000s\000s\000u\000r\000e}{section*.202}% 190
\BOOKMARK [2][-]{section*.204}{\376\377\000D\000e\000f\000i\000n\000i\000n\000g\000\040\0002\000\040\000v}{section*.202}% 191
\BOOKMARK [2][-]{section*.206}{\376\377\000P\000h\000y\000s\000i\000c\000a\000l\000\040\000J\000u\000s\000t\000i\000f\000i\000c\000a\000t\000i\000o\000n}{section*.202}% 192
\BOOKMARK [1][-]{section*.207}{\376\377\000F\000i\000n\000a\000l\000\040\000B\000o\000x\000e\000d\000\040\000E\000q\000u\000a\000t\000i\000o\000n}{}% 193
\BOOKMARK [1][-]{section*.208}{\376\377\000C\000o\000n\000c\000l\000u\000d\000i\000n\000g\000\040\000R\000e\000m\000a\000r\000k\000s}{}% 194
\BOOKMARK [1][-]{section*.209}{\376\377\000A\000p\000p\000e\000n\000d\000i\000x\000\040\0003\000.\000\040\000E\000x\000t\000e\000n\000d\000e\000d\000\040\000M\000a\000x\000w\000e\000l\000l\040\023\000V\000A\000M\000\040\000E\000q\000u\000a\000t\000i\000o\000n\000s\000\040\000i\000n\000\040\000I\000n\000d\000e\000x\000\040\000F\000o\000r\000m}{}% 195
\BOOKMARK [2][-]{section*.210}{\376\377\000P\000r\000e\000l\000i\000m\000i\000n\000a\000r\000i\000e\000s\000\040\000a\000n\000d\000\040\000N\000o\000t\000a\000t\000i\000o\000n}{section*.209}% 196
\BOOKMARK [2][-]{section*.211}{\376\377\000G\000a\000u\000s\000s\040\031\000s\000\040\000L\000a\000w\000\040\000f\000o\000r\000\040\000V\000A\000M\000-\000E\000l\000e\000c\000t\000r\000i\000c\000\040\000F\000i\000e\000l\000d}{section*.209}% 197
\BOOKMARK [2][-]{section*.213}{\376\377\000G\000a\000u\000s\000s\040\031\000s\000\040\000L\000a\000w\000\040\000f\000o\000r\000\040\000V\000A\000M\000-\000M\000a\000g\000n\000e\000t\000i\000c\000\040\000F\000i\000e\000l\000d}{section*.209}% 198
\BOOKMARK [2][-]{section*.215}{\376\377\000F\000a\000r\000a\000d\000a\000y\040\031\000s\000\040\000L\000a\000w\000\040\000o\000f\000\040\000I\000n\000d\000u\000c\000t\000i\000o\000n\000\040\000i\000n\000\040\000V\000A\000M}{section*.209}% 199
\BOOKMARK [2][-]{section*.217}{\376\377\000A\000m\000p\000\350\000r\000e\040\023\000M\000a\000x\000w\000e\000l\000l\000\040\000L\000a\000w\000\040\000i\000n\000\040\000V\000A\000M}{section*.209}% 200
\BOOKMARK [2][-]{section*.219}{\376\377\000W\000a\000v\000e\000\040\000P\000r\000o\000p\000a\000g\000a\000t\000i\000o\000n\000\040\000a\000n\000d\000\040\000V\000A\000M\000\040\000L\000i\000g\000h\000t\000\040\000S\000p\000e\000e\000d}{section*.209}% 201
\BOOKMARK [2][-]{section*.220}{\376\377\000P\000h\000y\000s\000i\000c\000a\000l\000\040\000I\000n\000t\000e\000r\000p\000r\000e\000t\000a\000t\000i\000o\000n\000\040\000a\000n\000d\000\040\000U\000n\000i\000f\000y\000i\000n\000g\000\040\000P\000r\000i\000n\000c\000i\000p\000l\000e\000s}{section*.209}% 202
\BOOKMARK [2][-]{section*.221}{\376\377\000C\000o\000n\000c\000l\000u\000d\000i\000n\000g\000\040\000R\000e\000m\000a\000r\000k\000s}{section*.209}% 203
\BOOKMARK [1][-]{section*.222}{\376\377\000A\000p\000p\000e\000n\000d\000i\000x\000\040\0004\000.\000\040\000T\000i\000m\000e\000-\000D\000i\000l\000a\000t\000i\000o\000n\000\040\000/\000\040\040\034\000L\000o\000c\000a\000l\000\040\000T\000i\000m\000e\040\035\000\040\000E\000q\000u\000a\000t\000i\000o\000n\000s\000\040\000w\000i\000t\000h\000\040\000E\000x\000p\000o\000n\000e\000n\000t\000i\000a\000l\000\040\000C\000o\000r\000r\000e\000c\000t\000i\000o\000n\000s}{}% 204
\BOOKMARK [2][-]{section*.223}{\376\377\0001\000.\000\040\000P\000h\000y\000s\000i\000c\000a\000l\000\040\000M\000o\000t\000i\000v\000a\000t\000i\000o\000n}{section*.222}% 205
\BOOKMARK [2][-]{section*.224}{\376\377\0002\000.\000\040\000T\000h\000e\000\040\000C\000o\000r\000e\000\040\000E\000q\000u\000a\000t\000i\000o\000n\000s\000:\000\040\000A\000n\000\040\000O\000v\000e\000r\000v\000i\000e\000w}{section*.222}% 206
\BOOKMARK [2][-]{section*.225}{\376\377\0003\000.\000\040\000S\000t\000a\000r\000t\000i\000n\000g\000\040\000P\000o\000i\000n\000t\000:\000\040\000V\000o\000r\000t\000e\000x\000-\000I\000n\000d\000u\000c\000e\000d\000\040\000E\000n\000e\000r\000g\000y\000\040\000G\000r\000a\000d\000i\000e\000n\000t}{section*.222}% 207
\BOOKMARK [3][-]{section*.226}{\376\377\0003\000.\0001\000\040\000E\000f\000f\000e\000c\000t\000i\000v\000e\000\040\000P\000o\000t\000e\000n\000t\000i\000a\000l\000\040\000a\000n\000d\000\040\000L\000o\000c\000a\000l\000\040\000C\000l\000o\000c\000k\000\040\000R\000a\000t\000e}{section*.225}% 208
\BOOKMARK [3][-]{section*.227}{\376\377\0003\000.\0002\000\040\000I\000n\000c\000l\000u\000d\000i\000n\000g\000\040\000E\000x\000p\000o\000n\000e\000n\000t\000i\000a\000l\000\040\000S\000w\000i\000r\000l\000\040\000T\000e\000r\000m\000s}{section*.225}% 209
\BOOKMARK [2][-]{section*.228}{\376\377\0004\000.\000\040\000D\000e\000r\000i\000v\000a\000t\000i\000o\000n\000\040\000O\000u\000t\000l\000i\000n\000e}{section*.222}% 210
\BOOKMARK [2][-]{section*.229}{\376\377\0005\000.\000\040\000S\000i\000m\000p\000l\000i\000f\000i\000e\000d\000\040\000E\000q\000u\000a\000t\000i\000o\000n\000\040\000f\000o\000r\000\040\000C\000o\000r\000e\000-\000D\000o\000m\000i\000n\000a\000t\000e\000d\000\040\000T\000i\000m\000e\000\040\000F\000l\000o\000w}{section*.222}% 211
\BOOKMARK [2][-]{section*.230}{\376\377\0006\000.\000\040\000P\000h\000y\000s\000i\000c\000a\000l\000\040\000I\000m\000p\000l\000i\000c\000a\000t\000i\000o\000n\000s}{section*.222}% 212
\BOOKMARK [2][-]{section*.231}{\376\377\0007\000.\000\040\000C\000o\000n\000c\000l\000u\000d\000i\000n\000g\000\040\000R\000e\000m\000a\000r\000k\000s}{section*.222}% 213
\BOOKMARK [1][-]{section*.232}{\376\377\000A\000p\000p\000e\000n\000d\000i\000x\000\040\0005\000.\000\040\000T\000h\000e\000\040\000R\000e\000l\000a\000t\000i\000o\000n\000\040\0002\0002\000\040\000M\000e\000\040\000=\000\040\000F\000\040\000R\000c\0003\0005\000\040\000c\000\040\000C\000e\000\040}{}% 214
\BOOKMARK [2][-]{section*.233}{\376\377\0001\000.\000\040\000O\000v\000e\000r\000v\000i\000e\000w\000\040\000o\000f\000\040\000S\000y\000m\000b\000o\000l\000s}{section*.232}% 215
\BOOKMARK [2][-]{section*.234}{\376\377\0002\000.\000\040\000P\000h\000y\000s\000i\000c\000a\000l\000\040\000M\000o\000t\000i\000v\000a\000t\000i\000o\000n}{section*.232}% 216
\BOOKMARK [3][-]{section*.235}{\376\377\0002\000.\0001\000\040\000M\000a\000t\000c\000h\000i\000n\000g\000\040\000a\000\040\000Q\000u\000a\000n\000t\000u\000m\000\040\000K\000i\000n\000e\000t\000i\000c\000\040\000T\000e\000r\000m}{section*.234}% 217
\BOOKMARK [3][-]{section*.236}{\376\377\0002\000.\0002\000\040\000V\000A\000M\040\031\000s\000\040\000V\000o\000r\000t\000e\000x\000-\000E\000n\000e\000r\000g\000y\000\040\000E\000x\000p\000r\000e\000s\000s\000i\000o\000n}{section*.234}% 218
\BOOKMARK [2][-]{section*.237}{\376\377\0003\000.\000\040\000T\000h\000e\000\040\000D\000e\000r\000i\000v\000a\000t\000i\000o\000n\000\040\000i\000n\000\040\000S\000t\000e\000p\000s}{section*.232}% 219
\BOOKMARK [2][-]{section*.238}{\376\377\0004\000.\000\040\000D\000i\000m\000e\000n\000s\000i\000o\000n\000a\000l\000\040\000A\000n\000a\000l\000y\000s\000i\000s}{section*.232}% 220
\BOOKMARK [3][-]{section*.239}{\376\377\0004\000.\0001\000\040\000L\000e\000f\000t\000-\000H\000a\000n\000d\000\040\000S\000i\000d\000e}{section*.238}% 221
\BOOKMARK [3][-]{section*.240}{\376\377\0004\000.\0002\000\040\000R\000i\000g\000h\000t\000-\000H\000a\000n\000d\000\040\000S\000i\000d\000e}{section*.238}% 222
\BOOKMARK [2][-]{section*.241}{\376\377\0005\000.\000\040\000I\000n\000t\000e\000r\000p\000r\000e\000t\000a\000t\000i\000o\000n\000a\000l\000\040\000N\000o\000t\000e\000s}{section*.232}% 223
\BOOKMARK [2][-]{section*.242}{\376\377\0006\000.\000\040\000C\000o\000n\000c\000l\000u\000d\000i\000n\000g\000\040\000R\000e\000m\000a\000r\000k\000s}{section*.232}% 224
\BOOKMARK [1][-]{section*.243}{\376\377\0006\000.\000\040\000D\000e\000t\000a\000i\000l\000e\000d\000\040\000K\000n\000o\000t\000\040\000T\000h\000e\000o\000r\000y\000\040\000C\000o\000n\000n\000e\000c\000t\000i\000o\000n\000s\000\040\000\050\000I\000f\000\040\000H\000e\000a\000v\000i\000l\000y\000\040\000M\000a\000t\000h\000e\000m\000a\000t\000i\000c\000a\000l\000\051}{}% 225
\BOOKMARK [2][-]{section*.244}{\376\377\0001\000.\000\040\000R\000a\000t\000i\000o\000n\000a\000l\000e\000\040\000f\000o\000r\000\040\000K\000n\000o\000t\000-\000T\000h\000e\000o\000r\000e\000t\000i\000c\000\040\000T\000r\000e\000a\000t\000m\000e\000n\000t}{section*.243}% 226
\BOOKMARK [2][-]{section*.245}{\376\377\0002\000.\000\040\000M\000a\000t\000h\000e\000m\000a\000t\000i\000c\000a\000l\000\040\000F\000o\000u\000n\000d\000a\000t\000i\000o\000n\000s}{section*.243}% 227
\BOOKMARK [3][-]{section*.246}{\376\377\0002\000.\0001\000\040\000L\000i\000n\000k\000i\000n\000g\000\040\000N\000u\000m\000b\000e\000r\000\040\000a\000n\000d\000\040\000K\000n\000o\000t\000\040\000P\000o\000l\000y\000n\000o\000m\000i\000a\000l\000s}{section*.245}% 228
\BOOKMARK [3][-]{section*.247}{\376\377\0002\000.\0002\000\040\000R\000e\000i\000d\000e\000m\000e\000i\000s\000t\000e\000r\000\040\000M\000o\000v\000e\000s\000\040\000a\000n\000d\000\040\000V\000o\000r\000t\000e\000x\000\040\000R\000e\000c\000o\000n\000n\000e\000c\000t\000i\000o\000n}{section*.245}% 229
\BOOKMARK [2][-]{section*.248}{\376\377\0003\000.\000\040\000H\000e\000l\000i\000c\000i\000t\000y\000\040\000a\000s\000\040\000a\000\040\000T\000o\000p\000o\000l\000o\000g\000i\000c\000a\000l\000\040\000M\000e\000a\000s\000u\000r\000e\000\040\000o\000f\000\040\040\034\000C\000h\000a\000r\000g\000e\040\035}{section*.243}% 230
\BOOKMARK [3][-]{section*.249}{\376\377\0003\000.\0001\000\040\000H\000e\000l\000i\000c\000i\000t\000y\000\040\000I\000n\000t\000e\000g\000r\000a\000l}{section*.248}% 231
\BOOKMARK [3][-]{section*.250}{\376\377\0003\000.\0002\000\040\000L\000i\000n\000k\000i\000n\000g\000\040\000N\000u\000m\000b\000e\000r\000\040\000R\000e\000l\000a\000t\000i\000o\000n}{section*.248}% 232
\BOOKMARK [2][-]{section*.251}{\376\377\0004\000.\000\040\000P\000o\000t\000e\000n\000t\000i\000a\000l\000\040\000P\000a\000r\000t\000i\000c\000l\000e\000\040\000M\000a\000p\000p\000i\000n\000g}{section*.243}% 233
\BOOKMARK [2][-]{section*.252}{\376\377\0005\000.\000\040\000O\000p\000e\000n\000\040\000Q\000u\000e\000s\000t\000i\000o\000n\000s\000\040\000a\000n\000d\000\040\000T\000h\000e\000o\000r\000e\000t\000i\000c\000a\000l\000\040\000E\000x\000t\000e\000n\000s\000i\000o\000n\000s}{section*.243}% 234
\BOOKMARK [2][-]{section*.253}{\376\377\0006\000.\000\040\000C\000o\000n\000c\000l\000u\000s\000i\000o\000n\000\040\000a\000n\000d\000\040\000O\000u\000t\000l\000o\000o\000k}{section*.243}% 235
\BOOKMARK [1][-]{section*.254}{\376\377\000D\000e\000r\000i\000v\000a\000t\000i\000o\000n\000\040\000o\000f\000\040\000t\000h\000e\000\040\000F\000i\000n\000e\000-\000S\000t\000r\000u\000c\000t\000u\000r\000e\000\040\000C\000o\000n\000s\000t\000a\000n\000t\000\040\000f\000r\000o\000m\000\040\000V\000o\000r\000t\000e\000x\000\040\000M\000e\000c\000h\000a\000n\000i\000c\000s}{}% 236
\BOOKMARK [2][-]{section*.255}{\376\377\000Q\000u\000a\000n\000t\000i\000z\000a\000t\000i\000o\000n\000\040\000o\000f\000\040\000C\000i\000r\000c\000u\000l\000a\000t\000i\000o\000n}{section*.254}% 237
\BOOKMARK [2][-]{section*.256}{\376\377\000R\000e\000l\000a\000t\000i\000o\000n\000\040\000t\000o\000\040\000t\000h\000e\000\040\000S\000p\000e\000e\000d\000\040\000o\000f\000\040\000L\000i\000g\000h\000t}{section*.254}% 238
\BOOKMARK [1][-]{section*.257}{\376\377\000D\000e\000r\000i\000v\000a\000t\000i\000o\000n\000\040\000o\000f\000\040\000t\000h\000e\000\040\000R\000e\000f\000i\000n\000e\000d\000\040\000\306\000t\000h\000e\000r\000i\000c\000\040\000W\000a\000v\000e\000\040\000E\000q\000u\000a\000t\000i\000o\000n}{}% 239
\BOOKMARK [2][-]{section*.258}{\376\377\000S\000t\000a\000r\000t\000i\000n\000g\000\040\000P\000o\000i\000n\000t\000:\000\040\000E\000u\000l\000e\000r\000'\000s\000\040\000V\000o\000r\000t\000i\000c\000i\000t\000y\000\040\000E\000q\000u\000a\000t\000i\000o\000n}{section*.257}% 240
\BOOKMARK [2][-]{section*.259}{\376\377\000P\000e\000r\000t\000u\000r\000b\000a\000t\000i\000o\000n\000\040\000F\000o\000r\000m\000u\000l\000a\000t\000i\000o\000n}{section*.257}% 241
\BOOKMARK [2][-]{section*.260}{\376\377\000I\000n\000t\000r\000o\000d\000u\000c\000i\000n\000g\000\040\000V\000o\000r\000t\000e\000x\000\040\000E\000l\000a\000s\000t\000i\000c\000i\000t\000y}{section*.257}% 242
\BOOKMARK [2][-]{section*.261}{\376\377\000D\000e\000r\000i\000v\000a\000t\000i\000o\000n\000\040\000o\000f\000\040\000t\000h\000e\000\040\000G\000e\000n\000e\000r\000a\000l\000i\000z\000e\000d\000\040\000W\000a\000v\000e\000\040\000E\000q\000u\000a\000t\000i\000o\000n}{section*.257}% 243
\BOOKMARK [2][-]{section*.262}{\376\377\000P\000r\000o\000p\000a\000g\000a\000t\000i\000o\000n\000\040\000S\000p\000e\000e\000d\000\040\000a\000n\000d\000\040\000S\000p\000e\000e\000d\000\040\000o\000f\000\040\000L\000i\000g\000h\000t}{section*.257}% 244
\BOOKMARK [2][-]{section*.263}{\376\377\000E\000x\000p\000l\000i\000c\000i\000t\000\040\000I\000d\000e\000n\000t\000i\000f\000i\000c\000a\000t\000i\000o\000n\000\040\000w\000i\000t\000h\000\040\000S\000p\000e\000e\000d\000\040\000o\000f\000\040\000L\000i\000g\000h\000t\000\040\000c\000c}{section*.257}% 245
\BOOKMARK [2][-]{section*.264}{\376\377\000H\000e\000l\000i\000c\000i\000t\000y\000\040\000a\000n\000d\000\040\000B\000o\000u\000n\000d\000a\000r\000y\000\040\000C\000o\000n\000d\000i\000t\000i\000o\000n\000s}{section*.257}% 246
\BOOKMARK [2][-]{section*.265}{\376\377\000F\000i\000n\000a\000l\000\040\000F\000o\000r\000m\000\040\000o\000f\000\040\000t\000h\000e\000\040\000R\000e\000f\000i\000n\000e\000d\000\040\000\306\000t\000h\000e\000r\000i\000c\000\040\000W\000a\000v\000e\000\040\000E\000q\000u\000a\000t\000i\000o\000n}{section*.257}% 247
\BOOKMARK [1][-]{section*.266}{\376\377\000D\000e\000r\000i\000v\000a\000t\000i\000o\000n\000\040\000o\000f\000\040\000t\000h\000e\000\040\000V\000o\000r\000t\000e\000x\000\040\000S\000w\000e\000l\000l\000i\000n\000g\000\040\000F\000o\000r\000m\000u\000l\000a}{}% 248
\BOOKMARK [2][-]{section*.267}{\376\377\000T\000e\000m\000p\000e\000r\000a\000t\000u\000r\000e\000\040\000D\000e\000p\000e\000n\000d\000e\000n\000c\000e}{section*.266}% 249
\BOOKMARK [2][-]{section*.268}{\376\377\000P\000h\000y\000s\000i\000c\000a\000l\000\040\000I\000n\000t\000e\000r\000p\000r\000e\000t\000a\000t\000i\000o\000n}{section*.266}% 250
\BOOKMARK [1][-]{section*.269}{\376\377\000D\000e\000r\000i\000v\000a\000t\000i\000o\000n\000\040\000o\000f\000\040\000t\000h\000e\000\040\000W\000a\000v\000e\000\040\000E\000q\000u\000a\000t\000i\000o\000n}{}% 251
\BOOKMARK [1][-]{section*.270}{\376\377\000D\000e\000r\000i\000v\000a\000t\000i\000o\000n\000\040\000o\000f\000\040\000t\000h\000e\000\040\000G\000r\000a\000v\000i\000t\000a\000t\000i\000o\000n\000a\000l\000\040\000M\000o\000d\000i\000f\000i\000c\000a\000t\000i\000o\000n\000\040\000E\000q\000u\000a\000t\000i\000o\000n}{}% 252
\BOOKMARK [1][-]{section*.271}{\376\377\000V\000A\000M\000\040\000G\000r\000a\000v\000i\000t\000a\000t\000i\000o\000n\000a\000l\000\040\000F\000i\000e\000l\000d\000\040\000f\000r\000o\000m\000\040\000\306\000t\000h\000e\000r\000\040\000V\000o\000r\000t\000i\000c\000i\000t\000y\000:}{}% 253
\BOOKMARK [2][-]{section*.272}{\376\377\000D\000i\000r\000e\000c\000t\000i\000o\000n\000a\000l\000\040\000G\000r\000a\000v\000i\000t\000y\000\040\000M\000a\000n\000i\000p\000u\000l\000a\000t\000i\000o\000n}{section*.271}% 254
\BOOKMARK [2][-]{section*.273}{\376\377\000Q\000u\000a\000n\000t\000u\000m\000-\000S\000c\000a\000l\000e\000\040\000\306\000t\000h\000e\000r\000\040\000F\000l\000o\000w\000\040\000E\000f\000f\000e\000c\000t\000s}{section*.271}% 255
\BOOKMARK [2][-]{section*.274}{\376\377\000S\000u\000m\000m\000a\000r\000y\000\040\040\023\000\040\000E\000q\000u\000a\000t\000i\000o\000n\000s\000\040\000f\000o\000r\000\040\000G\000r\000a\000v\000i\000t\000a\000t\000i\000o\000n\000a\000l\000\040\000M\000o\000d\000i\000f\000i\000c\000a\000t\000i\000o\000n}{section*.271}% 256
