\BOOKMARK [1][-]{section*.1}{\376\377\000C\000o\000r\000e\000\040\000A\000s\000s\000u\000m\000p\000t\000i\000o\000n\000s}{}% 1
\BOOKMARK [2][-]{section*.2}{\376\377\000I\000n\000t\000r\000o\000d\000u\000c\000t\000i\000o\000n\000\040\000t\000o\000\040\000F\000l\000u\000i\000d\000\040\000D\000y\000n\000a\000m\000i\000c\000s\000\040\000a\000n\000d\000\040\000V\000o\000r\000t\000i\000c\000i\000t\000y\000\040\000C\000o\000n\000s\000e\000r\000v\000a\000t\000i\000o\000n}{section*.1}% 2
\BOOKMARK [2][-]{section*.3}{\376\377\000V\000o\000r\000t\000i\000c\000i\000t\000y\000-\000I\000n\000d\000u\000c\000e\000d\000\040\000G\000r\000a\000v\000i\000t\000y}{section*.1}% 3
\BOOKMARK [1][-]{section*.4}{\376\377\000T\000i\000m\000e\000\040\000D\000i\000l\000a\000t\000i\000o\000n\000\040\000i\000n\000\040\000t\000h\000e\000\040\000\306\000t\000h\000e\000r\000-\000V\000o\000r\000t\000e\000x\000\040\000M\000o\000d\000e\000l}{}% 4
\BOOKMARK [2][-]{section*.5}{\376\377\000B\000e\000r\000n\000o\000u\000l\000l\000i\000-\000B\000a\000s\000e\000d\000\040\000L\000o\000c\000a\000l\000\040\000T\000i\000m\000e\000\040\000M\000o\000d\000u\000l\000a\000t\000i\000o\000n}{section*.4}% 5
\BOOKMARK [2][-]{section*.6}{\376\377\000H\000e\000u\000r\000i\000s\000t\000i\000c\000\040\000T\000i\000m\000e\000\040\000M\000o\000d\000u\000l\000a\000t\000i\000o\000n\000\040\000b\000y\000\040\000K\000n\000o\000t\000\040\000R\000o\000t\000a\000t\000i\000o\000n}{section*.4}% 6
\BOOKMARK [2][-]{section*.7}{\376\377\000V\000o\000r\000t\000i\000c\000i\000t\000y\000-\000I\000n\000d\000u\000c\000e\000d\000\040\000G\000r\000a\000v\000i\000t\000a\000t\000i\000o\000n\000a\000l\000\040\000T\000i\000m\000e\000\040\000D\000i\000l\000a\000t\000i\000o\000n}{section*.4}% 7
\BOOKMARK [2][-]{section*.8}{\376\377\000K\000e\000r\000r\000-\000L\000i\000k\000e\000\040\000T\000i\000m\000e\000\040\000A\000d\000j\000u\000s\000t\000m\000e\000n\000t}{section*.4}% 8
\BOOKMARK [2][-]{section*.9}{\376\377\000C\000o\000n\000c\000l\000u\000s\000i\000o\000n\000\040\000a\000n\000d\000\040\000E\000x\000p\000e\000r\000i\000m\000e\000n\000t\000a\000l\000\040\000O\000u\000t\000l\000o\000o\000k}{section*.4}% 9
\BOOKMARK [1][-]{section*.10}{\376\377\000T\000i\000m\000e\000\040\000M\000o\000d\000u\000l\000a\000t\000i\000o\000n\000\040\000b\000y\000\040\000V\000o\000r\000t\000e\000x\000\040\000K\000n\000o\000t\000\040\000R\000o\000t\000a\000t\000i\000o\000n}{}% 10
\BOOKMARK [2][-]{section*.11}{\376\377\000T\000i\000m\000e\000\040\000m\000o\000d\000u\000l\000a\000t\000i\000o\000n\000\040\000f\000r\000o\000m\000\040\000a\000\040\000v\000o\000r\000t\000e\000x\000-\000t\000h\000e\000o\000r\000e\000t\000i\000c\000\040\000b\000a\000s\000i\000s\000.}{section*.10}% 11
\BOOKMARK [2][-]{section*.12}{\376\377\000H\000y\000p\000o\000t\000h\000e\000s\000i\000s\000:\000\040\000T\000i\000m\000e\000\040\000R\000a\000t\000e\000\040\000D\000e\000p\000e\000n\000d\000s\000\040\000o\000n\000\040\000K\000n\000o\000t\000\040\000R\000o\000t\000a\000t\000i\000o\000n}{section*.10}% 12
\BOOKMARK [2][-]{section*.13}{\376\377\000I\000n\000t\000e\000r\000p\000r\000e\000t\000a\000t\000i\000o\000n\000\040\000o\000f\000\040\000E\000q\000u\000a\000t\000i\000o\000n\000\040\0001\0007}{section*.10}% 13
\BOOKMARK [2][-]{section*.14}{\376\377\000T\000o\000p\000o\000l\000o\000g\000i\000c\000a\000l\000\040\000a\000n\000d\000\040\000P\000h\000y\000s\000i\000c\000a\000l\000\040\000J\000u\000s\000t\000i\000f\000i\000c\000a\000t\000i\000o\000n}{section*.10}% 14
\BOOKMARK [1][-]{section*.15}{\376\377\000p\000r\000o\000p\000e\000r\000\040\000t\000i\000m\000e\000\040\000f\000o\000r\000\040\000a\000\040\000r\000o\000t\000a\000t\000i\000n\000g\000\040\000o\000b\000s\000e\000r\000v\000e\000r}{}% 15
\BOOKMARK [2][-]{section*.16}{\376\377\000K\000e\000r\000r\000-\000L\000i\000k\000e\000\040\000T\000i\000m\000e\000\040\000A\000d\000j\000u\000s\000t\000m\000e\000n\000t\000\040\000f\000r\000o\000m\000\040\000V\000o\000r\000t\000i\000c\000i\000t\000y\000\040\000a\000n\000d\000\040\000C\000i\000r\000c\000u\000l\000a\000t\000i\000o\000n}{section*.15}% 16
\BOOKMARK [1][-]{section*.17}{\376\377\000R\000e\000f\000e\000r\000e\000n\000c\000e\000s}{}% 17
\BOOKMARK [1][-]{section*.18}{\376\377\000A\000p\000p\000e\000n\000d\000i\000x}{}% 18
\BOOKMARK [2][-]{section*.19}{\376\377\000I\000.\000\040\000V\000o\000r\000t\000e\000x\000\040\000K\000n\000o\000t\000s\000\040\000a\000s\000\040\000P\000a\000r\000t\000i\000c\000l\000e\000s}{section*.18}% 19
\BOOKMARK [2][-]{section*.20}{\376\377\000H\000e\000l\000i\000c\000i\000t\000y\000\040\000a\000s\000\040\000P\000a\000r\000t\000i\000c\000l\000e\000\040\000I\000d\000e\000n\000t\000i\000t\000y}{section*.18}% 20
\BOOKMARK [2][-]{section*.21}{\376\377\000I\000I\000.\000\040\000V\000o\000r\000t\000e\000x\000\040\000T\000h\000r\000e\000a\000d\000\040\000I\000n\000t\000e\000r\000a\000c\000t\000i\000o\000n}{section*.18}% 21
\BOOKMARK [2][-]{section*.22}{\376\377\000I\000I\000I\000.\000\040\000T\000h\000e\000r\000m\000o\000d\000y\000n\000a\000m\000i\000c\000\040\000\040\000Q\000u\000a\000n\000t\000u\000m\000\040\000B\000e\000h\000a\000v\000i\000o\000r\000\040\000f\000r\000o\000m\000\040\000V\000o\000r\000t\000i\000c\000i\000t\000y\000\040\000F\000l\000u\000c\000t\000u\000a\000t\000i\000o\000n\000s}{section*.18}% 22
\BOOKMARK [2][-]{section*.23}{\376\377\000Q\000u\000a\000n\000t\000u\000m\000\040\000V\000o\000r\000t\000i\000c\000i\000t\000y\000\040\000B\000a\000c\000k\000g\000r\000o\000u\000n\000d}{section*.18}% 23
