This is pdfTeX, Version 3.141592653-2.6-1.40.25 (MiKTeX 24.1) (preloaded format=pdflatex 2025.2.28)  27 MAR 2025 23:44
entering extended mode
 restricted \write18 enabled.
 file:line:error style messages enabled.
 %&-line parsing enabled.
**./GR_in_3d.tex
(GR_in_3d.tex
LaTeX2e <2024-11-01> patch level 2
L3 programming layer <2025-01-18>
(C:\Users\mr\AppData\Local\MiKTeX\tex/latex/revtex4\revtex4.cls
Document Class: revtex4 2020/09/30 v4.0a (http://publish.aps.org/revtex4/ for d
ocumentation)
 Copyright (c) 2001 The American Physical Society.
 mailto:revtex@aps.org
 Licensed under the LPPL:
http://www.ctan.org/tex-archive/macros/latex/base/lppl.txt
 Arthur Ogawa <ogawa@teleport.com>
 Based on work by David Carlisle <david@dcarlisle.demon.co.uk>.
ltxutil: portions licensed from W. E. Baxter (web@superscript.com)
Class revtex4 Info: Repairing broken LateX \@sect on input line 640.
\intertabularlinepenalty=\count196
\@tbpen=\count197
\@arstrutbox@hline=\box52
Class revtex4 Info: Repairing broken LaTeX \@xbitor on input line 1654.
ltxgrid: portions licensed from W. E. Baxter (web@superscript.com)
\c@linecount=\count198
\output=\toks17
\@protection@box=\box53
\@topmark@saved=\toks18
\footins@saved=\box54
\pagesofar=\box55
\footbox=\box56
\pagegrid@col=\count199
Class revtex4 Info: Incorporating package {textcase}  [1998/11/12 v0.06 Text on
ly upper/lower case changing (DPC)]. on input line 3736.
(C:\Users\mr\AppData\Local\MiKTeX\tex/latex/url\url.sty
\Urlmuskip=\muskip17
Package: url 2013/09/16  ver 3.4  Verb mode for urls, etc.
)
\c@affil=\count266
\absbox=\box57
\c@part=\count267
\c@section=\count268
\c@subsection=\count269
\c@subsubsection=\count270
\c@paragraph=\count271
\c@subparagraph=\count272
\abovecaptionskip=\skip49
\belowcaptionskip=\skip50
\c@figure=\count273
\c@table=\count274

(C:\Users\mr\AppData\Local\MiKTeX\tex/latex/natbib\natbib.sty
Package: natbib 2010/09/13 8.31b (PWD, AO)
\bibhang=\skip51
\bibsep=\skip52
LaTeX Info: Redefining \cite on input line 694.
\c@NAT@ctr=\count275
)
\widetext@top=\box58
\widetext@bot=\box59

(C:\Users\mr\AppData\Local\MiKTeX\tex/latex/revtex4\revsymb.sty
Package: revsymb 2020/09/30 v4.0a (http://publish.aps.org/revtex4/ for document
ation)
LaTeX Info: Redefining \REV@mathfrak on input line 118.
))
(C:\Users\mr\AppData\Local\MiKTeX\tex/latex/revtex4\aps.rtx
File: aps.rtx 2020/09/30 v4.0a (http://publish.aps.org/revtex4/ for documentati
on)
)
(C:\Users\mr\AppData\Local\MiKTeX\tex/latex/revtex4\12pt.rtx
File: 12pt.rtx 2020/09/30 v4.0a (http://publish.aps.org/revtex4/ for documentat
ion)
)
(C:\Users\mr\AppData\Local\MiKTeX\tex/latex/tools\array.sty
Package: array 2024/10/17 v2.6g Tabular extension package (FMi)
\col@sep=\dimen141
\ar@mcellbox=\box60
\extrarowheight=\dimen142
\NC@list=\toks19
\extratabsurround=\skip53
\backup@length=\skip54
\ar@cellbox=\box61
)
(C:\Users\mr\AppData\Local\MiKTeX\tex/latex/booktabs\booktabs.sty
Package: booktabs 2020/01/12 v1.61803398 Publication quality tables
\heavyrulewidth=\dimen143
\lightrulewidth=\dimen144
\cmidrulewidth=\dimen145
\belowrulesep=\dimen146
\belowbottomsep=\dimen147
\aboverulesep=\dimen148
\abovetopsep=\dimen149
\cmidrulesep=\dimen150
\cmidrulekern=\dimen151
\defaultaddspace=\dimen152
\@cmidla=\count276
\@cmidlb=\count277
\@aboverulesep=\dimen153
\@belowrulesep=\dimen154
\@thisruleclass=\count278
\@lastruleclass=\count279
\@thisrulewidth=\dimen155
)
(C:\Users\mr\AppData\Local\MiKTeX\tex/latex/amsmath\amsmath.sty
Package: amsmath 2024/11/05 v2.17t AMS math features
\@mathmargin=\skip55

For additional information on amsmath, use the `?' option.
(C:\Users\mr\AppData\Local\MiKTeX\tex/latex/amsmath\amstext.sty
Package: amstext 2021/08/26 v2.01 AMS text

(C:\Users\mr\AppData\Local\MiKTeX\tex/latex/amsmath\amsgen.sty
File: amsgen.sty 1999/11/30 v2.0 generic functions
\@emptytoks=\toks20
\ex@=\dimen156
))
(C:\Users\mr\AppData\Local\MiKTeX\tex/latex/amsmath\amsbsy.sty
Package: amsbsy 1999/11/29 v1.2d Bold Symbols
\pmbraise@=\dimen157
)
(C:\Users\mr\AppData\Local\MiKTeX\tex/latex/amsmath\amsopn.sty
Package: amsopn 2022/04/08 v2.04 operator names
)
\inf@bad=\count280
LaTeX Info: Redefining \frac on input line 233.
\uproot@=\count281
\leftroot@=\count282
LaTeX Info: Redefining \overline on input line 398.
LaTeX Info: Redefining \colon on input line 409.
\classnum@=\count283
\DOTSCASE@=\count284
LaTeX Info: Redefining \ldots on input line 495.
LaTeX Info: Redefining \dots on input line 498.
LaTeX Info: Redefining \cdots on input line 619.
\Mathstrutbox@=\box62
\strutbox@=\box63
LaTeX Info: Redefining \big on input line 721.
LaTeX Info: Redefining \Big on input line 722.
LaTeX Info: Redefining \bigg on input line 723.
LaTeX Info: Redefining \Bigg on input line 724.
\big@size=\dimen158
LaTeX Font Info:    Redeclaring font encoding OML on input line 742.
LaTeX Font Info:    Redeclaring font encoding OMS on input line 743.
\macc@depth=\count285
LaTeX Info: Redefining \bmod on input line 904.
LaTeX Info: Redefining \pmod on input line 909.
LaTeX Info: Redefining \smash on input line 939.
LaTeX Info: Redefining \relbar on input line 969.
LaTeX Info: Redefining \Relbar on input line 970.
\c@MaxMatrixCols=\count286
\dotsspace@=\muskip18
\c@parentequation=\count287
\dspbrk@lvl=\count288
\tag@help=\toks21
\row@=\count289
\column@=\count290
\maxfields@=\count291
\andhelp@=\toks22
\eqnshift@=\dimen159
\alignsep@=\dimen160
\tagshift@=\dimen161
\tagwidth@=\dimen162
\totwidth@=\dimen163
\lineht@=\dimen164
\@envbody=\toks23
\multlinegap=\skip56
\multlinetaggap=\skip57
\mathdisplay@stack=\toks24
LaTeX Info: Redefining \[ on input line 2953.
LaTeX Info: Redefining \] on input line 2954.
)
(C:\Users\mr\AppData\Local\MiKTeX\tex/latex/amsfonts\amssymb.sty
Package: amssymb 2013/01/14 v3.01 AMS font symbols

(C:\Users\mr\AppData\Local\MiKTeX\tex/latex/amsfonts\amsfonts.sty
Package: amsfonts 2013/01/14 v3.01 Basic AMSFonts support
\symAMSa=\mathgroup4
\symAMSb=\mathgroup5
LaTeX Font Info:    Redeclaring math symbol \hbar on input line 98.
LaTeX Font Info:    Overwriting math alphabet `\mathfrak' in version `bold'
(Font)                  U/euf/m/n --> U/euf/b/n on input line 106.
LaTeX Info: Redefining \frak on input line 111.
LaTeX Info: Redefining \Bbb on input line 113.
))
(C:\Users\mr\AppData\Local\MiKTeX\tex/latex/graphics\graphicx.sty
Package: graphicx 2021/09/16 v1.2d Enhanced LaTeX Graphics (DPC,SPQR)

(C:\Users\mr\AppData\Local\MiKTeX\tex/latex/graphics\keyval.sty
Package: keyval 2022/05/29 v1.15 key=value parser (DPC)
\KV@toks@=\toks25
)
(C:\Users\mr\AppData\Local\MiKTeX\tex/latex/graphics\graphics.sty
Package: graphics 2024/08/06 v1.4g Standard LaTeX Graphics (DPC,SPQR)

(C:\Users\mr\AppData\Local\MiKTeX\tex/latex/graphics\trig.sty
Package: trig 2023/12/02 v1.11 sin cos tan (DPC)
)
(C:\Users\mr\AppData\Local\MiKTeX\tex/latex/graphics-cfg\graphics.cfg
File: graphics.cfg 2016/06/04 v1.11 sample graphics configuration
)
Package graphics Info: Driver file: pdftex.def on input line 106.

(C:\Users\mr\AppData\Local\MiKTeX\tex/latex/graphics-def\pdftex.def
File: pdftex.def 2024/04/13 v1.2c Graphics/color driver for pdftex
))
\Gin@req@height=\dimen165
\Gin@req@width=\dimen166
)
(C:\Users\mr\AppData\Local\MiKTeX\tex/latex/hyperref\hyperref.sty
Package: hyperref 2024-11-05 v7.01l Hypertext links for LaTeX

(C:\Users\mr\AppData\Local\MiKTeX\tex/generic/iftex\iftex.sty
Package: iftex 2024/12/12 v1.0g TeX engine tests
)
(C:\Users\mr\AppData\Local\MiKTeX\tex/latex/kvsetkeys\kvsetkeys.sty
Package: kvsetkeys 2022-10-05 v1.19 Key value parser (HO)
)
(C:\Users\mr\AppData\Local\MiKTeX\tex/generic/kvdefinekeys\kvdefinekeys.sty
Package: kvdefinekeys 2019-12-19 v1.6 Define keys (HO)
)
(C:\Users\mr\AppData\Local\MiKTeX\tex/generic/pdfescape\pdfescape.sty
Package: pdfescape 2019/12/09 v1.15 Implements pdfTeX's escape features (HO)

(C:\Users\mr\AppData\Local\MiKTeX\tex/generic/ltxcmds\ltxcmds.sty
Package: ltxcmds 2023-12-04 v1.26 LaTeX kernel commands for general use (HO)
)
(C:\Users\mr\AppData\Local\MiKTeX\tex/generic/pdftexcmds\pdftexcmds.sty
Package: pdftexcmds 2020-06-27 v0.33 Utility functions of pdfTeX for LuaTeX (HO
)

(C:\Users\mr\AppData\Local\MiKTeX\tex/generic/infwarerr\infwarerr.sty
Package: infwarerr 2019/12/03 v1.5 Providing info/warning/error messages (HO)
)
Package pdftexcmds Info: \pdf@primitive is available.
Package pdftexcmds Info: \pdf@ifprimitive is available.
Package pdftexcmds Info: \pdfdraftmode found.
))
(C:\Users\mr\AppData\Local\MiKTeX\tex/latex/hycolor\hycolor.sty
Package: hycolor 2020-01-27 v1.10 Color options for hyperref/bookmark (HO)
)
(C:\Users\mr\AppData\Local\MiKTeX\tex/latex/hyperref\nameref.sty
Package: nameref 2023-11-26 v2.56 Cross-referencing by name of section

(C:\Users\mr\AppData\Local\MiKTeX\tex/latex/refcount\refcount.sty
Package: refcount 2019/12/15 v3.6 Data extraction from label references (HO)
)
(C:\Users\mr\AppData\Local\MiKTeX\tex/generic/gettitlestring\gettitlestring.sty
Package: gettitlestring 2019/12/15 v1.6 Cleanup title references (HO)
(C:\Users\mr\AppData\Local\MiKTeX\tex/latex/kvoptions\kvoptions.sty
Package: kvoptions 2022-06-15 v3.15 Key value format for package options (HO)
))

Package nameref Warning: The definition of \label has changed! 
(nameref)                Check your packages! 
(nameref)                Replacing it with the kernel definition on input line 
149.

\c@section@level=\count292
) (C:\Users\mr\AppData\Local\MiKTeX\tex/latex/etoolbox\etoolbox.sty
Package: etoolbox 2025/02/11 v2.5l e-TeX tools for LaTeX (JAW)
\etb@tempcnta=\count293
)
(C:\Users\mr\AppData\Local\MiKTeX\tex/generic/stringenc\stringenc.sty
Package: stringenc 2019/11/29 v1.12 Convert strings between diff. encodings (HO
)
)
\@linkdim=\dimen167
\Hy@linkcounter=\count294
\Hy@pagecounter=\count295

(C:\Users\mr\AppData\Local\MiKTeX\tex/latex/hyperref\pd1enc.def
File: pd1enc.def 2024-11-05 v7.01l Hyperref: PDFDocEncoding definition (HO)
Now handling font encoding PD1 ...
... no UTF-8 mapping file for font encoding PD1
)
(C:\Users\mr\AppData\Local\MiKTeX\tex/generic/intcalc\intcalc.sty
Package: intcalc 2019/12/15 v1.3 Expandable calculations with integers (HO)
)
\Hy@SavedSpaceFactor=\count296

(C:\Users\mr\AppData\Local\MiKTeX\tex/latex/hyperref\puenc.def
File: puenc.def 2024-11-05 v7.01l Hyperref: PDF Unicode definition (HO)
Now handling font encoding PU ...
... no UTF-8 mapping file for font encoding PU
)
Package hyperref Info: Hyper figures OFF on input line 4157.
Package hyperref Info: Link nesting OFF on input line 4162.
Package hyperref Info: Hyper index ON on input line 4165.
Package hyperref Info: Plain pages OFF on input line 4172.
Package hyperref Info: Backreferencing OFF on input line 4177.
Package hyperref Info: Implicit mode ON; LaTeX internals redefined.
Package hyperref Info: Bookmarks ON on input line 4424.
\c@Hy@tempcnt=\count297
LaTeX Info: Redefining \url on input line 4763.
\XeTeXLinkMargin=\dimen168

(C:\Users\mr\AppData\Local\MiKTeX\tex/generic/bitset\bitset.sty
Package: bitset 2019/12/09 v1.3 Handle bit-vector datatype (HO)

(C:\Users\mr\AppData\Local\MiKTeX\tex/generic/bigintcalc\bigintcalc.sty
Package: bigintcalc 2019/12/15 v1.5 Expandable calculations on big integers (HO
)
))
\Fld@menulength=\count298
\Field@Width=\dimen169
\Fld@charsize=\dimen170
Package hyperref Info: Hyper figures OFF on input line 6042.
Package hyperref Info: Link nesting OFF on input line 6047.
Package hyperref Info: Hyper index ON on input line 6050.
Package hyperref Info: backreferencing OFF on input line 6057.
Package hyperref Info: Link coloring OFF on input line 6062.
Package hyperref Info: Link coloring with OCG OFF on input line 6067.
Package hyperref Info: PDF/A mode OFF on input line 6072.

(C:\Users\mr\AppData\Local\MiKTeX\tex/latex/base\atbegshi-ltx.sty
Package: atbegshi-ltx 2021/01/10 v1.0c Emulation of the original atbegshi
package with kernel methods
)
\Hy@abspage=\count299
\c@Item=\count300
\c@Hfootnote=\count301
)
Package hyperref Info: Driver (autodetected): hpdftex.

(C:\Users\mr\AppData\Local\MiKTeX\tex/latex/hyperref\hpdftex.def
File: hpdftex.def 2024-11-05 v7.01l Hyperref driver for pdfTeX

(C:\Users\mr\AppData\Local\MiKTeX\tex/latex/base\atveryend-ltx.sty
Package: atveryend-ltx 2020/08/19 v1.0a Emulation of the original atveryend pac
kage
with kernel methods
)
\Fld@listcount=\count302
\c@bookmark@seq@number=\count303

(C:\Users\mr\AppData\Local\MiKTeX\tex/latex/rerunfilecheck\rerunfilecheck.sty
Package: rerunfilecheck 2022-07-10 v1.10 Rerun checks for auxiliary files (HO)

(C:\Users\mr\AppData\Local\MiKTeX\tex/generic/uniquecounter\uniquecounter.sty
Package: uniquecounter 2019/12/15 v1.4 Provide unlimited unique counter (HO)
)
Package uniquecounter Info: New unique counter `rerunfilecheck' on input line 2
85.
)
\Hy@SectionHShift=\skip58
) (C:\Users\mr\AppData\Local\MiKTeX\tex/latex/local/physics\physics.sty
Package: physics 

(C:\Users\mr\AppData\Local\MiKTeX\tex/latex/l3packages/xparse\xparse.sty
(C:\Users\mr\AppData\Local\MiKTeX\tex/latex/l3kernel\expl3.sty
Package: expl3 2025-01-18 L3 programming layer (loader) 

(C:\Users\mr\AppData\Local\MiKTeX\tex/latex/l3backend\l3backend-pdftex.def
File: l3backend-pdftex.def 2024-05-08 L3 backend support: PDF output (pdfTeX)
\l__color_backend_stack_int=\count304
\l__pdf_internal_box=\box64
))
Package: xparse 2024-08-16 L3 Experimental document command parser
))
(C:/Users\mr\IdeaProjects\VAM\auxil\GR_in_3d.aux)
\openout1 = `GR_in_3d.aux'.

LaTeX Font Info:    Checking defaults for OML/cmm/m/it on input line 14.
LaTeX Font Info:    ... okay on input line 14.
LaTeX Font Info:    Checking defaults for OMS/cmsy/m/n on input line 14.
LaTeX Font Info:    ... okay on input line 14.
LaTeX Font Info:    Checking defaults for OT1/cmr/m/n on input line 14.
LaTeX Font Info:    ... okay on input line 14.
LaTeX Font Info:    Checking defaults for T1/cmr/m/n on input line 14.
LaTeX Font Info:    ... okay on input line 14.
LaTeX Font Info:    Checking defaults for TS1/cmr/m/n on input line 14.
LaTeX Font Info:    ... okay on input line 14.
LaTeX Font Info:    Checking defaults for OMX/cmex/m/n on input line 14.
LaTeX Font Info:    ... okay on input line 14.
LaTeX Font Info:    Checking defaults for U/cmr/m/n on input line 14.
LaTeX Font Info:    ... okay on input line 14.
LaTeX Font Info:    Checking defaults for PD1/pdf/m/n on input line 14.
LaTeX Font Info:    ... okay on input line 14.
LaTeX Font Info:    Checking defaults for PU/pdf/m/n on input line 14.
LaTeX Font Info:    ... okay on input line 14.
Class revtex4 Info: Unrecognized array package. Please update this document cla
ss! (Proceeding with fingers crossed.) on input line 14.
Class revtex4 Info: cite was not loaded (OK!) on input line 14.
Class revtex4 Info: multicol was not loaded (OK!) on input line 14.

(C:\Users\mr\AppData\Local\MiKTeX\tex/context/base/mkii\supp-pdf.mkii
[Loading MPS to PDF converter (version 2006.09.02).]
\scratchcounter=\count305
\scratchdimen=\dimen171
\scratchbox=\box65
\nofMPsegments=\count306
\nofMParguments=\count307
\everyMPshowfont=\toks26
\MPscratchCnt=\count308
\MPscratchDim=\dimen172
\MPnumerator=\count309
\makeMPintoPDFobject=\count310
\everyMPtoPDFconversion=\toks27
) (C:\Users\mr\AppData\Local\MiKTeX\tex/latex/epstopdf-pkg\epstopdf-base.sty
Package: epstopdf-base 2020-01-24 v2.11 Base part for package epstopdf
Package epstopdf-base Info: Redefining graphics rule for `.eps' on input line 4
85.

(C:\Users\mr\AppData\Local\MiKTeX\tex/latex/00miktex\epstopdf-sys.cfg
File: epstopdf-sys.cfg 2021/03/18 v2.0 Configuration of epstopdf for MiKTeX
))

Package hyperref Warning: Height of page (\paperheight) is invalid (0.0pt),
(hyperref)                using 11in.

Package hyperref Info: Link coloring OFF on input line 14.
(C:/Users\mr\IdeaProjects\VAM\auxil\GR_in_3d.out)
(C:/Users\mr\IdeaProjects\VAM\auxil\GR_in_3d.out)
\@outlinefile=\write3
\openout3 = `GR_in_3d.out'.

LaTeX Font Info:    Trying to load font information for U+msa on input line 32.


(C:\Users\mr\AppData\Local\MiKTeX\tex/latex/amsfonts\umsa.fd
File: umsa.fd 2013/01/14 v3.01 AMS symbols A
)
LaTeX Font Info:    Trying to load font information for U+msb on input line 32.


(C:\Users\mr\AppData\Local\MiKTeX\tex/latex/amsfonts\umsb.fd
File: umsb.fd 2013/01/14 v3.01 AMS symbols B
) [1{C:/Users/mr/AppData/Local/MiKTeX/fonts/map/pdftex/pdftex.map}] (01_.tex [2
]
<export/streamlinesDiPole.png, id=113, 867.24pt x 722.7pt>
File: export/streamlinesDiPole.png Graphic file (type png)
<use export/streamlinesDiPole.png>
Package pdftex.def Info: export/streamlinesDiPole.png  used on input line 9.
(pdftex.def)             Requested size: 397.80286pt x 331.5087pt.
 [3 <./export/streamlinesDiPole.png>]
<export/RadialProfileOfLocalTimeDilation_Radial_LocalTime_Dilation.png, id=122,
 722.7pt x 433.62pt>
File: export/RadialProfileOfLocalTimeDilation_Radial_LocalTime_Dilation.png Gra
phic file (type png)
<use export/RadialProfileOfLocalTimeDilation_Radial_LocalTime_Dilation.png>
Package pdftex.def Info: export/RadialProfileOfLocalTimeDilation_Radial_LocalTi
me_Dilation.png  used on input line 35.
(pdftex.def)             Requested size: 374.40143pt x 224.6434pt.
 [4 <./export/RadialProfileOfLocalTimeDilation_Radial_LocalTime_Dilation.png>]
<export/RadialProfileOfLocalTimeDilation_Vortex-Induced_Time_Well.png, id=133, 
578.16pt x 433.62pt>
File: export/RadialProfileOfLocalTimeDilation_Vortex-Induced_Time_Well.png Grap
hic file (type png)
<use export/RadialProfileOfLocalTimeDilation_Vortex-Induced_Time_Well.png>
Package pdftex.def Info: export/RadialProfileOfLocalTimeDilation_Vortex-Induced
_Time_Well.png  used on input line 57.
(pdftex.def)             Requested size: 374.40143pt x 280.79764pt.
 [5 <./export/RadialProfileOfLocalTimeDilation_Vortex-Induced_Time_Well.png>]) 
(02_.tex [6] [7]) (03_.tex [8])
(C:/Users\mr\IdeaProjects\VAM\auxil\GR_in_3d.bbl [9])
(appendix_01_DerivationTimeModulation.tex

appendix_01_DerivationTimeModulation.tex:6: LaTeX Error: Unicode character ↔ 
(U+2194)
               not set up for use with LaTeX.

See the LaTeX manual or LaTeX Companion for explanation.
Type  H <return>  for immediate help.
 ...                                              
                                                  
l.6     \item Charge ↔
                         twist or chirality of knot
You may provide a definition with
\DeclareUnicodeCharacter 


appendix_01_DerivationTimeModulation.tex:7: LaTeX Error: Unicode character ↔ 
(U+2194)
               not set up for use with LaTeX.

See the LaTeX manual or LaTeX Companion for explanation.
Type  H <return>  for immediate help.
 ...                                              
                                                  
l.7     \item Mass ↔
                       integrated vorticity energy
You may provide a definition with
\DeclareUnicodeCharacter 


appendix_01_DerivationTimeModulation.tex:8: LaTeX Error: Unicode character ↔ 
(U+2194)
               not set up for use with LaTeX.

See the LaTeX manual or LaTeX Companion for explanation.
Type  H <return>  for immediate help.
 ...                                              
                                                  
l.8     \item Spin ↔
                       knot helicity:
You may provide a definition with
\DeclareUnicodeCharacter 


appendix_01_DerivationTimeModulation.tex:14: LaTeX Error: Unicode character ↔
 (U+2194)
               not set up for use with LaTeX.

See the LaTeX manual or LaTeX Companion for explanation.
Type  H <return>  for immediate help.
 ...                                              
                                                  
l.14 Stability ↔
                   knot type (Hopf links, Trefoil, etc.) and energy minimiza...

You may provide a definition with
\DeclareUnicodeCharacter 

appendix_01_DerivationTimeModulation.tex:29: Misplaced alignment tab character 
&.
<argument> III. Thermodynamic &
                                Quantum Behavior from Vorticity Fluctuations
l.29 ...ntum Behavior from Vorticity Fluctuations}
                                                  
I can't figure out why you would want to use a tab mark
here. If you just want an ampersand, the remedy is
simple: Just type `I\&' now. But if some right brace
up above has ended a previous alignment prematurely,
you're probably due for more error messages, and you
might try typing `S' now just to see what is salvageable.


Package hyperref Warning: Token not allowed in a PDF string (Unicode):
(hyperref)                removing `alignment tab' on input line 29.

[10]) [11] (C:/Users\mr\IdeaProjects\VAM\auxil\GR_in_3d.aux)
 ***********
LaTeX2e <2024-11-01> patch level 2
L3 programming layer <2025-01-18>
 ***********


LaTeX Warning: Label(s) may have changed. Rerun to get cross-references right.

Package rerunfilecheck Info: File `GR_in_3d.out' has not changed.
(rerunfilecheck)             Checksum: 2BB52798E4842901FD23DA033DB893E2;4606.
 ) 
Here is how much of TeX's memory you used:
 12086 strings out of 473562
 180614 string characters out of 5721499
 593760 words of memory out of 5000000
 35058 multiletter control sequences out of 15000+600000
 568256 words of font info for 75 fonts, out of 8000000 for 9000
 1141 hyphenation exceptions out of 8191
 79i,11n,93p,640b,613s stack positions out of 10000i,1000n,20000p,200000b,200000s
 <C:\Users\mr\AppData\Local\MiKTeX\fonts/pk/ljfour/jknappen/ec/dpi600\tcrm120
0.pk><C:/Users/mr/AppData/Local/MiKTeX/fonts/type1/public/amsfonts/cm/cmbx10.pf
b><C:/Users/mr/AppData/Local/MiKTeX/fonts/type1/public/amsfonts/cm/cmbx12.pfb><
C:/Users/mr/AppData/Local/MiKTeX/fonts/type1/public/amsfonts/cm/cmex10.pfb><C:/
Users/mr/AppData/Local/MiKTeX/fonts/type1/public/amsfonts/cm/cmmi10.pfb><C:/Use
rs/mr/AppData/Local/MiKTeX/fonts/type1/public/amsfonts/cm/cmmi12.pfb><C:/Users/
mr/AppData/Local/MiKTeX/fonts/type1/public/amsfonts/cm/cmmi8.pfb><C:/Users/mr/A
ppData/Local/MiKTeX/fonts/type1/public/amsfonts/cm/cmr10.pfb><C:/Users/mr/AppDa
ta/Local/MiKTeX/fonts/type1/public/amsfonts/cm/cmr12.pfb><C:/Users/mr/AppData/L
ocal/MiKTeX/fonts/type1/public/amsfonts/cm/cmr8.pfb><C:/Users/mr/AppData/Local/
MiKTeX/fonts/type1/public/amsfonts/cm/cmsy10.pfb><C:/Users/mr/AppData/Local/MiK
TeX/fonts/type1/public/amsfonts/cm/cmsy7.pfb><C:/Users/mr/AppData/Local/MiKTeX/
fonts/type1/public/amsfonts/cm/cmsy8.pfb><C:/Users/mr/AppData/Local/MiKTeX/font
s/type1/public/amsfonts/cm/cmti10.pfb><C:/Users/mr/AppData/Local/MiKTeX/fonts/t
ype1/public/amsfonts/cm/cmti12.pfb><C:/Users/mr/AppData/Local/MiKTeX/fonts/type
1/public/amsfonts/cm/cmti8.pfb><C:/Users/mr/AppData/Local/MiKTeX/fonts/type1/pu
blic/amsfonts/symbols/msbm10.pfb>
Output written on C:/Users\mr\IdeaProjects\VAM\out\GR_in_3d.pdf (11 pages, 6727
73 bytes).
PDF statistics:
 299 PDF objects out of 1000 (max. 8388607)
 71 named destinations out of 1000 (max. 500000)
 176 words of extra memory for PDF output out of 10000 (max. 10000000)

