This is pdfTeX, Version 3.141592653-2.6-1.40.27 (MiKTeX 25.4 Portable) (preloaded format=latex 2025.7.9)  9 JUL 2025 10:32
entering extended mode
 restricted \write18 enabled.
 %&-line parsing enabled.
**./bibexport.ins
(bibexport.ins
LaTeX2e <2025-06-01> patch level 1
L3 programming layer <2025-06-09>
(C:\Users\mr\MiKTeX\tex/latex/base\docstrip.tex
\blockLevel=\count275
\emptyLines=\count276
\processedLines=\count277
\commentsRemoved=\count278
\commentsPassed=\count279
\codeLinesPassed=\count280
\TotalprocessedLines=\count281
\TotalcommentsRemoved=\count282
\TotalcommentsPassed=\count283
\TotalcodeLinesPassed=\count284
\NumberOfFiles=\count285
\inFile=\read2
\inputcheck=\read3
\off@0=\count286
\off@1=\count287
\off@2=\count288
\off@3=\count289
\off@4=\count290
\off@5=\count291
\off@6=\count292
\off@7=\count293
\off@8=\count294
\off@9=\count295
\off@10=\count296
\off@11=\count297
\off@12=\count298
\off@13=\count299
\off@14=\count300
\off@15=\count301
\@maxfiles=\count302
\@maxoutfiles=\count303

Utility: `docstrip' v2.6c <2024-12-23>
English documentation    <2024-12-23>

**********************************************************
* This program converts documented macro-files into fast *
* loadable files by stripping off (nearly) all comments! *
**********************************************************

********************************************************
* No Configuration file found, using default settings. *
********************************************************

) File ./bibexport.sh already exists on the system.
Overwrite it? [y/n]
\answer=y

Generating file(s) ./bibexport.sh 
\openout0 = `./bibexport.sh'.


Processing file bibexport.dtx (script) -> bibexport.sh
% % % <*driver . . . . . . . . . . . . . . . . > % % % % % % % % % % % % % % %
% % % % % % % % % % % % % % % % % % % % % % % % % % % % % % % % % % % % % % %
% % % % % % % % % % % % % % % % % % % % % % % % % % % % % % % % % % % % % % %
% % % % % % % % % % % % % % % % % % % % % % % % % % % % % % % % % % % % % % %
% % % % % % % % % <*script . . . . . . . . . . . > % % % % % % <*script . . .
. . . . . . . . . . . . . . . . . . . . . . . . > % % % % % % % <*script . . .
. . . . > % % % % % % % % % % % % % % % % % % % % % % % % % % % % % % % % % %
% % % % % % % % % % % % <*script . . . . . . . . . . . . . . . . . . . . . . .
. . . . . . . . . . . . . . . . . > % % % % % % % % % % % % % % % % % % % % %
% % % % % <*script . . . . > % % % % <*script . . > % % % % % <*script . . . .
. . > % % % % % <*script . . . . . . . . . . > % % % % % <*script . . . . . .
> % % % % % % <*script . . . . . . . . . . . . . . . > % % % % % <*script . .
. . . . . . . . . . > % % % % <*script . . . . . . . . . . . . > % % %
<*script . . . . . . . . . . . > % % % % % <*script . . . . . . . . > % % % %
<*script . . . . . > % % % % % <*script . . . . . . . . . . . . > % % %
<*script . . > % % % % <*script . . . > % % % % <*script . . . > % % %
<*script . . . > % % % <*script . . > % % % % <*script . . . . . . . . . . . .
. . . . > % % % % <*script . . > % % % % % % <*script . . . . . > % % % % % %
% % % % % % <*script . . . . . . . . . . . . . . . . . . . . . . . . . . . . .
. . > % % % % % % <*script . . . . . . . . . . . . . . . . . . . . . . . . . .
. . . . . . . . . . . . . . . . . . . . . . . . . . > % % % % % % % % % %
<*expkeys . . . . . . . > % % % % % % % % % % % % % % % <*expcites . . . . . .
. > % % % % % % % % % % % % % <*expcites . > % % % % % % % % % <*expcites . .
. . . . . . . . . . . . . . . . > % % % % % % % % % % % % <*expcites . . . . .
. . . . . . . . . . . . . . . . . . . . . . . . . . . . . . . . . > % % % % %
% % % % % % % % % <*expcites . . . . . . . . . . . . . . . . . . . . . . . . .
. . . . . . . . . . . . . . . . . . . . . . . . . . . . . . . . . . . . . . .
. > % % % % % % % % % % % % <*expcites . . . . . . . . . . . . . . . . . . . .
> % % % % % % % % % % % % % % % <*export . . . . . . . % % > % % % % % % % % %
% % % % % <*export . % . . . . . . . . . . . . . . . . . . . . . . % . . . . .
. . . . . . . . . > % % % % % % % % % % <*export . . . . . . . . . . . . . . .
. . . > % % % % % % % % % % % % % % <*export . . . . . . . . . . . . . . . . .
. . . . . . . . . . . . . . . . . . . . . . . . . . . . . . . . . . . . . . .
. . . . . . . . . . . . . . . . . . . . . . . . . . . . . . . . . . > % % % %
% % % % % % % % % % <*export . . . . . . . . . . . . . . . . . . . . . . . . .
. . . . . . . . . . . . . . . . . . . . . . . . . . . . . . . . . . . . . . .
. . . . . . . . . . . . . . . . . . . > % % % % % % % % % % % % % % % %
<*export . . . . . . . . . . . . . . . . . . . . . . . . . . . . . . . . . . .
. . . . . . . . . . . . . . . . . . . . . . . . . . . . . . . . . . . . . . .
. . . . . . . . . . . . > % % % % % % % % % % % % % % % <*export . . . . . . .
. . . . . . . . . . . . . . . . . . . . . . . . . . . . . . . . . . . . . . .
. . . . . . . > % % % % % % % % % % % % % % % <*export . . . . . . . . . . . .
. . . . . . . . . . . . . % % % % % % . . . . . . . . . . . . . . . . . . . .
. . . . . . . . . > % % % % % % % % % % <*export . . . . . > % % %
File bibexport.dtx ended by \endinput.
Lines  processed: 1568
Comments removed: 550
Comments  passed: 20
Codelines passed: 912

File ./expkeys.bst already exists on the system.
Overwrite it? [y/n]
\answer=y
File ./expcites.bst already exists on the system.
Overwrite it? [y/n]
\answer=y
File ./export.bst already exists on the system.
Overwrite it? [y/n]
\answer=y

Generating file(s) ./expkeys.bst ./expcites.bst ./export.bst 
\openout0 = `./expkeys.bst'.

\openout1 = `./expcites.bst'.

\openout2 = `./export.bst'.


Processing file bibexport.dtx (expkeys) -> expkeys.bst
                              (expcites) -> expcites.bst
                              (export) -> export.bst
% % % <*driver . . . . . . . . . . . . . . . . > % % % % % % % % % % % % % % %
% % % % % % % % % % % % % % % % % % % % % % % % % % % % % % % % % % % % % % %
% % % % % % % % % % % % % % % % % % % % % % % % % % % % % % % % % % % % % % %
% % % % % % % % % % % % % % % % % % % % % % % % % % % % % % % % % % % % % % %
% % % % % % % % % <*script . . . . . . . . . . . > % % % % % % <*script . . .
. . . . . . . . . . . . . . . . . . . . . . . . > % % % % % % % <*script . . .
. . . . > % % % % % % % % % % % % % % % % % % % % % % % % % % % % % % % % % %
% % % % % % % % % % % % <*script . . . . . . . . . . . . . . . . . . . . . . .
. . . . . . . . . . . . . . . . . > % % % % % % % % % % % % % % % % % % % % %
% % % % % <*script . . . . > % % % % <*script . . > % % % % % <*script . . . .
. . > % % % % % <*script . . . . . . . . . . > % % % % % <*script . . . . . .
> % % % % % % <*script . . . . . . . . . . . . . . . > % % % % % <*script . .
. . . . . . . . . . > % % % % <*script . . . . . . . . . . . . > % % %
<*script . . . . . . . . . . . > % % % % % <*script . . . . . . . . > % % % %
<*script . . . . . > % % % % % <*script . . . . . . . . . . . . > % % %
<*script . . > % % % % <*script . . . > % % % % <*script . . . > % % %
<*script . . . > % % % <*script . . > % % % % <*script . . . . . . . . . . . .
. . . . > % % % % <*script . . > % % % % % % <*script . . . . . > % % % % % %
% % % % % % <*script . . . . . . . . . . . . . . . . . . . . . . . . . . . . .
. . > % % % % % % <*script . . . . . . . . . . . . . . . . . . . . . . . . . .
. . . . . . . . . . . . . . . . . . . . . . . . . . > % % % % % % % % % %
<*expkeys . . . . . . . > % % % % % % % % % % % % % % % <*expcites . . . . . .
. > % % % % % % % % % % % % % <*expcites . > % % % % % % % % % <*expcites . .
. . . . . . . . . . . . . . . . > % % % % % % % % % % % % <*expcites . . . . .
. . . . . . . . . . . . . . . . . . . . . . . . . . . . . . . . . > % % % % %
% % % % % % % % % <*expcites . . . . . . . . . . . . . . . . . . . . . . . . .
. . . . . . . . . . . . . . . . . . . . . . . . . . . . . . . . . . . . . . .
. > % % % % % % % % % % % % <*expcites . . . . . . . . . . . . . . . . . . . .
> % % % % % % % % % % % % % % % <*export . . . . . . . % % > % % % % % % % % %
% % % % % <*export . % . . . . . . . . . . . . . . . . . . . . . . % . . . . .
. . . . . . . . . > % % % % % % % % % % <*export . . . . . . . . . . . . . . .
. . . > % % % % % % % % % % % % % % <*export . . . . . . . . . . . . . . . . .
. . . . . . . . . . . . . . . . . . . . . . . . . . . . . . . . . . . . . . .
. . . . . . . . . . . . . . . . . . . . . . . . . . . . . . . . . . > % % % %
% % % % % % % % % % <*export . . . . . . . . . . . . . . . . . . . . . . . . .
. . . . . . . . . . . . . . . . . . . . . . . . . . . . . . . . . . . . . . .
. . . . . . . . . . . . . . . . . . . > % % % % % % % % % % % % % % % %
<*export . . . . . . . . . . . . . . . . . . . . . . . . . . . . . . . . . . .
. . . . . . . . . . . . . . . . . . . . . . . . . . . . . . . . . . . . . . .
. . . . . . . . . . . . > % % % % % % % % % % % % % % % <*export . . . . . . .
. . . . . . . . . . . . . . . . . . . . . . . . . . . . . . . . . . . . . . .
. . . . . . . > % % % % % % % % % % % % % % % <*export . . . . . . . . . . . .
. . . . . . . . . . . . . % % % % % % . . . . . . . . . . . . . . . . . . . .
. . . . . . . . . > % % % % % % % % % % <*export . . . . . > % % %
File bibexport.dtx ended by \endinput.
Lines  processed: 1568
Comments removed: 550
Comments  passed: 20
Codelines passed: 912

** To finish the installation, put all three .bst files in
** a place where BibTeX can find them, put the shell script
** where your shell can find it, and make it executable.
** Run ``pdflatex bibexport.dtx'' to compile the documentation.
 ) 
Here is how much of TeX's memory you used:
 361 strings out of 468222
 3843 string characters out of 5445501
 425018 words of memory out of 5000000
 28980 multiletter control sequences out of 15000+600000
 626825 words of font info for 40 fonts, out of 8000000 for 9000
 1141 hyphenation exceptions out of 8191
 12i,0n,15p,182b,127s stack positions out of 10000i,1000n,20000p,200000b,200000s

No pages of output.
